ERROR 2020-07-08 18:57:07,250 exception 74 Invalid HTTP_HOST header: '127.0.0.1:9001'. You may need to add '127.0.0.1' to ALLOWED_HOSTS.
WARNING 2020-07-08 18:57:07,381 basehttp 124 "GET / HTTP/1.1" 400 70994
ERROR 2020-07-08 18:57:07,599 exception 74 Invalid HTTP_HOST header: '127.0.0.1:9001'. You may need to add '127.0.0.1' to ALLOWED_HOSTS.
WARNING 2020-07-08 18:57:07,645 basehttp 124 "GET /favicon.ico HTTP/1.1" 400 70907
WARNING 2020-07-08 19:01:47,321 base 93 Not Found: /
WARNING 2020-07-08 19:01:47,323 basehttp 124 "GET / HTTP/1.1" 404 2039
WARNING 2020-07-08 19:01:47,397 base 93 Not Found: /favicon.ico
WARNING 2020-07-08 19:01:47,397 basehttp 124 "GET /favicon.ico HTTP/1.1" 404 2090
WARNING 2020-07-08 19:02:07,500 base 93 Not Found: /
WARNING 2020-07-08 19:02:07,502 basehttp 124 "GET / HTTP/1.1" 404 2030
WARNING 2020-07-08 19:02:07,584 base 93 Not Found: /favicon.ico
WARNING 2020-07-08 19:02:07,585 basehttp 124 "GET /favicon.ico HTTP/1.1" 404 2081
INFO 2020-07-08 19:02:18,391 basehttp 124 "GET /x-admin/ HTTP/1.1" 200 4375
INFO 2020-07-08 19:02:18,419 basehttp 124 "GET /static/xadmin/vendor/bootstrap/css/bootstrap.css HTTP/1.1" 200 126432
INFO 2020-07-08 19:02:18,423 basehttp 124 "GET /static/xadmin/css/themes/bootstrap-xadmin.css HTTP/1.1" 200 1888
INFO 2020-07-08 19:02:18,437 basehttp 124 "GET /static/xadmin/vendor/font-awesome/css/font-awesome.css HTTP/1.1" 200 21658
INFO 2020-07-08 19:02:18,438 basehttp 124 "GET /static/xadmin/css/xadmin.main.css HTTP/1.1" 200 8376
INFO 2020-07-08 19:02:18,438 basehttp 124 "GET /static/xadmin/css/xadmin.plugins.css HTTP/1.1" 200 175
INFO 2020-07-08 19:02:18,439 basehttp 124 "GET /static/xadmin/css/xadmin.responsive.css HTTP/1.1" 200 4361
INFO 2020-07-08 19:02:18,456 basehttp 124 "GET /static/xadmin/vendor/jquery-ui/jquery.ui.widget.js HTTP/1.1" 200 15069
INFO 2020-07-08 19:02:18,460 basehttp 124 "GET /x-admin/jsi18n/ HTTP/1.1" 200 4382
INFO 2020-07-08 19:02:18,460 basehttp 124 "GET /static/xadmin/js/xadmin.main.js HTTP/1.1" 200 3401
INFO 2020-07-08 19:02:18,461 basehttp 124 "GET /static/xadmin/vendor/jquery-ui/jquery.ui.mouse.js HTTP/1.1" 200 4561
INFO 2020-07-08 19:02:18,462 basehttp 124 "GET /static/xadmin/js/xadmin.responsive.js HTTP/1.1" 200 4165
INFO 2020-07-08 19:02:18,467 basehttp 124 "GET /static/xadmin/vendor/jquery-ui/jquery.ui.core.js HTTP/1.1" 200 8195
INFO 2020-07-08 19:02:18,473 basehttp 124 "GET /static/xadmin/js/xadmin.plugin.themes.js HTTP/1.1" 200 3489
INFO 2020-07-08 19:02:18,477 basehttp 124 "GET /static/xadmin/vendor/jquery/jquery.js HTTP/1.1" 200 240196
INFO 2020-07-08 19:02:18,479 basehttp 124 "GET /static/xadmin/vendor/jquery-ui/jquery.ui.effect.js HTTP/1.1" 200 31918
INFO 2020-07-08 19:02:18,479 basehttp 124 "GET /static/xadmin/vendor/bootstrap/js/bootstrap.js HTTP/1.1" 200 58327
INFO 2020-07-08 19:02:18,480 basehttp 124 "GET /static/xadmin/vendor/jquery-ui/jquery.ui.sortable.js HTTP/1.1" 200 42543
INFO 2020-07-08 19:02:18,553 basehttp 124 "GET /static/xadmin/vendor/font-awesome/fonts/fontawesome-webfont.woff?v=4.0.3 HTTP/1.1" 200 44432
INFO 2020-07-08 19:06:31,244 basehttp 124 "GET /x-admin/ HTTP/1.1" 200 4375
INFO 2020-07-08 19:06:31,282 basehttp 124 "GET /static/xadmin/css/themes/bootstrap-xadmin.css HTTP/1.1" 304 0
INFO 2020-07-08 19:06:31,285 basehttp 124 "GET /x-admin/jsi18n/ HTTP/1.1" 200 4382
INFO 2020-07-08 19:06:31,286 basehttp 124 "GET /static/xadmin/vendor/bootstrap/css/bootstrap.css HTTP/1.1" 304 0
INFO 2020-07-08 19:06:31,292 basehttp 124 "GET /static/xadmin/vendor/font-awesome/css/font-awesome.css HTTP/1.1" 304 0
INFO 2020-07-08 19:06:31,293 basehttp 124 "GET /static/xadmin/css/xadmin.main.css HTTP/1.1" 304 0
INFO 2020-07-08 19:06:31,297 basehttp 124 "GET /static/xadmin/css/xadmin.plugins.css HTTP/1.1" 304 0
INFO 2020-07-08 19:06:31,299 basehttp 124 "GET /static/xadmin/css/xadmin.responsive.css HTTP/1.1" 304 0
INFO 2020-07-08 19:06:31,303 basehttp 124 "GET /static/xadmin/vendor/jquery-ui/jquery.ui.core.js HTTP/1.1" 304 0
INFO 2020-07-08 19:06:31,307 basehttp 124 "GET /static/xadmin/vendor/jquery-ui/jquery.ui.mouse.js HTTP/1.1" 304 0
INFO 2020-07-08 19:06:31,313 basehttp 124 "GET /static/xadmin/js/xadmin.main.js HTTP/1.1" 304 0
INFO 2020-07-08 19:06:31,314 basehttp 124 "GET /static/xadmin/vendor/bootstrap/js/bootstrap.js HTTP/1.1" 304 0
INFO 2020-07-08 19:06:31,316 basehttp 124 "GET /static/xadmin/vendor/jquery-ui/jquery.ui.effect.js HTTP/1.1" 304 0
INFO 2020-07-08 19:06:31,319 basehttp 124 "GET /static/xadmin/vendor/jquery/jquery.js HTTP/1.1" 304 0
INFO 2020-07-08 19:06:31,322 basehttp 124 "GET /static/xadmin/js/xadmin.responsive.js HTTP/1.1" 304 0
INFO 2020-07-08 19:06:31,332 basehttp 124 "GET /static/xadmin/js/xadmin.plugin.themes.js HTTP/1.1" 304 0
INFO 2020-07-08 19:06:31,333 basehttp 124 "GET /static/xadmin/vendor/jquery-ui/jquery.ui.sortable.js HTTP/1.1" 304 0
INFO 2020-07-08 19:06:31,334 basehttp 124 "GET /static/xadmin/vendor/jquery-ui/jquery.ui.widget.js HTTP/1.1" 304 0
INFO 2020-07-08 19:06:31,377 basehttp 124 "GET /static/xadmin/vendor/font-awesome/fonts/fontawesome-webfont.woff?v=4.0.3 HTTP/1.1" 304 0
INFO 2020-07-08 19:06:34,437 basehttp 124 "POST /x-admin/ HTTP/1.1" 302 0
ERROR 2020-07-08 19:06:34,440 basehttp 124 "POST /x-admin/ HTTP/1.1" 500 59
INFO 2020-07-08 19:06:41,393 basehttp 124 "POST /x-admin/ HTTP/1.1" 302 0
INFO 2020-07-08 19:07:08,419 basehttp 124 "GET /x-admin/ HTTP/1.1" 200 14839
ERROR 2020-07-08 19:07:08,421 basehttp 124 "GET /x-admin/ HTTP/1.1" 500 59
INFO 2020-07-08 19:07:12,333 basehttp 124 "GET /x-admin/ HTTP/1.1" 200 14839
INFO 2020-07-08 19:07:12,389 basehttp 124 "GET /static/xadmin/css/xadmin.page.dashboard.css HTTP/1.1" 200 790
INFO 2020-07-08 19:07:12,454 basehttp 124 "GET /static/xadmin/js/xadmin.page.dashboard.js HTTP/1.1" 200 3208
INFO 2020-07-08 19:07:12,456 basehttp 124 "GET /static/xadmin/js/xadmin.plugin.portal.js HTTP/1.1" 200 1000
INFO 2020-07-08 19:07:16,410 basehttp 124 "GET /x-admin/jsi18n/ HTTP/1.1" 200 7684
INFO 2020-07-08 19:07:26,896 basehttp 124 "POST /x-admin/settings/user HTTP/1.1" 200 0
INFO 2020-07-08 19:07:26,909 basehttp 124 "GET /static/xadmin/css/themes/bootstrap-theme.css HTTP/1.1" 200 19791
INFO 2020-07-08 19:07:40,566 basehttp 124 "POST /x-admin/settings/user HTTP/1.1" 200 0
INFO 2020-07-08 19:07:55,814 basehttp 124 "POST /x-admin/settings/user HTTP/1.1" 200 0
INFO 2020-07-08 19:08:53,144 basehttp 124 "GET /x-admin/ HTTP/1.1" 200 13299
INFO 2020-07-08 19:08:57,209 basehttp 124 "GET /x-admin/jsi18n/ HTTP/1.1" 200 7684
ERROR 2020-07-08 19:09:07,744 exception 118 Internal Server Error: /x-admin/home/banner/
Traceback (most recent call last):
  File "E:\python\web_develop\Djangofiles\Django_venv\lib\site-packages\django\db\models\options.py", line 566, in get_field
    return self.fields_map[field_name]
KeyError: 'orders'

During handling of the above exception, another exception occurred:

Traceback (most recent call last):
  File "E:\python\web_develop\Djangofiles\Django_venv\lib\site-packages\django\contrib\admin\utils.py", line 330, in label_for_field
    field = _get_non_gfk_field(model._meta, name)
  File "E:\python\web_develop\Djangofiles\Django_venv\lib\site-packages\django\contrib\admin\utils.py", line 307, in _get_non_gfk_field
    field = opts.get_field(name)
  File "E:\python\web_develop\Djangofiles\Django_venv\lib\site-packages\django\db\models\options.py", line 568, in get_field
    raise FieldDoesNotExist("%s has no field named '%s'" % (self.object_name, field_name))
django.core.exceptions.FieldDoesNotExist: Banner has no field named 'orders'

During handling of the above exception, another exception occurred:

Traceback (most recent call last):
  File "E:\python\web_develop\Djangofiles\Django_venv\lib\site-packages\django\core\handlers\exception.py", line 35, in inner
    response = get_response(request)
  File "E:\python\web_develop\Djangofiles\Django_venv\lib\site-packages\django\core\handlers\base.py", line 128, in _get_response
    response = self.process_exception_by_middleware(e, request)
  File "E:\python\web_develop\Djangofiles\Django_venv\lib\site-packages\django\core\handlers\base.py", line 126, in _get_response
    response = wrapped_callback(request, *callback_args, **callback_kwargs)
  File "E:\python\web_develop\Djangofiles\Django_venv\lib\site-packages\xadmin\sites.py", line 300, in wrapper
    return self.admin_view(view, cacheable)(*args, **kwargs)
  File "E:\python\web_develop\Djangofiles\Django_venv\lib\site-packages\django\views\decorators\cache.py", line 44, in _wrapped_view_func
    response = view_func(request, *args, **kwargs)
  File "E:\python\web_develop\Djangofiles\Django_venv\lib\site-packages\xadmin\sites.py", line 208, in inner
    return view(request, *args, **kwargs)
  File "E:\python\web_develop\Djangofiles\Django_venv\lib\site-packages\xadmin\views\base.py", line 282, in view
    return handler(request, *args, **kwargs)
  File "E:\python\web_develop\Djangofiles\Django_venv\lib\site-packages\django\utils\decorators.py", line 62, in _wrapper
    return bound_func(*args, **kwargs)
  File "E:\python\web_develop\Djangofiles\Django_venv\lib\site-packages\django\utils\decorators.py", line 142, in _wrapped_view
    response = view_func(request, *args, **kwargs)
  File "E:\python\web_develop\Djangofiles\Django_venv\lib\site-packages\django\utils\decorators.py", line 58, in bound_func
    return func.__get__(self, type(self))(*args2, **kwargs2)
  File "E:\python\web_develop\Djangofiles\Django_venv\lib\site-packages\xadmin\views\base.py", line 80, in method
    return filter_chain(filters, len(filters) - 1, _inner_method, *args, **kwargs)
  File "E:\python\web_develop\Djangofiles\Django_venv\lib\site-packages\xadmin\views\base.py", line 49, in filter_chain
    return func()
  File "E:\python\web_develop\Djangofiles\Django_venv\lib\site-packages\xadmin\views\base.py", line 74, in _inner_method
    return func(self, *args, **kwargs)
  File "E:\python\web_develop\Djangofiles\Django_venv\lib\site-packages\xadmin\views\list.py", line 405, in get
    context = self.get_context()
  File "E:\python\web_develop\Djangofiles\Django_venv\lib\site-packages\xadmin\views\base.py", line 80, in method
    return filter_chain(filters, len(filters) - 1, _inner_method, *args, **kwargs)
  File "E:\python\web_develop\Djangofiles\Django_venv\lib\site-packages\xadmin\views\base.py", line 63, in filter_chain
    return filter_chain(filters, token - 1, _inner_method, *args, **kwargs)
  File "E:\python\web_develop\Djangofiles\Django_venv\lib\site-packages\xadmin\views\base.py", line 63, in filter_chain
    return filter_chain(filters, token - 1, _inner_method, *args, **kwargs)
  File "E:\python\web_develop\Djangofiles\Django_venv\lib\site-packages\xadmin\views\base.py", line 63, in filter_chain
    return filter_chain(filters, token - 1, _inner_method, *args, **kwargs)
  [Previous line repeated 1 more time]
  File "E:\python\web_develop\Djangofiles\Django_venv\lib\site-packages\xadmin\views\base.py", line 49, in filter_chain
    return func()
  File "E:\python\web_develop\Djangofiles\Django_venv\lib\site-packages\xadmin\views\base.py", line 62, in _inner_method
    return fm(func if fargs[1] == '__' else func(), *args, **kwargs)
  File "E:\python\web_develop\Djangofiles\Django_venv\lib\site-packages\xadmin\views\base.py", line 62, in _inner_method
    return fm(func if fargs[1] == '__' else func(), *args, **kwargs)
  File "E:\python\web_develop\Djangofiles\Django_venv\lib\site-packages\xadmin\views\base.py", line 62, in _inner_method
    return fm(func if fargs[1] == '__' else func(), *args, **kwargs)
  [Previous line repeated 1 more time]
  File "E:\python\web_develop\Djangofiles\Django_venv\lib\site-packages\xadmin\views\base.py", line 74, in _inner_method
    return func(self, *args, **kwargs)
  File "E:\python\web_develop\Djangofiles\Django_venv\lib\site-packages\xadmin\views\list.py", line 384, in get_context
    'result_headers': self.result_headers(),
  File "E:\python\web_develop\Djangofiles\Django_venv\lib\site-packages\xadmin\views\base.py", line 80, in method
    return filter_chain(filters, len(filters) - 1, _inner_method, *args, **kwargs)
  File "E:\python\web_develop\Djangofiles\Django_venv\lib\site-packages\xadmin\views\base.py", line 49, in filter_chain
    return func()
  File "E:\python\web_develop\Djangofiles\Django_venv\lib\site-packages\xadmin\views\base.py", line 74, in _inner_method
    return func(self, *args, **kwargs)
  File "E:\python\web_develop\Djangofiles\Django_venv\lib\site-packages\xadmin\views\list.py", line 524, in result_headers
    field_name, row) for field_name in self.list_display]
  File "E:\python\web_develop\Djangofiles\Django_venv\lib\site-packages\xadmin\views\list.py", line 524, in <listcomp>
    field_name, row) for field_name in self.list_display]
  File "E:\python\web_develop\Djangofiles\Django_venv\lib\site-packages\xadmin\views\base.py", line 80, in method
    return filter_chain(filters, len(filters) - 1, _inner_method, *args, **kwargs)
  File "E:\python\web_develop\Djangofiles\Django_venv\lib\site-packages\xadmin\views\base.py", line 63, in filter_chain
    return filter_chain(filters, token - 1, _inner_method, *args, **kwargs)
  File "E:\python\web_develop\Djangofiles\Django_venv\lib\site-packages\xadmin\views\base.py", line 49, in filter_chain
    return func()
  File "E:\python\web_develop\Djangofiles\Django_venv\lib\site-packages\xadmin\views\base.py", line 62, in _inner_method
    return fm(func if fargs[1] == '__' else func(), *args, **kwargs)
  File "E:\python\web_develop\Djangofiles\Django_venv\lib\site-packages\xadmin\views\base.py", line 74, in _inner_method
    return func(self, *args, **kwargs)
  File "E:\python\web_develop\Djangofiles\Django_venv\lib\site-packages\xadmin\views\list.py", line 441, in result_header
    return_attr=True
  File "E:\python\web_develop\Djangofiles\Django_venv\lib\site-packages\django\contrib\admin\utils.py", line 351, in label_for_field
    raise AttributeError(message)
AttributeError: Unable to lookup 'orders' on Banner or homebannerAdminListAdminViewModelAdminViewGlobalSettingsCommAdminViewBaseSettingBaseAdminViewBaseAdminObjectViewobject
ERROR 2020-07-08 19:09:07,930 basehttp 124 "GET /x-admin/home/banner/ HTTP/1.1" 500 256215
INFO 2020-07-08 19:09:26,653 basehttp 124 "GET /x-admin/ HTTP/1.1" 200 13299
ERROR 2020-07-08 19:09:35,971 exception 118 Internal Server Error: /x-admin/home/banner/
Traceback (most recent call last):
  File "E:\python\web_develop\Djangofiles\Django_venv\lib\site-packages\django\db\models\options.py", line 566, in get_field
    return self.fields_map[field_name]
KeyError: 'orders'

During handling of the above exception, another exception occurred:

Traceback (most recent call last):
  File "E:\python\web_develop\Djangofiles\Django_venv\lib\site-packages\django\contrib\admin\utils.py", line 330, in label_for_field
    field = _get_non_gfk_field(model._meta, name)
  File "E:\python\web_develop\Djangofiles\Django_venv\lib\site-packages\django\contrib\admin\utils.py", line 307, in _get_non_gfk_field
    field = opts.get_field(name)
  File "E:\python\web_develop\Djangofiles\Django_venv\lib\site-packages\django\db\models\options.py", line 568, in get_field
    raise FieldDoesNotExist("%s has no field named '%s'" % (self.object_name, field_name))
django.core.exceptions.FieldDoesNotExist: Banner has no field named 'orders'

During handling of the above exception, another exception occurred:

Traceback (most recent call last):
  File "E:\python\web_develop\Djangofiles\Django_venv\lib\site-packages\django\core\handlers\exception.py", line 35, in inner
    response = get_response(request)
  File "E:\python\web_develop\Djangofiles\Django_venv\lib\site-packages\django\core\handlers\base.py", line 128, in _get_response
    response = self.process_exception_by_middleware(e, request)
  File "E:\python\web_develop\Djangofiles\Django_venv\lib\site-packages\django\core\handlers\base.py", line 126, in _get_response
    response = wrapped_callback(request, *callback_args, **callback_kwargs)
  File "E:\python\web_develop\Djangofiles\Django_venv\lib\site-packages\xadmin\sites.py", line 300, in wrapper
    return self.admin_view(view, cacheable)(*args, **kwargs)
  File "E:\python\web_develop\Djangofiles\Django_venv\lib\site-packages\django\views\decorators\cache.py", line 44, in _wrapped_view_func
    response = view_func(request, *args, **kwargs)
  File "E:\python\web_develop\Djangofiles\Django_venv\lib\site-packages\xadmin\sites.py", line 208, in inner
    return view(request, *args, **kwargs)
  File "E:\python\web_develop\Djangofiles\Django_venv\lib\site-packages\xadmin\views\base.py", line 282, in view
    return handler(request, *args, **kwargs)
  File "E:\python\web_develop\Djangofiles\Django_venv\lib\site-packages\django\utils\decorators.py", line 62, in _wrapper
    return bound_func(*args, **kwargs)
  File "E:\python\web_develop\Djangofiles\Django_venv\lib\site-packages\django\utils\decorators.py", line 142, in _wrapped_view
    response = view_func(request, *args, **kwargs)
  File "E:\python\web_develop\Djangofiles\Django_venv\lib\site-packages\django\utils\decorators.py", line 58, in bound_func
    return func.__get__(self, type(self))(*args2, **kwargs2)
  File "E:\python\web_develop\Djangofiles\Django_venv\lib\site-packages\xadmin\views\base.py", line 80, in method
    return filter_chain(filters, len(filters) - 1, _inner_method, *args, **kwargs)
  File "E:\python\web_develop\Djangofiles\Django_venv\lib\site-packages\xadmin\views\base.py", line 49, in filter_chain
    return func()
  File "E:\python\web_develop\Djangofiles\Django_venv\lib\site-packages\xadmin\views\base.py", line 74, in _inner_method
    return func(self, *args, **kwargs)
  File "E:\python\web_develop\Djangofiles\Django_venv\lib\site-packages\xadmin\views\list.py", line 405, in get
    context = self.get_context()
  File "E:\python\web_develop\Djangofiles\Django_venv\lib\site-packages\xadmin\views\base.py", line 80, in method
    return filter_chain(filters, len(filters) - 1, _inner_method, *args, **kwargs)
  File "E:\python\web_develop\Djangofiles\Django_venv\lib\site-packages\xadmin\views\base.py", line 63, in filter_chain
    return filter_chain(filters, token - 1, _inner_method, *args, **kwargs)
  File "E:\python\web_develop\Djangofiles\Django_venv\lib\site-packages\xadmin\views\base.py", line 63, in filter_chain
    return filter_chain(filters, token - 1, _inner_method, *args, **kwargs)
  File "E:\python\web_develop\Djangofiles\Django_venv\lib\site-packages\xadmin\views\base.py", line 63, in filter_chain
    return filter_chain(filters, token - 1, _inner_method, *args, **kwargs)
  [Previous line repeated 1 more time]
  File "E:\python\web_develop\Djangofiles\Django_venv\lib\site-packages\xadmin\views\base.py", line 49, in filter_chain
    return func()
  File "E:\python\web_develop\Djangofiles\Django_venv\lib\site-packages\xadmin\views\base.py", line 62, in _inner_method
    return fm(func if fargs[1] == '__' else func(), *args, **kwargs)
  File "E:\python\web_develop\Djangofiles\Django_venv\lib\site-packages\xadmin\views\base.py", line 62, in _inner_method
    return fm(func if fargs[1] == '__' else func(), *args, **kwargs)
  File "E:\python\web_develop\Djangofiles\Django_venv\lib\site-packages\xadmin\views\base.py", line 62, in _inner_method
    return fm(func if fargs[1] == '__' else func(), *args, **kwargs)
  [Previous line repeated 1 more time]
  File "E:\python\web_develop\Djangofiles\Django_venv\lib\site-packages\xadmin\views\base.py", line 74, in _inner_method
    return func(self, *args, **kwargs)
  File "E:\python\web_develop\Djangofiles\Django_venv\lib\site-packages\xadmin\views\list.py", line 384, in get_context
    'result_headers': self.result_headers(),
  File "E:\python\web_develop\Djangofiles\Django_venv\lib\site-packages\xadmin\views\base.py", line 80, in method
    return filter_chain(filters, len(filters) - 1, _inner_method, *args, **kwargs)
  File "E:\python\web_develop\Djangofiles\Django_venv\lib\site-packages\xadmin\views\base.py", line 49, in filter_chain
    return func()
  File "E:\python\web_develop\Djangofiles\Django_venv\lib\site-packages\xadmin\views\base.py", line 74, in _inner_method
    return func(self, *args, **kwargs)
  File "E:\python\web_develop\Djangofiles\Django_venv\lib\site-packages\xadmin\views\list.py", line 524, in result_headers
    field_name, row) for field_name in self.list_display]
  File "E:\python\web_develop\Djangofiles\Django_venv\lib\site-packages\xadmin\views\list.py", line 524, in <listcomp>
    field_name, row) for field_name in self.list_display]
  File "E:\python\web_develop\Djangofiles\Django_venv\lib\site-packages\xadmin\views\base.py", line 80, in method
    return filter_chain(filters, len(filters) - 1, _inner_method, *args, **kwargs)
  File "E:\python\web_develop\Djangofiles\Django_venv\lib\site-packages\xadmin\views\base.py", line 63, in filter_chain
    return filter_chain(filters, token - 1, _inner_method, *args, **kwargs)
  File "E:\python\web_develop\Djangofiles\Django_venv\lib\site-packages\xadmin\views\base.py", line 49, in filter_chain
    return func()
  File "E:\python\web_develop\Djangofiles\Django_venv\lib\site-packages\xadmin\views\base.py", line 62, in _inner_method
    return fm(func if fargs[1] == '__' else func(), *args, **kwargs)
  File "E:\python\web_develop\Djangofiles\Django_venv\lib\site-packages\xadmin\views\base.py", line 74, in _inner_method
    return func(self, *args, **kwargs)
  File "E:\python\web_develop\Djangofiles\Django_venv\lib\site-packages\xadmin\views\list.py", line 441, in result_header
    return_attr=True
  File "E:\python\web_develop\Djangofiles\Django_venv\lib\site-packages\django\contrib\admin\utils.py", line 351, in label_for_field
    raise AttributeError(message)
AttributeError: Unable to lookup 'orders' on Banner or homebannerAdminListAdminViewModelAdminViewGlobalSettingsCommAdminViewBaseSettingBaseAdminViewBaseAdminObjectViewobject
ERROR 2020-07-08 19:09:36,054 basehttp 124 "GET /x-admin/home/banner/ HTTP/1.1" 500 256215
ERROR 2020-07-08 19:14:08,229 exception 118 Internal Server Error: /x-admin/home/banner/
Traceback (most recent call last):
  File "E:\python\web_develop\Djangofiles\Django_venv\lib\site-packages\django\db\models\options.py", line 566, in get_field
    return self.fields_map[field_name]
KeyError: 'orders'

During handling of the above exception, another exception occurred:

Traceback (most recent call last):
  File "E:\python\web_develop\Djangofiles\Django_venv\lib\site-packages\django\contrib\admin\utils.py", line 330, in label_for_field
    field = _get_non_gfk_field(model._meta, name)
  File "E:\python\web_develop\Djangofiles\Django_venv\lib\site-packages\django\contrib\admin\utils.py", line 307, in _get_non_gfk_field
    field = opts.get_field(name)
  File "E:\python\web_develop\Djangofiles\Django_venv\lib\site-packages\django\db\models\options.py", line 568, in get_field
    raise FieldDoesNotExist("%s has no field named '%s'" % (self.object_name, field_name))
django.core.exceptions.FieldDoesNotExist: Banner has no field named 'orders'

During handling of the above exception, another exception occurred:

Traceback (most recent call last):
  File "E:\python\web_develop\Djangofiles\Django_venv\lib\site-packages\django\core\handlers\exception.py", line 35, in inner
    response = get_response(request)
  File "E:\python\web_develop\Djangofiles\Django_venv\lib\site-packages\django\core\handlers\base.py", line 128, in _get_response
    response = self.process_exception_by_middleware(e, request)
  File "E:\python\web_develop\Djangofiles\Django_venv\lib\site-packages\django\core\handlers\base.py", line 126, in _get_response
    response = wrapped_callback(request, *callback_args, **callback_kwargs)
  File "E:\python\web_develop\Djangofiles\Django_venv\lib\site-packages\xadmin\sites.py", line 300, in wrapper
    return self.admin_view(view, cacheable)(*args, **kwargs)
  File "E:\python\web_develop\Djangofiles\Django_venv\lib\site-packages\django\views\decorators\cache.py", line 44, in _wrapped_view_func
    response = view_func(request, *args, **kwargs)
  File "E:\python\web_develop\Djangofiles\Django_venv\lib\site-packages\xadmin\sites.py", line 208, in inner
    return view(request, *args, **kwargs)
  File "E:\python\web_develop\Djangofiles\Django_venv\lib\site-packages\xadmin\views\base.py", line 282, in view
    return handler(request, *args, **kwargs)
  File "E:\python\web_develop\Djangofiles\Django_venv\lib\site-packages\django\utils\decorators.py", line 62, in _wrapper
    return bound_func(*args, **kwargs)
  File "E:\python\web_develop\Djangofiles\Django_venv\lib\site-packages\django\utils\decorators.py", line 142, in _wrapped_view
    response = view_func(request, *args, **kwargs)
  File "E:\python\web_develop\Djangofiles\Django_venv\lib\site-packages\django\utils\decorators.py", line 58, in bound_func
    return func.__get__(self, type(self))(*args2, **kwargs2)
  File "E:\python\web_develop\Djangofiles\Django_venv\lib\site-packages\xadmin\views\base.py", line 80, in method
    return filter_chain(filters, len(filters) - 1, _inner_method, *args, **kwargs)
  File "E:\python\web_develop\Djangofiles\Django_venv\lib\site-packages\xadmin\views\base.py", line 49, in filter_chain
    return func()
  File "E:\python\web_develop\Djangofiles\Django_venv\lib\site-packages\xadmin\views\base.py", line 74, in _inner_method
    return func(self, *args, **kwargs)
  File "E:\python\web_develop\Djangofiles\Django_venv\lib\site-packages\xadmin\views\list.py", line 405, in get
    context = self.get_context()
  File "E:\python\web_develop\Djangofiles\Django_venv\lib\site-packages\xadmin\views\base.py", line 80, in method
    return filter_chain(filters, len(filters) - 1, _inner_method, *args, **kwargs)
  File "E:\python\web_develop\Djangofiles\Django_venv\lib\site-packages\xadmin\views\base.py", line 63, in filter_chain
    return filter_chain(filters, token - 1, _inner_method, *args, **kwargs)
  File "E:\python\web_develop\Djangofiles\Django_venv\lib\site-packages\xadmin\views\base.py", line 63, in filter_chain
    return filter_chain(filters, token - 1, _inner_method, *args, **kwargs)
  File "E:\python\web_develop\Djangofiles\Django_venv\lib\site-packages\xadmin\views\base.py", line 63, in filter_chain
    return filter_chain(filters, token - 1, _inner_method, *args, **kwargs)
  [Previous line repeated 1 more time]
  File "E:\python\web_develop\Djangofiles\Django_venv\lib\site-packages\xadmin\views\base.py", line 49, in filter_chain
    return func()
  File "E:\python\web_develop\Djangofiles\Django_venv\lib\site-packages\xadmin\views\base.py", line 62, in _inner_method
    return fm(func if fargs[1] == '__' else func(), *args, **kwargs)
  File "E:\python\web_develop\Djangofiles\Django_venv\lib\site-packages\xadmin\views\base.py", line 62, in _inner_method
    return fm(func if fargs[1] == '__' else func(), *args, **kwargs)
  File "E:\python\web_develop\Djangofiles\Django_venv\lib\site-packages\xadmin\views\base.py", line 62, in _inner_method
    return fm(func if fargs[1] == '__' else func(), *args, **kwargs)
  [Previous line repeated 1 more time]
  File "E:\python\web_develop\Djangofiles\Django_venv\lib\site-packages\xadmin\views\base.py", line 74, in _inner_method
    return func(self, *args, **kwargs)
  File "E:\python\web_develop\Djangofiles\Django_venv\lib\site-packages\xadmin\views\list.py", line 384, in get_context
    'result_headers': self.result_headers(),
  File "E:\python\web_develop\Djangofiles\Django_venv\lib\site-packages\xadmin\views\base.py", line 80, in method
    return filter_chain(filters, len(filters) - 1, _inner_method, *args, **kwargs)
  File "E:\python\web_develop\Djangofiles\Django_venv\lib\site-packages\xadmin\views\base.py", line 49, in filter_chain
    return func()
  File "E:\python\web_develop\Djangofiles\Django_venv\lib\site-packages\xadmin\views\base.py", line 74, in _inner_method
    return func(self, *args, **kwargs)
  File "E:\python\web_develop\Djangofiles\Django_venv\lib\site-packages\xadmin\views\list.py", line 524, in result_headers
    field_name, row) for field_name in self.list_display]
  File "E:\python\web_develop\Djangofiles\Django_venv\lib\site-packages\xadmin\views\list.py", line 524, in <listcomp>
    field_name, row) for field_name in self.list_display]
  File "E:\python\web_develop\Djangofiles\Django_venv\lib\site-packages\xadmin\views\base.py", line 80, in method
    return filter_chain(filters, len(filters) - 1, _inner_method, *args, **kwargs)
  File "E:\python\web_develop\Djangofiles\Django_venv\lib\site-packages\xadmin\views\base.py", line 63, in filter_chain
    return filter_chain(filters, token - 1, _inner_method, *args, **kwargs)
  File "E:\python\web_develop\Djangofiles\Django_venv\lib\site-packages\xadmin\views\base.py", line 49, in filter_chain
    return func()
  File "E:\python\web_develop\Djangofiles\Django_venv\lib\site-packages\xadmin\views\base.py", line 62, in _inner_method
    return fm(func if fargs[1] == '__' else func(), *args, **kwargs)
  File "E:\python\web_develop\Djangofiles\Django_venv\lib\site-packages\xadmin\views\base.py", line 74, in _inner_method
    return func(self, *args, **kwargs)
  File "E:\python\web_develop\Djangofiles\Django_venv\lib\site-packages\xadmin\views\list.py", line 441, in result_header
    return_attr=True
  File "E:\python\web_develop\Djangofiles\Django_venv\lib\site-packages\django\contrib\admin\utils.py", line 351, in label_for_field
    raise AttributeError(message)
AttributeError: Unable to lookup 'orders' on Banner or homebannerAdminListAdminViewModelAdminViewGlobalSettingsCommAdminViewBaseSettingBaseAdminViewBaseAdminObjectViewobject
ERROR 2020-07-08 19:14:08,313 basehttp 124 "GET /x-admin/home/banner/ HTTP/1.1" 500 256350
INFO 2020-07-08 19:14:16,644 basehttp 124 "GET /admin HTTP/1.1" 301 0
INFO 2020-07-08 19:14:20,681 basehttp 124 "GET /admin/ HTTP/1.1" 200 2944
INFO 2020-07-08 19:14:20,725 basehttp 124 "GET /static/admin/css/dashboard.css HTTP/1.1" 200 412
INFO 2020-07-08 19:14:20,726 basehttp 124 "GET /static/admin/css/base.css HTTP/1.1" 200 16106
INFO 2020-07-08 19:14:20,727 basehttp 124 "GET /static/admin/css/responsive.css HTTP/1.1" 200 17894
INFO 2020-07-08 19:14:20,734 basehttp 124 "GET /static/admin/css/fonts.css HTTP/1.1" 200 423
INFO 2020-07-08 19:14:20,749 basehttp 124 "GET /static/admin/img/icon-changelink.svg HTTP/1.1" 200 380
INFO 2020-07-08 19:14:20,750 basehttp 124 "GET /static/admin/img/icon-addlink.svg HTTP/1.1" 200 331
INFO 2020-07-08 19:14:20,799 basehttp 124 "GET /static/admin/fonts/Roboto-Light-webfont.woff HTTP/1.1" 200 81348
INFO 2020-07-08 19:14:20,800 basehttp 124 "GET /static/admin/fonts/Roboto-Bold-webfont.woff HTTP/1.1" 200 82564
INFO 2020-07-08 19:14:20,801 basehttp 124 "GET /static/admin/fonts/Roboto-Regular-webfont.woff HTTP/1.1" 200 80304
INFO 2020-07-08 19:14:39,461 basehttp 124 "GET /admin/ HTTP/1.1" 200 2944
INFO 2020-07-08 19:14:47,877 basehttp 124 "GET /x-admin/ HTTP/1.1" 200 13299
INFO 2020-07-08 19:14:47,903 basehttp 124 "GET /static/xadmin/vendor/bootstrap/css/bootstrap.css HTTP/1.1" 304 0
INFO 2020-07-08 19:14:47,913 basehttp 124 "GET /static/xadmin/css/themes/bootstrap-xadmin.css HTTP/1.1" 304 0
INFO 2020-07-08 19:14:47,915 basehttp 124 "GET /static/xadmin/vendor/font-awesome/css/font-awesome.css HTTP/1.1" 304 0
INFO 2020-07-08 19:14:47,918 basehttp 124 "GET /static/xadmin/css/xadmin.main.css HTTP/1.1" 304 0
INFO 2020-07-08 19:14:47,920 basehttp 124 "GET /static/xadmin/css/xadmin.plugins.css HTTP/1.1" 304 0
INFO 2020-07-08 19:14:47,921 basehttp 124 "GET /static/xadmin/css/xadmin.responsive.css HTTP/1.1" 304 0
INFO 2020-07-08 19:14:47,925 basehttp 124 "GET /static/xadmin/vendor/jquery-ui/jquery.ui.core.js HTTP/1.1" 304 0
INFO 2020-07-08 19:14:47,927 basehttp 124 "GET /static/xadmin/css/xadmin.page.dashboard.css HTTP/1.1" 304 0
INFO 2020-07-08 19:14:47,932 basehttp 124 "GET /static/xadmin/vendor/jquery-ui/jquery.ui.widget.js HTTP/1.1" 304 0
INFO 2020-07-08 19:14:47,933 basehttp 124 "GET /static/xadmin/vendor/bootstrap/js/bootstrap.js HTTP/1.1" 304 0
INFO 2020-07-08 19:14:47,938 basehttp 124 "GET /static/xadmin/vendor/jquery-ui/jquery.ui.effect.js HTTP/1.1" 304 0
INFO 2020-07-08 19:14:47,941 basehttp 124 "GET /static/xadmin/js/xadmin.main.js HTTP/1.1" 304 0
INFO 2020-07-08 19:14:47,944 basehttp 124 "GET /static/xadmin/js/xadmin.plugin.portal.js HTTP/1.1" 304 0
INFO 2020-07-08 19:14:47,948 basehttp 124 "GET /static/xadmin/vendor/jquery/jquery.js HTTP/1.1" 304 0
INFO 2020-07-08 19:14:47,951 basehttp 124 "GET /static/xadmin/vendor/jquery-ui/jquery.ui.sortable.js HTTP/1.1" 304 0
INFO 2020-07-08 19:14:47,951 basehttp 124 "GET /static/xadmin/js/xadmin.responsive.js HTTP/1.1" 304 0
INFO 2020-07-08 19:14:47,952 basehttp 124 "GET /static/xadmin/vendor/jquery-ui/jquery.ui.mouse.js HTTP/1.1" 304 0
INFO 2020-07-08 19:14:47,953 basehttp 124 "GET /static/xadmin/js/xadmin.page.dashboard.js HTTP/1.1" 304 0
INFO 2020-07-08 19:14:47,959 basehttp 124 "GET /static/xadmin/js/xadmin.plugin.themes.js HTTP/1.1" 304 0
INFO 2020-07-08 19:14:51,972 basehttp 124 "GET /x-admin/jsi18n/ HTTP/1.1" 200 7684
INFO 2020-07-08 19:14:52,012 basehttp 124 "GET /static/xadmin/vendor/font-awesome/fonts/fontawesome-webfont.woff?v=4.0.3 HTTP/1.1" 304 0
ERROR 2020-07-08 19:15:02,362 exception 118 Internal Server Error: /x-admin/home/banner/
Traceback (most recent call last):
  File "E:\python\web_develop\Djangofiles\Django_venv\lib\site-packages\django\db\models\options.py", line 566, in get_field
    return self.fields_map[field_name]
KeyError: 'orders'

During handling of the above exception, another exception occurred:

Traceback (most recent call last):
  File "E:\python\web_develop\Djangofiles\Django_venv\lib\site-packages\django\contrib\admin\utils.py", line 330, in label_for_field
    field = _get_non_gfk_field(model._meta, name)
  File "E:\python\web_develop\Djangofiles\Django_venv\lib\site-packages\django\contrib\admin\utils.py", line 307, in _get_non_gfk_field
    field = opts.get_field(name)
  File "E:\python\web_develop\Djangofiles\Django_venv\lib\site-packages\django\db\models\options.py", line 568, in get_field
    raise FieldDoesNotExist("%s has no field named '%s'" % (self.object_name, field_name))
django.core.exceptions.FieldDoesNotExist: Banner has no field named 'orders'

During handling of the above exception, another exception occurred:

Traceback (most recent call last):
  File "E:\python\web_develop\Djangofiles\Django_venv\lib\site-packages\django\core\handlers\exception.py", line 35, in inner
    response = get_response(request)
  File "E:\python\web_develop\Djangofiles\Django_venv\lib\site-packages\django\core\handlers\base.py", line 128, in _get_response
    response = self.process_exception_by_middleware(e, request)
  File "E:\python\web_develop\Djangofiles\Django_venv\lib\site-packages\django\core\handlers\base.py", line 126, in _get_response
    response = wrapped_callback(request, *callback_args, **callback_kwargs)
  File "E:\python\web_develop\Djangofiles\Django_venv\lib\site-packages\xadmin\sites.py", line 300, in wrapper
    return self.admin_view(view, cacheable)(*args, **kwargs)
  File "E:\python\web_develop\Djangofiles\Django_venv\lib\site-packages\django\views\decorators\cache.py", line 44, in _wrapped_view_func
    response = view_func(request, *args, **kwargs)
  File "E:\python\web_develop\Djangofiles\Django_venv\lib\site-packages\xadmin\sites.py", line 208, in inner
    return view(request, *args, **kwargs)
  File "E:\python\web_develop\Djangofiles\Django_venv\lib\site-packages\xadmin\views\base.py", line 282, in view
    return handler(request, *args, **kwargs)
  File "E:\python\web_develop\Djangofiles\Django_venv\lib\site-packages\django\utils\decorators.py", line 62, in _wrapper
    return bound_func(*args, **kwargs)
  File "E:\python\web_develop\Djangofiles\Django_venv\lib\site-packages\django\utils\decorators.py", line 142, in _wrapped_view
    response = view_func(request, *args, **kwargs)
  File "E:\python\web_develop\Djangofiles\Django_venv\lib\site-packages\django\utils\decorators.py", line 58, in bound_func
    return func.__get__(self, type(self))(*args2, **kwargs2)
  File "E:\python\web_develop\Djangofiles\Django_venv\lib\site-packages\xadmin\views\base.py", line 80, in method
    return filter_chain(filters, len(filters) - 1, _inner_method, *args, **kwargs)
  File "E:\python\web_develop\Djangofiles\Django_venv\lib\site-packages\xadmin\views\base.py", line 49, in filter_chain
    return func()
  File "E:\python\web_develop\Djangofiles\Django_venv\lib\site-packages\xadmin\views\base.py", line 74, in _inner_method
    return func(self, *args, **kwargs)
  File "E:\python\web_develop\Djangofiles\Django_venv\lib\site-packages\xadmin\views\list.py", line 405, in get
    context = self.get_context()
  File "E:\python\web_develop\Djangofiles\Django_venv\lib\site-packages\xadmin\views\base.py", line 80, in method
    return filter_chain(filters, len(filters) - 1, _inner_method, *args, **kwargs)
  File "E:\python\web_develop\Djangofiles\Django_venv\lib\site-packages\xadmin\views\base.py", line 63, in filter_chain
    return filter_chain(filters, token - 1, _inner_method, *args, **kwargs)
  File "E:\python\web_develop\Djangofiles\Django_venv\lib\site-packages\xadmin\views\base.py", line 63, in filter_chain
    return filter_chain(filters, token - 1, _inner_method, *args, **kwargs)
  File "E:\python\web_develop\Djangofiles\Django_venv\lib\site-packages\xadmin\views\base.py", line 63, in filter_chain
    return filter_chain(filters, token - 1, _inner_method, *args, **kwargs)
  [Previous line repeated 1 more time]
  File "E:\python\web_develop\Djangofiles\Django_venv\lib\site-packages\xadmin\views\base.py", line 49, in filter_chain
    return func()
  File "E:\python\web_develop\Djangofiles\Django_venv\lib\site-packages\xadmin\views\base.py", line 62, in _inner_method
    return fm(func if fargs[1] == '__' else func(), *args, **kwargs)
  File "E:\python\web_develop\Djangofiles\Django_venv\lib\site-packages\xadmin\views\base.py", line 62, in _inner_method
    return fm(func if fargs[1] == '__' else func(), *args, **kwargs)
  File "E:\python\web_develop\Djangofiles\Django_venv\lib\site-packages\xadmin\views\base.py", line 62, in _inner_method
    return fm(func if fargs[1] == '__' else func(), *args, **kwargs)
  [Previous line repeated 1 more time]
  File "E:\python\web_develop\Djangofiles\Django_venv\lib\site-packages\xadmin\views\base.py", line 74, in _inner_method
    return func(self, *args, **kwargs)
  File "E:\python\web_develop\Djangofiles\Django_venv\lib\site-packages\xadmin\views\list.py", line 384, in get_context
    'result_headers': self.result_headers(),
  File "E:\python\web_develop\Djangofiles\Django_venv\lib\site-packages\xadmin\views\base.py", line 80, in method
    return filter_chain(filters, len(filters) - 1, _inner_method, *args, **kwargs)
  File "E:\python\web_develop\Djangofiles\Django_venv\lib\site-packages\xadmin\views\base.py", line 49, in filter_chain
    return func()
  File "E:\python\web_develop\Djangofiles\Django_venv\lib\site-packages\xadmin\views\base.py", line 74, in _inner_method
    return func(self, *args, **kwargs)
  File "E:\python\web_develop\Djangofiles\Django_venv\lib\site-packages\xadmin\views\list.py", line 524, in result_headers
    field_name, row) for field_name in self.list_display]
  File "E:\python\web_develop\Djangofiles\Django_venv\lib\site-packages\xadmin\views\list.py", line 524, in <listcomp>
    field_name, row) for field_name in self.list_display]
  File "E:\python\web_develop\Djangofiles\Django_venv\lib\site-packages\xadmin\views\base.py", line 80, in method
    return filter_chain(filters, len(filters) - 1, _inner_method, *args, **kwargs)
  File "E:\python\web_develop\Djangofiles\Django_venv\lib\site-packages\xadmin\views\base.py", line 63, in filter_chain
    return filter_chain(filters, token - 1, _inner_method, *args, **kwargs)
  File "E:\python\web_develop\Djangofiles\Django_venv\lib\site-packages\xadmin\views\base.py", line 49, in filter_chain
    return func()
  File "E:\python\web_develop\Djangofiles\Django_venv\lib\site-packages\xadmin\views\base.py", line 62, in _inner_method
    return fm(func if fargs[1] == '__' else func(), *args, **kwargs)
  File "E:\python\web_develop\Djangofiles\Django_venv\lib\site-packages\xadmin\views\base.py", line 74, in _inner_method
    return func(self, *args, **kwargs)
  File "E:\python\web_develop\Djangofiles\Django_venv\lib\site-packages\xadmin\views\list.py", line 441, in result_header
    return_attr=True
  File "E:\python\web_develop\Djangofiles\Django_venv\lib\site-packages\django\contrib\admin\utils.py", line 351, in label_for_field
    raise AttributeError(message)
AttributeError: Unable to lookup 'orders' on Banner or homebannerAdminListAdminViewModelAdminViewGlobalSettingsCommAdminViewBaseSettingBaseAdminViewBaseAdminObjectViewobject
ERROR 2020-07-08 19:15:02,443 basehttp 124 "GET /x-admin/home/banner/ HTTP/1.1" 500 256215
INFO 2020-07-08 19:17:30,905 basehttp 124 "GET /x-admin/home/banner/ HTTP/1.1" 200 4387
INFO 2020-07-08 19:17:30,961 basehttp 124 "GET /x-admin/jsi18n/ HTTP/1.1" 200 4382
INFO 2020-07-08 19:17:36,414 basehttp 124 "POST /x-admin/home/banner/ HTTP/1.1" 200 4624
INFO 2020-07-08 19:17:36,447 basehttp 124 "GET /x-admin/jsi18n/ HTTP/1.1" 200 4382
INFO 2020-07-08 19:18:12,055 basehttp 124 "POST /x-admin/home/banner/ HTTP/1.1" 302 0
WARNING 2020-07-08 19:18:25,737 csrf 153 Forbidden (CSRF token missing or incorrect.): /x-admin/home/banner/
WARNING 2020-07-08 19:18:25,744 basehttp 124 "POST /x-admin/home/banner/ HTTP/1.1" 403 2508
INFO 2020-07-08 19:18:35,147 basehttp 124 "GET /x-admin/home/banner/ HTTP/1.1" 200 23281
ERROR 2020-07-08 19:18:35,149 basehttp 124 "GET /x-admin/home/banner/ HTTP/1.1" 500 59
WARNING 2020-07-08 19:19:30,686 csrf 153 Forbidden (CSRF token missing or incorrect.): /x-admin/home/banner/
WARNING 2020-07-08 19:19:30,696 basehttp 124 "POST /x-admin/home/banner/ HTTP/1.1" 403 2508
WARNING 2020-07-08 19:20:28,893 csrf 153 Forbidden (CSRF token missing or incorrect.): /x-admin/home/banner/
WARNING 2020-07-08 19:20:28,903 basehttp 124 "POST /x-admin/home/banner/ HTTP/1.1" 403 2508
WARNING 2020-07-08 19:20:53,632 csrf 153 Forbidden (CSRF token missing or incorrect.): /x-admin/home/banner/
WARNING 2020-07-08 19:20:53,637 basehttp 124 "POST /x-admin/home/banner/ HTTP/1.1" 403 2508
WARNING 2020-07-08 19:21:30,779 csrf 153 Forbidden (CSRF token missing or incorrect.): /x-admin/home/banner/
WARNING 2020-07-08 19:21:30,789 basehttp 124 "POST /x-admin/home/banner/ HTTP/1.1" 403 2508
WARNING 2020-07-08 19:22:36,567 csrf 153 Forbidden (CSRF token missing or incorrect.): /x-admin/home/banner/
WARNING 2020-07-08 19:22:36,576 basehttp 124 "POST /x-admin/home/banner/ HTTP/1.1" 403 2508
INFO 2020-07-08 19:23:34,111 basehttp 124 "GET /x-admin/ HTTP/1.1" 200 13299
INFO 2020-07-08 19:23:34,155 basehttp 124 "GET /static/xadmin/vendor/bootstrap/css/bootstrap.css HTTP/1.1" 304 0
INFO 2020-07-08 19:23:34,157 basehttp 124 "GET /static/xadmin/css/themes/bootstrap-xadmin.css HTTP/1.1" 304 0
INFO 2020-07-08 19:23:34,159 basehttp 124 "GET /static/xadmin/vendor/font-awesome/css/font-awesome.css HTTP/1.1" 304 0
INFO 2020-07-08 19:23:34,163 basehttp 124 "GET /static/xadmin/css/xadmin.main.css HTTP/1.1" 304 0
INFO 2020-07-08 19:23:34,168 basehttp 124 "GET /static/xadmin/css/xadmin.plugins.css HTTP/1.1" 304 0
INFO 2020-07-08 19:23:34,169 basehttp 124 "GET /static/xadmin/css/xadmin.page.dashboard.css HTTP/1.1" 304 0
INFO 2020-07-08 19:23:34,170 basehttp 124 "GET /static/xadmin/vendor/jquery-ui/jquery.ui.widget.js HTTP/1.1" 304 0
INFO 2020-07-08 19:23:34,174 basehttp 124 "GET /static/xadmin/css/xadmin.responsive.css HTTP/1.1" 304 0
INFO 2020-07-08 19:23:34,176 basehttp 124 "GET /static/xadmin/vendor/jquery-ui/jquery.ui.mouse.js HTTP/1.1" 304 0
INFO 2020-07-08 19:23:34,184 basehttp 124 "GET /static/xadmin/js/xadmin.responsive.js HTTP/1.1" 304 0
INFO 2020-07-08 19:23:34,184 basehttp 124 "GET /static/xadmin/js/xadmin.page.dashboard.js HTTP/1.1" 304 0
INFO 2020-07-08 19:23:34,194 basehttp 124 "GET /static/xadmin/vendor/jquery/jquery.js HTTP/1.1" 304 0
INFO 2020-07-08 19:23:34,188 basehttp 124 "GET /static/xadmin/vendor/jquery-ui/jquery.ui.core.js HTTP/1.1" 304 0
INFO 2020-07-08 19:23:34,190 basehttp 124 "GET /static/xadmin/js/xadmin.plugin.portal.js HTTP/1.1" 304 0
INFO 2020-07-08 19:23:34,217 basehttp 124 "GET /static/xadmin/js/xadmin.plugin.themes.js HTTP/1.1" 304 0
INFO 2020-07-08 19:23:34,218 basehttp 124 "GET /static/xadmin/vendor/jquery-ui/jquery.ui.sortable.js HTTP/1.1" 304 0
INFO 2020-07-08 19:23:34,218 basehttp 124 "GET /static/xadmin/vendor/bootstrap/js/bootstrap.js HTTP/1.1" 304 0
INFO 2020-07-08 19:23:34,230 basehttp 124 "GET /static/xadmin/js/xadmin.main.js HTTP/1.1" 304 0
INFO 2020-07-08 19:23:34,230 basehttp 124 "GET /static/xadmin/vendor/jquery-ui/jquery.ui.effect.js HTTP/1.1" 304 0
INFO 2020-07-08 19:23:38,174 basehttp 124 "GET /x-admin/jsi18n/ HTTP/1.1" 200 7684
INFO 2020-07-08 19:23:38,256 basehttp 124 "GET /static/xadmin/vendor/font-awesome/fonts/fontawesome-webfont.woff?v=4.0.3 HTTP/1.1" 304 0
INFO 2020-07-08 19:23:42,493 basehttp 124 "GET /x-admin/ HTTP/1.1" 200 13299
ERROR 2020-07-08 19:23:42,494 basehttp 124 "GET /x-admin/ HTTP/1.1" 500 59
INFO 2020-07-08 19:23:46,561 basehttp 124 "GET /x-admin/home/banner/ HTTP/1.1" 200 23281
INFO 2020-07-08 19:23:46,615 basehttp 124 "GET /static/xadmin/css/xadmin.form.css HTTP/1.1" 200 3763
INFO 2020-07-08 19:23:46,619 basehttp 124 "GET /static/xadmin/js/xadmin.plugin.details.js HTTP/1.1" 200 2319
INFO 2020-07-08 19:23:46,622 basehttp 124 "GET /static/xadmin/js/xadmin.plugin.bookmark.js HTTP/1.1" 200 529
INFO 2020-07-08 19:23:46,622 basehttp 124 "GET /static/xadmin/js/xadmin.plugin.filters.js HTTP/1.1" 200 1990
INFO 2020-07-08 19:23:46,623 basehttp 124 "GET /static/xadmin/js/xadmin.page.list.js HTTP/1.1" 200 1105
INFO 2020-07-08 19:23:46,628 basehttp 124 "GET /static/xadmin/js/xadmin.page.form.js HTTP/1.1" 200 1948
INFO 2020-07-08 19:23:50,640 basehttp 124 "GET /x-admin/jsi18n/ HTTP/1.1" 200 7684
INFO 2020-07-08 19:24:01,585 basehttp 124 "GET /x-admin/home/banner/add/ HTTP/1.1" 200 18387
INFO 2020-07-08 19:24:01,618 basehttp 124 "GET /static/xadmin/vendor/bootstrap-image-gallery/css/bootstrap-image-gallery.css HTTP/1.1" 200 3339
INFO 2020-07-08 19:24:01,635 basehttp 124 "GET /static/xadmin/vendor/load-image/load-image.js HTTP/1.1" 200 8309
INFO 2020-07-08 19:24:01,635 basehttp 124 "GET /static/xadmin/vendor/bootstrap-image-gallery/js/bootstrap-image-gallery.js HTTP/1.1" 200 15611
INFO 2020-07-08 19:24:05,648 basehttp 124 "GET /x-admin/jsi18n/ HTTP/1.1" 200 7684
INFO 2020-07-08 19:24:57,930 basehttp 124 "GET /x-admin/home/banner/add/ HTTP/1.1" 200 18387
ERROR 2020-07-08 19:24:57,931 basehttp 124 "GET /x-admin/home/banner/add/ HTTP/1.1" 500 59
INFO 2020-07-08 19:25:00,786 basehttp 124 "GET /x-admin/home/banner/ HTTP/1.1" 200 23281
ERROR 2020-07-08 19:25:00,786 basehttp 124 "GET /x-admin/home/banner/ HTTP/1.1" 500 59
INFO 2020-07-08 19:25:01,376 basehttp 124 "GET /x-admin/ HTTP/1.1" 200 13299
ERROR 2020-07-08 19:25:01,377 basehttp 124 "GET /x-admin/ HTTP/1.1" 500 59
INFO 2020-07-08 19:25:03,044 basehttp 124 "GET /x-admin/home/banner/ HTTP/1.1" 200 23281
ERROR 2020-07-08 19:25:03,044 basehttp 124 "GET /x-admin/home/banner/ HTTP/1.1" 500 59
INFO 2020-07-08 19:25:03,523 basehttp 124 "GET /x-admin/ HTTP/1.1" 200 13299
ERROR 2020-07-08 19:25:03,524 basehttp 124 "GET /x-admin/ HTTP/1.1" 500 59
INFO 2020-07-08 19:25:04,145 basehttp 124 "GET /admin/ HTTP/1.1" 200 2944
ERROR 2020-07-08 19:25:04,146 basehttp 124 "GET /admin/ HTTP/1.1" 500 59
INFO 2020-07-08 19:25:04,402 basehttp 124 "GET /x-admin/home/banner/ HTTP/1.1" 200 23281
ERROR 2020-07-08 19:25:04,403 basehttp 124 "GET /x-admin/home/banner/ HTTP/1.1" 500 59
INFO 2020-07-08 19:25:04,504 basehttp 124 "GET /x-admin/ HTTP/1.1" 200 13299
ERROR 2020-07-08 19:25:04,505 basehttp 124 "GET /x-admin/ HTTP/1.1" 500 59
INFO 2020-07-08 19:25:04,652 basehttp 124 "GET /x-admin/ HTTP/1.1" 200 13299
ERROR 2020-07-08 19:25:04,653 basehttp 124 "GET /x-admin/ HTTP/1.1" 500 59
INFO 2020-07-08 19:25:04,801 basehttp 124 "GET /x-admin/ HTTP/1.1" 200 13299
ERROR 2020-07-08 19:25:04,802 basehttp 124 "GET /x-admin/ HTTP/1.1" 500 59
INFO 2020-07-08 19:25:05,294 basehttp 124 "GET /x-admin/ HTTP/1.1" 200 13299
ERROR 2020-07-08 19:25:05,295 basehttp 124 "GET /x-admin/ HTTP/1.1" 500 59
INFO 2020-07-08 19:25:08,774 basehttp 124 "GET /x-admin/ HTTP/1.1" 200 13299
ERROR 2020-07-08 19:25:08,775 basehttp 124 "GET /x-admin/ HTTP/1.1" 500 59
INFO 2020-07-08 19:25:09,205 basehttp 124 "GET /x-admin/ HTTP/1.1" 200 13299
ERROR 2020-07-08 19:25:09,206 basehttp 124 "GET /x-admin/ HTTP/1.1" 500 59
INFO 2020-07-08 19:25:09,934 basehttp 124 "GET /x-admin/home/banner/ HTTP/1.1" 200 23281
ERROR 2020-07-08 19:25:09,936 basehttp 124 "GET /x-admin/home/banner/ HTTP/1.1" 500 59
INFO 2020-07-08 19:25:11,196 basehttp 124 "GET /admin/ HTTP/1.1" 200 2944
ERROR 2020-07-08 19:25:11,196 basehttp 124 "GET /admin/ HTTP/1.1" 500 59
INFO 2020-07-08 19:25:11,356 basehttp 124 "GET /x-admin/ HTTP/1.1" 200 13299
ERROR 2020-07-08 19:25:11,357 basehttp 124 "GET /x-admin/ HTTP/1.1" 500 59
INFO 2020-07-08 19:25:11,543 basehttp 124 "GET /x-admin/home/banner/ HTTP/1.1" 200 23281
ERROR 2020-07-08 19:25:11,544 basehttp 124 "GET /x-admin/home/banner/ HTTP/1.1" 500 59
INFO 2020-07-08 19:25:11,970 basehttp 124 "GET /x-admin/ HTTP/1.1" 200 13299
ERROR 2020-07-08 19:25:11,971 basehttp 124 "GET /x-admin/ HTTP/1.1" 500 59
INFO 2020-07-08 19:25:14,969 basehttp 124 "GET /x-admin/ HTTP/1.1" 200 13299
ERROR 2020-07-08 19:25:14,970 basehttp 124 "GET /x-admin/ HTTP/1.1" 500 59
INFO 2020-07-08 19:25:18,836 basehttp 124 "GET /x-admin/ HTTP/1.1" 200 13299
INFO 2020-07-08 19:25:22,919 basehttp 124 "GET /x-admin/jsi18n/ HTTP/1.1" 200 7684
INFO 2020-07-08 19:25:32,198 basehttp 124 "GET /x-admin/home/banner/ HTTP/1.1" 200 23281
INFO 2020-07-08 19:25:36,247 basehttp 124 "GET /x-admin/jsi18n/ HTTP/1.1" 200 7684
INFO 2020-07-08 19:25:41,511 basehttp 124 "GET /x-admin/home/banner/add/ HTTP/1.1" 200 18387
INFO 2020-07-08 19:25:45,555 basehttp 124 "GET /x-admin/jsi18n/ HTTP/1.1" 200 7684
INFO 2020-07-08 19:26:01,207 basehttp 124 "POST /x-admin/home/banner/add/ HTTP/1.1" 302 0
INFO 2020-07-08 19:26:05,300 basehttp 124 "GET /x-admin/home/banner/add/ HTTP/1.1" 200 18734
INFO 2020-07-08 19:26:09,383 basehttp 124 "GET /x-admin/jsi18n/ HTTP/1.1" 200 7684
INFO 2020-07-08 19:28:20,322 basehttp 124 "GET /x-admin/home/banner/ HTTP/1.1" 200 27018
INFO 2020-07-08 19:28:20,366 basehttp 124 "GET /static/xadmin/js/xadmin.plugin.actions.js HTTP/1.1" 200 4198
INFO 2020-07-08 19:28:24,386 basehttp 124 "GET /x-admin/jsi18n/ HTTP/1.1" 200 7684
INFO 2020-07-08 19:28:30,964 basehttp 124 "GET /x-admin/home/banner/1/update/ HTTP/1.1" 200 18873
WARNING 2020-07-08 19:28:31,007 base 93 Not Found: /media/banner/01.png
WARNING 2020-07-08 19:28:31,007 basehttp 124 "GET /media/banner/01.png HTTP/1.1" 404 2105
INFO 2020-07-08 19:28:35,007 basehttp 124 "GET /x-admin/jsi18n/ HTTP/1.1" 200 7684
WARNING 2020-07-08 19:28:37,222 base 93 Not Found: /media/banner/01.png
WARNING 2020-07-08 19:28:37,223 basehttp 124 "GET /media/banner/01.png HTTP/1.1" 404 2105
INFO 2020-07-08 19:28:47,666 basehttp 124 "POST /x-admin/home/banner/1/update/ HTTP/1.1" 302 0
INFO 2020-07-08 19:28:51,753 basehttp 124 "GET /x-admin/home/banner/ HTTP/1.1" 200 27253
INFO 2020-07-08 19:28:51,787 basehttp 124 "GET /static/xadmin/vendor/bootstrap/css/bootstrap.css HTTP/1.1" 304 0
INFO 2020-07-08 19:28:51,791 basehttp 124 "GET /static/xadmin/css/themes/bootstrap-xadmin.css HTTP/1.1" 304 0
INFO 2020-07-08 19:28:51,797 basehttp 124 "GET /static/xadmin/vendor/font-awesome/css/font-awesome.css HTTP/1.1" 304 0
INFO 2020-07-08 19:28:51,798 basehttp 124 "GET /static/xadmin/css/xadmin.main.css HTTP/1.1" 304 0
INFO 2020-07-08 19:28:51,802 basehttp 124 "GET /static/xadmin/css/xadmin.form.css HTTP/1.1" 304 0
INFO 2020-07-08 19:28:51,804 basehttp 124 "GET /static/xadmin/css/xadmin.plugins.css HTTP/1.1" 304 0
INFO 2020-07-08 19:28:51,808 basehttp 124 "GET /static/xadmin/css/xadmin.responsive.css HTTP/1.1" 304 0
INFO 2020-07-08 19:28:51,810 basehttp 124 "GET /static/xadmin/vendor/jquery-ui/jquery.ui.widget.js HTTP/1.1" 304 0
INFO 2020-07-08 19:28:51,812 basehttp 124 "GET /static/xadmin/vendor/jquery-ui/jquery.ui.mouse.js HTTP/1.1" 304 0
INFO 2020-07-08 19:28:51,812 basehttp 124 "GET /static/xadmin/vendor/jquery/jquery.js HTTP/1.1" 304 0
INFO 2020-07-08 19:28:51,815 basehttp 124 "GET /static/xadmin/js/xadmin.main.js HTTP/1.1" 304 0
INFO 2020-07-08 19:28:51,819 basehttp 124 "GET /static/xadmin/js/xadmin.plugin.themes.js HTTP/1.1" 304 0
INFO 2020-07-08 19:28:51,827 basehttp 124 "GET /static/xadmin/js/xadmin.page.list.js HTTP/1.1" 304 0
INFO 2020-07-08 19:28:51,830 basehttp 124 "GET /static/xadmin/js/xadmin.plugin.filters.js HTTP/1.1" 304 0
INFO 2020-07-08 19:28:51,832 basehttp 124 "GET /static/xadmin/js/xadmin.page.form.js HTTP/1.1" 304 0
INFO 2020-07-08 19:28:51,835 basehttp 124 "GET /static/xadmin/vendor/jquery-ui/jquery.ui.core.js HTTP/1.1" 304 0
INFO 2020-07-08 19:28:51,838 basehttp 124 "GET /static/xadmin/vendor/bootstrap/js/bootstrap.js HTTP/1.1" 304 0
INFO 2020-07-08 19:28:51,843 basehttp 124 "GET /static/xadmin/vendor/jquery-ui/jquery.ui.effect.js HTTP/1.1" 304 0
INFO 2020-07-08 19:28:51,844 basehttp 124 "GET /static/xadmin/vendor/jquery-ui/jquery.ui.sortable.js HTTP/1.1" 304 0
INFO 2020-07-08 19:28:51,845 basehttp 124 "GET /static/xadmin/js/xadmin.responsive.js HTTP/1.1" 304 0
INFO 2020-07-08 19:28:51,847 basehttp 124 "GET /static/xadmin/js/xadmin.plugin.details.js HTTP/1.1" 304 0
INFO 2020-07-08 19:28:51,850 basehttp 124 "GET /static/xadmin/js/xadmin.plugin.bookmark.js HTTP/1.1" 304 0
INFO 2020-07-08 19:28:55,849 basehttp 124 "GET /x-admin/jsi18n/ HTTP/1.1" 200 7684
INFO 2020-07-08 19:29:26,069 basehttp 124 "GET /x-admin/home/banner/1/update/ HTTP/1.1" 200 18889
INFO 2020-07-08 19:29:26,097 basehttp 124 "GET /static/xadmin/vendor/bootstrap-image-gallery/css/bootstrap-image-gallery.css HTTP/1.1" 304 0
INFO 2020-07-08 19:29:26,102 basehttp 124 "GET /static/xadmin/vendor/load-image/load-image.js HTTP/1.1" 304 0
INFO 2020-07-08 19:29:26,110 basehttp 124 "GET /static/xadmin/vendor/bootstrap-image-gallery/js/bootstrap-image-gallery.js HTTP/1.1" 304 0
INFO 2020-07-08 19:29:26,115 basehttp 124 "GET /static/xadmin/js/xadmin.plugin.portal.js HTTP/1.1" 304 0
WARNING 2020-07-08 19:29:26,122 base 93 Not Found: /media/banner/01_I05kORH.png
WARNING 2020-07-08 19:29:26,123 basehttp 124 "GET /media/banner/01_I05kORH.png HTTP/1.1" 404 2129
INFO 2020-07-08 19:29:30,110 basehttp 124 "GET /x-admin/jsi18n/ HTTP/1.1" 200 7684
INFO 2020-07-08 19:30:21,084 basehttp 124 "GET /x-admin/home/banner/1/update/ HTTP/1.1" 200 18889
WARNING 2020-07-08 19:30:21,115 base 93 Not Found: /media/banner/01_I05kORH.png
WARNING 2020-07-08 19:30:21,116 basehttp 124 "GET /media/banner/01_I05kORH.png HTTP/1.1" 404 2129
INFO 2020-07-08 19:30:25,123 basehttp 124 "GET /x-admin/jsi18n/ HTTP/1.1" 200 7684
INFO 2020-07-08 19:31:55,095 basehttp 124 "GET /x-admin/home/banner/1/update/ HTTP/1.1" 200 18889
WARNING 2020-07-08 19:31:55,138 base 93 Not Found: /media/banner/01_I05kORH.png
WARNING 2020-07-08 19:31:55,139 basehttp 124 "GET /media/banner/01_I05kORH.png HTTP/1.1" 404 2129
INFO 2020-07-08 19:31:59,151 basehttp 124 "GET /x-admin/jsi18n/ HTTP/1.1" 200 7684
INFO 2020-07-08 19:32:06,502 basehttp 124 "GET /x-admin/home/banner/ HTTP/1.1" 200 27018
INFO 2020-07-08 19:32:10,577 basehttp 124 "GET /x-admin/jsi18n/ HTTP/1.1" 200 7684
INFO 2020-07-08 19:32:23,707 basehttp 124 "GET /x-admin/home/banner/1/update/ HTTP/1.1" 200 18873
WARNING 2020-07-08 19:32:23,753 base 93 Not Found: /media/banner/01.png
WARNING 2020-07-08 19:32:23,754 basehttp 124 "GET /media/banner/01.png HTTP/1.1" 404 2105
INFO 2020-07-08 19:32:27,760 basehttp 124 "GET /x-admin/jsi18n/ HTTP/1.1" 200 7684
WARNING 2020-07-08 19:34:12,654 base 93 Not Found: /x-admin/home/
WARNING 2020-07-08 19:34:12,655 basehttp 124 "GET /x-admin/home/ HTTP/1.1" 404 5852
INFO 2020-07-08 19:34:34,020 basehttp 124 "GET /x-admin/ HTTP/1.1" 200 13299
ERROR 2020-07-08 19:34:34,022 basehttp 124 "GET /x-admin/ HTTP/1.1" 500 59
INFO 2020-07-08 19:34:55,085 basehttp 124 "GET /x-admin/ HTTP/1.1" 200 13299
INFO 2020-07-08 19:34:55,119 basehttp 124 "GET /static/xadmin/vendor/bootstrap/css/bootstrap.css HTTP/1.1" 304 0
INFO 2020-07-08 19:34:55,126 basehttp 124 "GET /static/xadmin/css/themes/bootstrap-xadmin.css HTTP/1.1" 304 0
INFO 2020-07-08 19:34:55,129 basehttp 124 "GET /static/xadmin/vendor/font-awesome/css/font-awesome.css HTTP/1.1" 304 0
INFO 2020-07-08 19:34:55,135 basehttp 124 "GET /static/xadmin/css/xadmin.main.css HTTP/1.1" 304 0
INFO 2020-07-08 19:34:55,139 basehttp 124 "GET /static/xadmin/css/xadmin.responsive.css HTTP/1.1" 304 0
INFO 2020-07-08 19:34:55,139 basehttp 124 "GET /static/xadmin/css/xadmin.plugins.css HTTP/1.1" 304 0
INFO 2020-07-08 19:34:55,139 basehttp 124 "GET /static/xadmin/css/xadmin.page.dashboard.css HTTP/1.1" 304 0
INFO 2020-07-08 19:34:55,142 basehttp 124 "GET /static/xadmin/vendor/jquery-ui/jquery.ui.core.js HTTP/1.1" 304 0
INFO 2020-07-08 19:34:55,144 basehttp 124 "GET /static/xadmin/vendor/jquery-ui/jquery.ui.sortable.js HTTP/1.1" 304 0
INFO 2020-07-08 19:34:55,144 basehttp 124 "GET /static/xadmin/vendor/jquery-ui/jquery.ui.widget.js HTTP/1.1" 304 0
INFO 2020-07-08 19:34:55,150 basehttp 124 "GET /static/xadmin/vendor/jquery-ui/jquery.ui.effect.js HTTP/1.1" 304 0
INFO 2020-07-08 19:34:55,153 basehttp 124 "GET /static/xadmin/js/xadmin.plugin.themes.js HTTP/1.1" 304 0
INFO 2020-07-08 19:34:55,159 basehttp 124 "GET /static/xadmin/vendor/jquery/jquery.js HTTP/1.1" 304 0
INFO 2020-07-08 19:34:55,161 basehttp 124 "GET /static/xadmin/vendor/jquery-ui/jquery.ui.mouse.js HTTP/1.1" 304 0
INFO 2020-07-08 19:34:55,163 basehttp 124 "GET /static/xadmin/js/xadmin.main.js HTTP/1.1" 304 0
INFO 2020-07-08 19:34:55,168 basehttp 124 "GET /static/xadmin/vendor/bootstrap/js/bootstrap.js HTTP/1.1" 304 0
INFO 2020-07-08 19:34:55,168 basehttp 124 "GET /static/xadmin/js/xadmin.page.dashboard.js HTTP/1.1" 304 0
INFO 2020-07-08 19:34:55,169 basehttp 124 "GET /static/xadmin/js/xadmin.responsive.js HTTP/1.1" 304 0
INFO 2020-07-08 19:34:59,175 basehttp 124 "GET /x-admin/jsi18n/ HTTP/1.1" 200 7684
INFO 2020-07-08 19:34:59,260 basehttp 124 "GET /static/xadmin/vendor/font-awesome/fonts/fontawesome-webfont.woff?v=4.0.3 HTTP/1.1" 304 0
INFO 2020-07-08 19:35:06,382 basehttp 124 "GET /x-admin/home/banner/ HTTP/1.1" 200 27018
INFO 2020-07-08 19:35:06,413 basehttp 124 "GET /static/xadmin/css/xadmin.form.css HTTP/1.1" 304 0
INFO 2020-07-08 19:35:06,418 basehttp 124 "GET /static/xadmin/js/xadmin.plugin.details.js HTTP/1.1" 304 0
INFO 2020-07-08 19:35:06,427 basehttp 124 "GET /static/xadmin/js/xadmin.plugin.filters.js HTTP/1.1" 304 0
INFO 2020-07-08 19:35:06,430 basehttp 124 "GET /static/xadmin/js/xadmin.page.list.js HTTP/1.1" 304 0
INFO 2020-07-08 19:35:06,431 basehttp 124 "GET /static/xadmin/js/xadmin.plugin.actions.js HTTP/1.1" 304 0
INFO 2020-07-08 19:35:06,431 basehttp 124 "GET /static/xadmin/js/xadmin.plugin.bookmark.js HTTP/1.1" 304 0
INFO 2020-07-08 19:35:06,435 basehttp 124 "GET /static/xadmin/js/xadmin.page.form.js HTTP/1.1" 304 0
INFO 2020-07-08 19:35:10,430 basehttp 124 "GET /x-admin/jsi18n/ HTTP/1.1" 200 7684
INFO 2020-07-08 19:35:18,501 basehttp 124 "GET /x-admin/home/banner/1/update/ HTTP/1.1" 200 18873
INFO 2020-07-08 19:35:18,534 basehttp 124 "GET /static/xadmin/vendor/bootstrap-image-gallery/css/bootstrap-image-gallery.css HTTP/1.1" 304 0
INFO 2020-07-08 19:35:18,544 basehttp 124 "GET /static/xadmin/vendor/load-image/load-image.js HTTP/1.1" 304 0
INFO 2020-07-08 19:35:18,550 basehttp 124 "GET /static/xadmin/vendor/bootstrap-image-gallery/js/bootstrap-image-gallery.js HTTP/1.1" 304 0
INFO 2020-07-08 19:35:18,557 basehttp 124 "GET /static/xadmin/js/xadmin.plugin.portal.js HTTP/1.1" 304 0
INFO 2020-07-08 19:35:18,571 basehttp 124 "GET /media/banner/01.png HTTP/1.1" 200 737783
INFO 2020-07-08 19:35:22,556 basehttp 124 "GET /x-admin/jsi18n/ HTTP/1.1" 200 7684
INFO 2020-07-08 19:35:29,434 basehttp 124 "GET /x-admin/home/banner/ HTTP/1.1" 200 27018
INFO 2020-07-08 19:35:33,495 basehttp 124 "GET /x-admin/jsi18n/ HTTP/1.1" 200 7684
INFO 2020-07-08 19:35:39,943 basehttp 124 "GET /x-admin/home/banner/1/update/ HTTP/1.1" 200 18873
INFO 2020-07-08 19:35:43,994 basehttp 124 "GET /x-admin/jsi18n/ HTTP/1.1" 200 7684
INFO 2020-07-08 19:35:59,743 basehttp 124 "POST /x-admin/home/banner/1/update/ HTTP/1.1" 302 0
INFO 2020-07-08 19:36:03,832 basehttp 124 "GET /x-admin/home/banner/ HTTP/1.1" 200 27254
INFO 2020-07-08 19:36:07,890 basehttp 124 "GET /x-admin/jsi18n/ HTTP/1.1" 200 7684
INFO 2020-07-08 19:40:49,174 basehttp 124 "GET /x-admin/ HTTP/1.1" 200 4375
ERROR 2020-07-08 19:40:49,176 basehttp 124 "GET /x-admin/ HTTP/1.1" 500 59
INFO 2020-07-08 19:40:53,121 basehttp 124 "GET /x-admin/ HTTP/1.1" 200 4375
INFO 2020-07-08 19:40:53,152 basehttp 124 "GET /x-admin/jsi18n/ HTTP/1.1" 200 4382
INFO 2020-07-08 19:40:59,654 basehttp 124 "POST /x-admin/ HTTP/1.1" 302 0
WARNING 2020-07-08 19:42:09,832 csrf 153 Forbidden (CSRF token missing or incorrect.): /x-admin/
WARNING 2020-07-08 19:42:09,834 basehttp 124 "POST /x-admin/ HTTP/1.1" 403 2508
INFO 2020-07-08 19:42:20,683 basehttp 124 "GET /x-admin/ HTTP/1.1" 200 13299
ERROR 2020-07-08 19:42:20,684 basehttp 124 "GET /x-admin/ HTTP/1.1" 500 59
INFO 2020-07-08 19:42:29,110 basehttp 124 "GET /x-admin/ HTTP/1.1" 200 13299
INFO 2020-07-08 19:42:29,173 basehttp 124 "GET /static/xadmin/vendor/bootstrap/css/bootstrap.css HTTP/1.1" 304 0
INFO 2020-07-08 19:42:29,174 basehttp 124 "GET /static/xadmin/css/themes/bootstrap-xadmin.css HTTP/1.1" 304 0
INFO 2020-07-08 19:42:29,175 basehttp 124 "GET /static/xadmin/vendor/font-awesome/css/font-awesome.css HTTP/1.1" 304 0
INFO 2020-07-08 19:42:29,179 basehttp 124 "GET /static/xadmin/css/xadmin.main.css HTTP/1.1" 304 0
INFO 2020-07-08 19:42:29,183 basehttp 124 "GET /static/xadmin/css/xadmin.plugins.css HTTP/1.1" 304 0
INFO 2020-07-08 19:42:29,195 basehttp 124 "GET /static/xadmin/css/xadmin.responsive.css HTTP/1.1" 304 0
INFO 2020-07-08 19:42:29,196 basehttp 124 "GET /static/xadmin/css/xadmin.page.dashboard.css HTTP/1.1" 304 0
INFO 2020-07-08 19:42:29,204 basehttp 124 "GET /static/xadmin/vendor/jquery/jquery.js HTTP/1.1" 304 0
INFO 2020-07-08 19:42:29,206 basehttp 124 "GET /static/xadmin/vendor/jquery-ui/jquery.ui.core.js HTTP/1.1" 304 0
INFO 2020-07-08 19:42:29,207 basehttp 124 "GET /static/xadmin/vendor/jquery-ui/jquery.ui.widget.js HTTP/1.1" 304 0
INFO 2020-07-08 19:42:29,207 basehttp 124 "GET /static/xadmin/vendor/jquery-ui/jquery.ui.sortable.js HTTP/1.1" 304 0
INFO 2020-07-08 19:42:29,224 basehttp 124 "GET /static/xadmin/js/xadmin.main.js HTTP/1.1" 304 0
INFO 2020-07-08 19:42:29,225 basehttp 124 "GET /static/xadmin/vendor/jquery-ui/jquery.ui.effect.js HTTP/1.1" 304 0
INFO 2020-07-08 19:42:29,228 basehttp 124 "GET /static/xadmin/js/xadmin.page.dashboard.js HTTP/1.1" 304 0
INFO 2020-07-08 19:42:29,229 basehttp 124 "GET /static/xadmin/js/xadmin.plugin.themes.js HTTP/1.1" 304 0
INFO 2020-07-08 19:42:29,235 basehttp 124 "GET /static/xadmin/js/xadmin.plugin.portal.js HTTP/1.1" 304 0
INFO 2020-07-08 19:42:29,241 basehttp 124 "GET /static/xadmin/vendor/bootstrap/js/bootstrap.js HTTP/1.1" 304 0
INFO 2020-07-08 19:42:29,242 basehttp 124 "GET /static/xadmin/js/xadmin.responsive.js HTTP/1.1" 304 0
INFO 2020-07-08 19:42:29,243 basehttp 124 "GET /static/xadmin/vendor/jquery-ui/jquery.ui.mouse.js HTTP/1.1" 304 0
INFO 2020-07-08 19:42:33,177 basehttp 124 "GET /x-admin/jsi18n/ HTTP/1.1" 200 7684
INFO 2020-07-08 19:42:33,242 basehttp 124 "GET /static/xadmin/vendor/font-awesome/fonts/fontawesome-webfont.woff?v=4.0.3 HTTP/1.1" 304 0
INFO 2020-07-08 19:42:39,696 basehttp 124 "GET /x-admin/home/banner/ HTTP/1.1" 200 23136
INFO 2020-07-08 19:42:39,728 basehttp 124 "GET /static/xadmin/css/xadmin.form.css HTTP/1.1" 304 0
INFO 2020-07-08 19:42:39,736 basehttp 124 "GET /static/xadmin/js/xadmin.plugin.details.js HTTP/1.1" 304 0
INFO 2020-07-08 19:42:39,737 basehttp 124 "GET /static/xadmin/js/xadmin.plugin.bookmark.js HTTP/1.1" 304 0
INFO 2020-07-08 19:42:39,742 basehttp 124 "GET /static/xadmin/js/xadmin.page.list.js HTTP/1.1" 304 0
INFO 2020-07-08 19:42:39,743 basehttp 124 "GET /static/xadmin/js/xadmin.plugin.filters.js HTTP/1.1" 304 0
INFO 2020-07-08 19:42:39,744 basehttp 124 "GET /static/xadmin/js/xadmin.page.form.js HTTP/1.1" 304 0
INFO 2020-07-08 19:42:43,745 basehttp 124 "GET /x-admin/jsi18n/ HTTP/1.1" 200 7684
INFO 2020-07-08 19:42:50,434 basehttp 124 "GET /x-admin/home/banner/add/ HTTP/1.1" 200 18387
INFO 2020-07-08 19:42:50,479 basehttp 124 "GET /static/xadmin/vendor/bootstrap-image-gallery/css/bootstrap-image-gallery.css HTTP/1.1" 304 0
INFO 2020-07-08 19:42:50,479 basehttp 124 "GET /static/xadmin/vendor/load-image/load-image.js HTTP/1.1" 304 0
INFO 2020-07-08 19:42:50,487 basehttp 124 "GET /static/xadmin/vendor/bootstrap-image-gallery/js/bootstrap-image-gallery.js HTTP/1.1" 304 0
INFO 2020-07-08 19:42:54,501 basehttp 124 "GET /x-admin/jsi18n/ HTTP/1.1" 200 7684
INFO 2020-07-08 19:43:07,356 basehttp 124 "POST /x-admin/home/banner/add/ HTTP/1.1" 302 0
INFO 2020-07-08 19:43:11,438 basehttp 124 "GET /x-admin/home/banner/ HTTP/1.1" 200 27173
INFO 2020-07-08 19:43:11,481 basehttp 124 "GET /static/xadmin/js/xadmin.plugin.actions.js HTTP/1.1" 304 0
INFO 2020-07-08 19:43:15,504 basehttp 124 "GET /x-admin/jsi18n/ HTTP/1.1" 200 7684
INFO 2020-07-08 19:44:33,077 basehttp 124 "GET /x-admin/home/banner/1/update/ HTTP/1.1" 200 18897
INFO 2020-07-08 19:44:33,140 basehttp 124 "GET /media/banner/01_Gohx9HV.png HTTP/1.1" 200 737783
INFO 2020-07-08 19:44:37,120 basehttp 124 "GET /x-admin/jsi18n/ HTTP/1.1" 200 7684
INFO 2020-07-08 19:44:50,107 basehttp 124 "GET /media/banner/01_Gohx9HV.png HTTP/1.1" 304 0
INFO 2020-07-08 19:46:57,450 basehttp 124 "GET /media/banner/01_Gohx9HV.png HTTP/1.1" 304 0
INFO 2020-07-08 19:47:01,085 basehttp 124 "GET /media/banner/01.png HTTP/1.1" 304 0
INFO 2020-07-08 19:47:10,130 basehttp 124 "GET /x-admin/home/banner/ HTTP/1.1" 200 26874
INFO 2020-07-08 19:47:14,184 basehttp 124 "GET /x-admin/jsi18n/ HTTP/1.1" 200 7684
INFO 2020-07-08 19:47:41,425 basehttp 124 "GET /x-admin/home/banner/add/ HTTP/1.1" 200 18387
INFO 2020-07-08 19:47:45,479 basehttp 124 "GET /x-admin/jsi18n/ HTTP/1.1" 200 7684
INFO 2020-07-08 19:48:23,586 basehttp 124 "POST /x-admin/home/banner/add/ HTTP/1.1" 302 0
INFO 2020-07-08 19:48:27,699 basehttp 124 "GET /x-admin/home/banner/add/ HTTP/1.1" 200 18734
INFO 2020-07-08 19:48:31,762 basehttp 124 "GET /x-admin/jsi18n/ HTTP/1.1" 200 7684
INFO 2020-07-08 19:48:57,811 basehttp 124 "POST /x-admin/home/banner/add/ HTTP/1.1" 302 0
INFO 2020-07-08 19:49:01,894 basehttp 124 "GET /x-admin/home/banner/ HTTP/1.1" 200 28356
INFO 2020-07-08 19:49:05,946 basehttp 124 "GET /x-admin/jsi18n/ HTTP/1.1" 200 7684
INFO 2020-07-08 19:49:18,362 basehttp 124 "GET /x-admin/home/banner/3/update/ HTTP/1.1" 200 18873
INFO 2020-07-08 19:49:18,460 basehttp 124 "GET /media/banner/03.png HTTP/1.1" 200 745382
INFO 2020-07-08 19:49:22,442 basehttp 124 "GET /x-admin/jsi18n/ HTTP/1.1" 200 7684
INFO 2020-07-08 19:49:32,837 basehttp 124 "POST /x-admin/home/banner/3/update/ HTTP/1.1" 302 0
INFO 2020-07-08 19:49:36,931 basehttp 124 "GET /x-admin/home/banner/ HTTP/1.1" 200 28293
INFO 2020-07-08 19:49:36,974 basehttp 124 "GET /static/xadmin/vendor/bootstrap/css/bootstrap.css HTTP/1.1" 304 0
INFO 2020-07-08 19:49:36,974 basehttp 124 "GET /static/xadmin/css/themes/bootstrap-xadmin.css HTTP/1.1" 304 0
INFO 2020-07-08 19:49:36,983 basehttp 124 "GET /static/xadmin/css/xadmin.main.css HTTP/1.1" 304 0
INFO 2020-07-08 19:49:36,984 basehttp 124 "GET /static/xadmin/css/xadmin.plugins.css HTTP/1.1" 304 0
INFO 2020-07-08 19:49:36,984 basehttp 124 "GET /static/xadmin/vendor/font-awesome/css/font-awesome.css HTTP/1.1" 304 0
INFO 2020-07-08 19:49:36,985 basehttp 124 "GET /static/xadmin/css/xadmin.responsive.css HTTP/1.1" 304 0
INFO 2020-07-08 19:49:36,992 basehttp 124 "GET /static/xadmin/css/xadmin.form.css HTTP/1.1" 304 0
INFO 2020-07-08 19:49:36,996 basehttp 124 "GET /static/xadmin/vendor/bootstrap/js/bootstrap.js HTTP/1.1" 304 0
INFO 2020-07-08 19:49:36,998 basehttp 124 "GET /static/xadmin/js/xadmin.main.js HTTP/1.1" 304 0
INFO 2020-07-08 19:49:36,998 basehttp 124 "GET /static/xadmin/js/xadmin.responsive.js HTTP/1.1" 304 0
INFO 2020-07-08 19:49:37,004 basehttp 124 "GET /static/xadmin/js/xadmin.plugin.themes.js HTTP/1.1" 304 0
INFO 2020-07-08 19:49:37,008 basehttp 124 "GET /static/xadmin/js/xadmin.plugin.details.js HTTP/1.1" 304 0
INFO 2020-07-08 19:49:37,011 basehttp 124 "GET /static/xadmin/js/xadmin.page.form.js HTTP/1.1" 304 0
INFO 2020-07-08 19:49:37,011 basehttp 124 "GET /static/xadmin/vendor/jquery/jquery.js HTTP/1.1" 304 0
INFO 2020-07-08 19:49:37,012 basehttp 124 "GET /static/xadmin/js/xadmin.plugin.filters.js HTTP/1.1" 304 0
INFO 2020-07-08 19:49:37,015 basehttp 124 "GET /static/xadmin/vendor/jquery-ui/jquery.ui.mouse.js HTTP/1.1" 304 0
INFO 2020-07-08 19:49:37,023 basehttp 124 "GET /static/xadmin/vendor/jquery-ui/jquery.ui.sortable.js HTTP/1.1" 304 0
INFO 2020-07-08 19:49:37,025 basehttp 124 "GET /static/xadmin/vendor/jquery-ui/jquery.ui.widget.js HTTP/1.1" 304 0
INFO 2020-07-08 19:49:37,025 basehttp 124 "GET /static/xadmin/js/xadmin.plugin.bookmark.js HTTP/1.1" 304 0
INFO 2020-07-08 19:49:37,028 basehttp 124 "GET /static/xadmin/js/xadmin.page.list.js HTTP/1.1" 304 0
INFO 2020-07-08 19:49:37,029 basehttp 124 "GET /static/xadmin/vendor/jquery-ui/jquery.ui.effect.js HTTP/1.1" 304 0
INFO 2020-07-08 19:49:37,030 basehttp 124 "GET /static/xadmin/vendor/jquery-ui/jquery.ui.core.js HTTP/1.1" 304 0
INFO 2020-07-08 19:49:41,004 basehttp 124 "GET /x-admin/jsi18n/ HTTP/1.1" 200 7684
INFO 2020-07-08 19:49:41,020 basehttp 124 "GET /static/xadmin/vendor/font-awesome/fonts/fontawesome-webfont.woff?v=4.0.3 HTTP/1.1" 304 0
INFO 2020-07-08 19:51:47,078 basehttp 124 "GET /x-admin/home/banner/3/update/ HTTP/1.1" 200 18897
INFO 2020-07-08 19:51:47,110 basehttp 124 "GET /static/xadmin/vendor/bootstrap-image-gallery/css/bootstrap-image-gallery.css HTTP/1.1" 304 0
INFO 2020-07-08 19:51:47,123 basehttp 124 "GET /static/xadmin/vendor/load-image/load-image.js HTTP/1.1" 304 0
INFO 2020-07-08 19:51:47,131 basehttp 124 "GET /static/xadmin/vendor/bootstrap-image-gallery/js/bootstrap-image-gallery.js HTTP/1.1" 304 0
INFO 2020-07-08 19:51:47,136 basehttp 124 "GET /static/xadmin/js/xadmin.plugin.portal.js HTTP/1.1" 304 0
INFO 2020-07-08 19:51:47,147 basehttp 124 "GET /media/banner/03_sycdZDA.png HTTP/1.1" 200 745382
INFO 2020-07-08 19:51:51,129 basehttp 124 "GET /x-admin/jsi18n/ HTTP/1.1" 200 7684
WARNING 2020-07-08 20:06:04,208 base 93 Not Found: /home/banner/
WARNING 2020-07-08 20:06:04,209 basehttp 124 "GET /home/banner/ HTTP/1.1" 404 2217
WARNING 2020-07-08 20:06:06,847 base 93 Not Found: /home/banner/
WARNING 2020-07-08 20:06:06,847 basehttp 124 "GET /home/banner/ HTTP/1.1" 404 2217
INFO 2020-07-08 20:11:09,781 basehttp 124 "GET /home/banner/ HTTP/1.1" 200 338
INFO 2020-07-08 20:11:17,822 basehttp 124 "GET /home/banner/ HTTP/1.1" 200 365
INFO 2020-07-08 20:11:17,846 basehttp 124 "GET /media/banner/02.png HTTP/1.1" 200 364808
INFO 2020-07-08 20:11:17,856 basehttp 124 "GET /media/banner/03_sycdZDA.png HTTP/1.1" 200 745382
INFO 2020-07-08 20:11:17,879 basehttp 124 "GET /media/banner/01_Gohx9HV.png HTTP/1.1" 200 737783
INFO 2020-07-08 20:12:35,186 basehttp 124 "GET /x-admin/home/banner/ HTTP/1.1" 200 28058
INFO 2020-07-08 20:12:35,223 basehttp 124 "GET /static/xadmin/vendor/bootstrap/css/bootstrap.css HTTP/1.1" 304 0
INFO 2020-07-08 20:12:35,232 basehttp 124 "GET /static/xadmin/css/themes/bootstrap-xadmin.css HTTP/1.1" 304 0
INFO 2020-07-08 20:12:35,232 basehttp 124 "GET /static/xadmin/css/xadmin.main.css HTTP/1.1" 304 0
INFO 2020-07-08 20:12:35,234 basehttp 124 "GET /static/xadmin/vendor/font-awesome/css/font-awesome.css HTTP/1.1" 304 0
INFO 2020-07-08 20:12:35,238 basehttp 124 "GET /static/xadmin/css/xadmin.plugins.css HTTP/1.1" 304 0
INFO 2020-07-08 20:12:35,239 basehttp 124 "GET /static/xadmin/css/xadmin.responsive.css HTTP/1.1" 304 0
INFO 2020-07-08 20:12:35,246 basehttp 124 "GET /static/xadmin/css/xadmin.form.css HTTP/1.1" 304 0
INFO 2020-07-08 20:12:35,251 basehttp 124 "GET /static/xadmin/vendor/jquery-ui/jquery.ui.mouse.js HTTP/1.1" 304 0
INFO 2020-07-08 20:12:35,252 basehttp 124 "GET /static/xadmin/vendor/jquery-ui/jquery.ui.sortable.js HTTP/1.1" 304 0
INFO 2020-07-08 20:12:35,254 basehttp 124 "GET /static/xadmin/js/xadmin.responsive.js HTTP/1.1" 304 0
INFO 2020-07-08 20:12:35,255 basehttp 124 "GET /static/xadmin/vendor/jquery-ui/jquery.ui.effect.js HTTP/1.1" 304 0
INFO 2020-07-08 20:12:35,258 basehttp 124 "GET /static/xadmin/js/xadmin.plugin.details.js HTTP/1.1" 304 0
INFO 2020-07-08 20:12:35,264 basehttp 124 "GET /static/xadmin/js/xadmin.page.list.js HTTP/1.1" 304 0
INFO 2020-07-08 20:12:35,269 basehttp 124 "GET /static/xadmin/vendor/jquery/jquery.js HTTP/1.1" 304 0
INFO 2020-07-08 20:12:35,269 basehttp 124 "GET /static/xadmin/js/xadmin.page.form.js HTTP/1.1" 304 0
INFO 2020-07-08 20:12:35,271 basehttp 124 "GET /static/xadmin/vendor/jquery-ui/jquery.ui.core.js HTTP/1.1" 304 0
INFO 2020-07-08 20:12:35,270 basehttp 124 "GET /static/xadmin/vendor/jquery-ui/jquery.ui.widget.js HTTP/1.1" 304 0
INFO 2020-07-08 20:12:35,279 basehttp 124 "GET /static/xadmin/js/xadmin.main.js HTTP/1.1" 304 0
INFO 2020-07-08 20:12:35,280 basehttp 124 "GET /static/xadmin/js/xadmin.plugin.actions.js HTTP/1.1" 304 0
INFO 2020-07-08 20:12:35,281 basehttp 124 "GET /static/xadmin/vendor/bootstrap/js/bootstrap.js HTTP/1.1" 304 0
INFO 2020-07-08 20:12:35,284 basehttp 124 "GET /static/xadmin/js/xadmin.plugin.themes.js HTTP/1.1" 304 0
INFO 2020-07-08 20:12:35,286 basehttp 124 "GET /static/xadmin/js/xadmin.plugin.filters.js HTTP/1.1" 304 0
INFO 2020-07-08 20:12:35,287 basehttp 124 "GET /static/xadmin/js/xadmin.plugin.bookmark.js HTTP/1.1" 304 0
INFO 2020-07-08 20:12:39,261 basehttp 124 "GET /x-admin/jsi18n/ HTTP/1.1" 200 7684
INFO 2020-07-08 20:12:39,281 basehttp 124 "GET /static/xadmin/vendor/font-awesome/fonts/fontawesome-webfont.woff?v=4.0.3 HTTP/1.1" 304 0
INFO 2020-07-08 20:13:23,456 basehttp 124 "GET /x-admin/home/nav/ HTTP/1.1" 200 23276
INFO 2020-07-08 20:13:27,511 basehttp 124 "GET /x-admin/jsi18n/ HTTP/1.1" 200 7684
INFO 2020-07-08 20:13:47,998 basehttp 124 "GET /x-admin/home/nav/add/ HTTP/1.1" 200 17709
INFO 2020-07-08 20:13:48,033 basehttp 124 "GET /static/xadmin/vendor/select2/select2.css HTTP/1.1" 200 19226
INFO 2020-07-08 20:13:48,045 basehttp 124 "GET /static/xadmin/vendor/selectize/selectize.css HTTP/1.1" 200 8425
INFO 2020-07-08 20:13:48,047 basehttp 124 "GET /static/xadmin/vendor/selectize/selectize.bootstrap3.css HTTP/1.1" 200 10602
INFO 2020-07-08 20:13:48,051 basehttp 124 "GET /static/xadmin/vendor/selectize/selectize.js HTTP/1.1" 200 98602
INFO 2020-07-08 20:13:48,060 basehttp 124 "GET /static/xadmin/vendor/select2/select2_locale_zh-hans.js HTTP/1.1" 200 694
INFO 2020-07-08 20:13:48,060 basehttp 124 "GET /static/xadmin/js/xadmin.widget.select.js HTTP/1.1" 200 1344
INFO 2020-07-08 20:13:48,062 basehttp 124 "GET /static/xadmin/vendor/select2/select2.js HTTP/1.1" 200 104906
INFO 2020-07-08 20:13:48,067 basehttp 124 "GET /static/xadmin/js/xadmin.plugin.portal.js HTTP/1.1" 304 0
INFO 2020-07-08 20:13:52,080 basehttp 124 "GET /x-admin/jsi18n/ HTTP/1.1" 200 7684
INFO 2020-07-08 20:14:35,190 basehttp 124 "GET /x-admin/ HTTP/1.1" 200 13299
INFO 2020-07-08 20:14:35,231 basehttp 124 "GET /static/xadmin/css/xadmin.page.dashboard.css HTTP/1.1" 304 0
INFO 2020-07-08 20:14:35,232 basehttp 124 "GET /static/xadmin/js/xadmin.page.dashboard.js HTTP/1.1" 304 0
INFO 2020-07-08 20:14:39,248 basehttp 124 "GET /x-admin/jsi18n/ HTTP/1.1" 200 7684
INFO 2020-07-08 20:14:47,965 basehttp 124 "GET /home/banner/ HTTP/1.1" 200 365
INFO 2020-07-08 20:14:47,982 basehttp 124 "GET /media/banner/03_sycdZDA.png HTTP/1.1" 304 0
INFO 2020-07-08 20:14:47,984 basehttp 124 "GET /media/banner/02.png HTTP/1.1" 304 0
INFO 2020-07-08 20:14:47,984 basehttp 124 "GET /media/banner/01_Gohx9HV.png HTTP/1.1" 304 0
INFO 2020-07-08 20:15:14,453 basehttp 124 "GET /x-admin/home/nav/ HTTP/1.1" 200 23264
INFO 2020-07-08 20:15:18,499 basehttp 124 "GET /x-admin/jsi18n/ HTTP/1.1" 200 7684
INFO 2020-07-08 20:15:24,376 basehttp 124 "GET /x-admin/home/nav/add/ HTTP/1.1" 200 17697
INFO 2020-07-08 20:15:28,428 basehttp 124 "GET /x-admin/jsi18n/ HTTP/1.1" 200 7684
INFO 2020-07-08 20:16:07,506 basehttp 124 "POST /x-admin/home/nav/add/ HTTP/1.1" 302 0
INFO 2020-07-08 20:16:11,612 basehttp 124 "GET /x-admin/home/nav/add/ HTTP/1.1" 200 18045
INFO 2020-07-08 20:16:15,660 basehttp 124 "GET /x-admin/jsi18n/ HTTP/1.1" 200 7684
INFO 2020-07-08 20:16:33,194 basehttp 124 "POST /x-admin/home/nav/add/ HTTP/1.1" 302 0
INFO 2020-07-08 20:16:37,300 basehttp 124 "GET /x-admin/home/nav/add/ HTTP/1.1" 200 18050
INFO 2020-07-08 20:16:41,350 basehttp 124 "GET /x-admin/jsi18n/ HTTP/1.1" 200 7684
INFO 2020-07-08 20:17:16,550 basehttp 124 "GET /home/nav/ HTTP/1.1" 200 160
INFO 2020-07-08 20:17:33,998 basehttp 124 "GET /home/nav/ HTTP/1.1" 200 160
INFO 2020-07-08 20:18:01,600 basehttp 124 "POST /x-admin/home/nav/add/ HTTP/1.1" 302 0
INFO 2020-07-08 20:18:23,178 basehttp 124 "GET /home/nav/ HTTP/1.1" 200 160
INFO 2020-07-08 20:18:28,754 basehttp 124 "GET /home/nav/ HTTP/1.1" 200 160
INFO 2020-07-08 20:19:07,797 basehttp 124 "GET /home/banner/ HTTP/1.1" 200 365
INFO 2020-07-08 20:20:15,316 basehttp 124 "GET /home/banner/ HTTP/1.1" 200 365
INFO 2020-07-08 20:22:54,959 basehttp 124 "GET /home/nav/ HTTP/1.1" 200 160
INFO 2020-07-08 20:22:54,962 basehttp 124 "GET /home/banner/ HTTP/1.1" 200 365
INFO 2020-07-08 20:23:06,780 basehttp 124 "POST /x-admin/home/nav/add/ HTTP/1.1" 302 0
INFO 2020-07-08 20:23:13,356 basehttp 124 "GET /x-admin/home/nav/add/ HTTP/1.1" 200 18369
INFO 2020-07-08 20:23:13,400 basehttp 124 "GET /static/xadmin/vendor/bootstrap/css/bootstrap.css HTTP/1.1" 304 0
INFO 2020-07-08 20:23:13,412 basehttp 124 "GET /static/xadmin/css/themes/bootstrap-xadmin.css HTTP/1.1" 304 0
INFO 2020-07-08 20:23:13,416 basehttp 124 "GET /static/xadmin/vendor/font-awesome/css/font-awesome.css HTTP/1.1" 304 0
INFO 2020-07-08 20:23:13,418 basehttp 124 "GET /static/xadmin/css/xadmin.main.css HTTP/1.1" 304 0
INFO 2020-07-08 20:23:13,422 basehttp 124 "GET /static/xadmin/css/xadmin.plugins.css HTTP/1.1" 304 0
INFO 2020-07-08 20:23:13,424 basehttp 124 "GET /static/xadmin/css/xadmin.responsive.css HTTP/1.1" 304 0
INFO 2020-07-08 20:23:13,425 basehttp 124 "GET /static/xadmin/css/xadmin.form.css HTTP/1.1" 304 0
INFO 2020-07-08 20:23:13,433 basehttp 124 "GET /static/xadmin/vendor/jquery-ui/jquery.ui.widget.js HTTP/1.1" 304 0
INFO 2020-07-08 20:23:13,434 basehttp 124 "GET /static/xadmin/vendor/bootstrap/js/bootstrap.js HTTP/1.1" 304 0
INFO 2020-07-08 20:23:13,436 basehttp 124 "GET /static/xadmin/js/xadmin.main.js HTTP/1.1" 304 0
INFO 2020-07-08 20:23:13,438 basehttp 124 "GET /static/xadmin/vendor/jquery-ui/jquery.ui.effect.js HTTP/1.1" 304 0
INFO 2020-07-08 20:23:13,439 basehttp 124 "GET /static/xadmin/js/xadmin.plugin.themes.js HTTP/1.1" 304 0
INFO 2020-07-08 20:23:13,445 basehttp 124 "GET /static/xadmin/vendor/jquery-ui/jquery.ui.core.js HTTP/1.1" 304 0
INFO 2020-07-08 20:23:13,449 basehttp 124 "GET /static/xadmin/vendor/jquery-ui/jquery.ui.mouse.js HTTP/1.1" 304 0
INFO 2020-07-08 20:23:13,451 basehttp 124 "GET /static/xadmin/js/xadmin.responsive.js HTTP/1.1" 304 0
INFO 2020-07-08 20:23:13,452 basehttp 124 "GET /static/xadmin/js/xadmin.page.form.js HTTP/1.1" 304 0
INFO 2020-07-08 20:23:13,458 basehttp 124 "GET /static/xadmin/vendor/jquery/jquery.js HTTP/1.1" 304 0
INFO 2020-07-08 20:23:13,458 basehttp 124 "GET /static/xadmin/vendor/jquery-ui/jquery.ui.sortable.js HTTP/1.1" 304 0
INFO 2020-07-08 20:23:17,446 basehttp 124 "GET /x-admin/jsi18n/ HTTP/1.1" 200 7684
INFO 2020-07-08 20:23:17,463 basehttp 124 "GET /static/xadmin/vendor/font-awesome/fonts/fontawesome-webfont.woff?v=4.0.3 HTTP/1.1" 304 0
INFO 2020-07-08 20:24:11,142 basehttp 124 "POST /x-admin/home/nav/add/ HTTP/1.1" 302 0
INFO 2020-07-08 20:24:15,244 basehttp 124 "GET /x-admin/home/nav/add/ HTTP/1.1" 200 18050
INFO 2020-07-08 20:24:15,283 basehttp 124 "GET /static/xadmin/vendor/selectize/selectize.bootstrap3.css HTTP/1.1" 304 0
INFO 2020-07-08 20:24:15,283 basehttp 124 "GET /static/xadmin/vendor/select2/select2.css HTTP/1.1" 304 0
INFO 2020-07-08 20:24:15,286 basehttp 124 "GET /static/xadmin/vendor/selectize/selectize.css HTTP/1.1" 304 0
INFO 2020-07-08 20:24:15,292 basehttp 124 "GET /static/xadmin/js/xadmin.plugin.portal.js HTTP/1.1" 304 0
INFO 2020-07-08 20:24:15,296 basehttp 124 "GET /static/xadmin/vendor/selectize/selectize.js HTTP/1.1" 304 0
INFO 2020-07-08 20:24:15,297 basehttp 124 "GET /static/xadmin/js/xadmin.widget.select.js HTTP/1.1" 304 0
INFO 2020-07-08 20:24:15,298 basehttp 124 "GET /static/xadmin/vendor/select2/select2.js HTTP/1.1" 304 0
INFO 2020-07-08 20:24:15,298 basehttp 124 "GET /static/xadmin/vendor/select2/select2_locale_zh-hans.js HTTP/1.1" 304 0
INFO 2020-07-08 20:24:19,299 basehttp 124 "GET /x-admin/jsi18n/ HTTP/1.1" 200 7684
INFO 2020-07-08 20:24:38,407 basehttp 124 "POST /x-admin/home/nav/add/ HTTP/1.1" 302 0
INFO 2020-07-08 20:24:42,510 basehttp 124 "GET /x-admin/home/nav/add/ HTTP/1.1" 200 18041
INFO 2020-07-08 20:24:46,571 basehttp 124 "GET /x-admin/jsi18n/ HTTP/1.1" 200 7684
INFO 2020-07-08 20:27:12,461 basehttp 124 "GET /home/nav/ HTTP/1.1" 200 470
INFO 2020-07-08 20:27:12,463 basehttp 124 "GET /home/banner/ HTTP/1.1" 200 365
INFO 2020-07-08 20:27:12,483 basehttp 124 "GET /media/banner/03_sycdZDA.png HTTP/1.1" 304 0
INFO 2020-07-08 20:27:12,484 basehttp 124 "GET /media/banner/02.png HTTP/1.1" 304 0
INFO 2020-07-08 20:27:12,486 basehttp 124 "GET /media/banner/01_Gohx9HV.png HTTP/1.1" 304 0
INFO 2020-07-08 20:27:20,568 basehttp 124 "GET /home/nav/ HTTP/1.1" 200 470
INFO 2020-07-08 20:27:58,243 basehttp 124 "GET /home/nav/ HTTP/1.1" 200 548
INFO 2020-07-08 20:28:07,350 basehttp 124 "GET /home/nav/ HTTP/1.1" 200 548
INFO 2020-07-08 20:28:07,351 basehttp 124 "GET /home/banner/ HTTP/1.1" 200 365
INFO 2020-07-08 20:29:03,481 basehttp 124 "GET /home/nav/ HTTP/1.1" 200 548
INFO 2020-07-08 20:29:03,490 basehttp 124 "GET /home/banner/ HTTP/1.1" 200 365
INFO 2020-07-08 20:30:00,261 basehttp 124 "POST /x-admin/home/nav/add/ HTTP/1.1" 302 0
INFO 2020-07-08 20:30:07,073 basehttp 124 "GET /x-admin/home/nav/add/ HTTP/1.1" 200 18041
INFO 2020-07-08 20:30:11,127 basehttp 124 "GET /x-admin/jsi18n/ HTTP/1.1" 200 7684
INFO 2020-07-08 20:30:39,465 basehttp 124 "POST /x-admin/home/nav/add/ HTTP/1.1" 302 0
INFO 2020-07-08 20:30:43,576 basehttp 124 "GET /x-admin/home/nav/add/ HTTP/1.1" 200 18041
INFO 2020-07-08 20:30:47,620 basehttp 124 "GET /x-admin/jsi18n/ HTTP/1.1" 200 7684
INFO 2020-07-08 20:31:10,546 basehttp 124 "POST /x-admin/home/nav/add/ HTTP/1.1" 302 0
INFO 2020-07-08 20:31:14,645 basehttp 124 "GET /x-admin/home/nav/add/ HTTP/1.1" 200 18041
INFO 2020-07-08 20:31:18,694 basehttp 124 "GET /x-admin/jsi18n/ HTTP/1.1" 200 7684
INFO 2020-07-08 20:31:58,803 basehttp 124 "POST /x-admin/home/nav/add/ HTTP/1.1" 302 0
INFO 2020-07-08 20:32:02,918 basehttp 124 "GET /x-admin/home/nav/add/ HTTP/1.1" 200 18042
INFO 2020-07-08 20:32:06,974 basehttp 124 "GET /x-admin/jsi18n/ HTTP/1.1" 200 7684
INFO 2020-07-08 20:32:17,536 basehttp 124 "GET /home/nav/ HTTP/1.1" 200 720
INFO 2020-07-08 20:32:36,295 basehttp 124 "POST /x-admin/home/nav/add/ HTTP/1.1" 302 0
INFO 2020-07-08 20:32:40,389 basehttp 124 "GET /x-admin/home/nav/add/ HTTP/1.1" 200 18042
INFO 2020-07-08 20:32:44,439 basehttp 124 "GET /x-admin/jsi18n/ HTTP/1.1" 200 7684
INFO 2020-07-08 20:32:52,235 basehttp 124 "GET /home/nav/ HTTP/1.1" 200 720
INFO 2020-07-08 20:34:26,544 basehttp 124 "GET /home/banner/ HTTP/1.1" 200 365
INFO 2020-07-08 20:34:26,553 basehttp 124 "GET /home/nav/ HTTP/1.1" 200 720
INFO 2020-07-08 20:34:26,564 basehttp 124 "GET /media/banner/03_sycdZDA.png HTTP/1.1" 304 0
INFO 2020-07-08 20:34:26,565 basehttp 124 "GET /media/banner/02.png HTTP/1.1" 304 0
INFO 2020-07-08 20:34:26,566 basehttp 124 "GET /media/banner/01_Gohx9HV.png HTTP/1.1" 304 0
INFO 2020-07-08 20:34:46,183 basehttp 124 "GET /home/nav/ HTTP/1.1" 200 720
INFO 2020-07-08 20:34:46,189 basehttp 124 "GET /home/banner/ HTTP/1.1" 200 365
INFO 2020-07-08 20:34:55,624 basehttp 124 "GET /home/nav/ HTTP/1.1" 200 720
INFO 2020-07-08 20:35:36,577 basehttp 124 "GET /home/nav/ HTTP/1.1" 200 720
INFO 2020-07-08 20:35:36,581 basehttp 124 "GET /home/banner/ HTTP/1.1" 200 365
INFO 2020-07-08 20:35:51,224 basehttp 124 "GET /home/nav/ HTTP/1.1" 200 892
INFO 2020-07-08 20:35:51,229 basehttp 124 "GET /home/banner/ HTTP/1.1" 200 365
INFO 2020-07-08 20:36:47,284 basehttp 124 "GET /home/banner/ HTTP/1.1" 200 365
INFO 2020-07-08 20:36:47,287 basehttp 124 "GET /home/nav/ HTTP/1.1" 200 978
INFO 2020-07-08 20:40:08,765 basehttp 124 "GET /home/nav/ HTTP/1.1" 200 978
INFO 2020-07-08 20:40:08,785 basehttp 124 "GET /home/banner/ HTTP/1.1" 200 365
INFO 2020-07-08 20:40:08,801 basehttp 124 "GET /media/banner/03_sycdZDA.png HTTP/1.1" 304 0
INFO 2020-07-08 20:40:08,803 basehttp 124 "GET /media/banner/02.png HTTP/1.1" 304 0
INFO 2020-07-08 20:40:08,805 basehttp 124 "GET /media/banner/01_Gohx9HV.png HTTP/1.1" 304 0
INFO 2020-07-08 20:43:21,667 basehttp 124 "GET /home/banner/ HTTP/1.1" 200 365
INFO 2020-07-08 20:43:21,670 basehttp 124 "GET /home/nav/ HTTP/1.1" 200 978
INFO 2020-07-08 20:45:03,776 basehttp 124 "GET /home/nav/ HTTP/1.1" 200 969
INFO 2020-07-08 20:45:03,780 basehttp 124 "GET /home/banner/ HTTP/1.1" 200 365
INFO 2020-07-08 20:46:09,821 basehttp 124 "GET /home/nav/ HTTP/1.1" 200 969
INFO 2020-07-08 20:46:09,824 basehttp 124 "GET /home/banner/ HTTP/1.1" 200 365
WARNING 2020-07-08 20:46:09,847 base 93 Not Found: /media/banner/01_Gohx9HV.png
WARNING 2020-07-08 20:46:09,851 base 93 Not Found: /media/banner/02.png
WARNING 2020-07-08 20:46:09,854 base 93 Not Found: /media/banner/03_sycdZDA.png
WARNING 2020-07-08 20:46:09,854 basehttp 124 "GET /media/banner/02.png HTTP/1.1" 404 1844
WARNING 2020-07-08 20:46:09,855 basehttp 124 "GET /media/banner/01_Gohx9HV.png HTTP/1.1" 404 1868
WARNING 2020-07-08 20:46:09,856 basehttp 124 "GET /media/banner/03_sycdZDA.png HTTP/1.1" 404 1868
INFO 2020-07-08 20:47:03,489 basehttp 124 "GET /home/nav/ HTTP/1.1" 200 969
INFO 2020-07-08 20:47:03,492 basehttp 124 "GET /home/banner/ HTTP/1.1" 200 365
WARNING 2020-07-08 20:47:03,514 base 93 Not Found: /media/banner/01_Gohx9HV.png
WARNING 2020-07-08 20:47:03,517 basehttp 124 "GET /media/banner/01_Gohx9HV.png HTTP/1.1" 404 1868
WARNING 2020-07-08 20:47:03,520 base 93 Not Found: /media/banner/02.png
WARNING 2020-07-08 20:47:03,521 base 93 Not Found: /media/banner/03_sycdZDA.png
WARNING 2020-07-08 20:47:03,522 basehttp 124 "GET /media/banner/02.png HTTP/1.1" 404 1844
WARNING 2020-07-08 20:47:03,523 basehttp 124 "GET /media/banner/03_sycdZDA.png HTTP/1.1" 404 1868
INFO 2020-07-08 20:47:35,698 basehttp 124 "GET /home/banner/ HTTP/1.1" 200 365
INFO 2020-07-08 20:47:35,704 basehttp 124 "GET /home/nav/ HTTP/1.1" 200 969
WARNING 2020-07-08 20:47:35,721 base 93 Not Found: /media/banner/02.png
WARNING 2020-07-08 20:47:35,723 base 93 Not Found: /media/banner/03_sycdZDA.png
WARNING 2020-07-08 20:47:35,725 base 93 Not Found: /media/banner/01_Gohx9HV.png
WARNING 2020-07-08 20:47:35,726 basehttp 124 "GET /media/banner/03_sycdZDA.png HTTP/1.1" 404 1868
WARNING 2020-07-08 20:47:35,726 basehttp 124 "GET /media/banner/02.png HTTP/1.1" 404 1844
WARNING 2020-07-08 20:47:35,727 basehttp 124 "GET /media/banner/01_Gohx9HV.png HTTP/1.1" 404 1868
INFO 2020-07-08 20:48:30,313 basehttp 124 "GET /home/nav/ HTTP/1.1" 200 969
INFO 2020-07-08 20:48:30,316 basehttp 124 "GET /home/banner/ HTTP/1.1" 200 365
WARNING 2020-07-08 20:48:30,343 base 93 Not Found: /media/banner/01_Gohx9HV.png
WARNING 2020-07-08 20:48:30,350 base 93 Not Found: /media/banner/02.png
WARNING 2020-07-08 20:48:30,352 base 93 Not Found: /media/banner/03_sycdZDA.png
WARNING 2020-07-08 20:48:30,352 basehttp 124 "GET /media/banner/01_Gohx9HV.png HTTP/1.1" 404 1868
WARNING 2020-07-08 20:48:30,353 basehttp 124 "GET /media/banner/03_sycdZDA.png HTTP/1.1" 404 1868
WARNING 2020-07-08 20:48:30,354 basehttp 124 "GET /media/banner/02.png HTTP/1.1" 404 1844
WARNING 2020-07-08 20:48:56,379 base 93 Not Found: /media/banner/01_Gohx9HV.png
WARNING 2020-07-08 20:48:56,385 base 93 Not Found: /media/banner/03_sycdZDA.png
WARNING 2020-07-08 20:48:56,387 basehttp 124 "GET /media/banner/01_Gohx9HV.png HTTP/1.1" 404 1868
WARNING 2020-07-08 20:48:56,387 basehttp 124 "GET /media/banner/03_sycdZDA.png HTTP/1.1" 404 1868
WARNING 2020-07-08 20:48:56,412 base 93 Not Found: /media/banner/02.png
WARNING 2020-07-08 20:48:56,413 basehttp 124 "GET /media/banner/02.png HTTP/1.1" 404 1844
INFO 2020-07-08 20:49:26,372 basehttp 124 "GET /home/nav/ HTTP/1.1" 200 969
INFO 2020-07-08 20:49:26,378 basehttp 124 "GET /home/banner/ HTTP/1.1" 200 365
WARNING 2020-07-08 20:49:26,406 base 93 Not Found: /media/banner/01_Gohx9HV.png
WARNING 2020-07-08 20:49:26,408 base 93 Not Found: /media/banner/02.png
WARNING 2020-07-08 20:49:26,412 base 93 Not Found: /media/banner/03_sycdZDA.png
WARNING 2020-07-08 20:49:26,412 basehttp 124 "GET /media/banner/01_Gohx9HV.png HTTP/1.1" 404 1868
WARNING 2020-07-08 20:49:26,412 basehttp 124 "GET /media/banner/02.png HTTP/1.1" 404 1844
WARNING 2020-07-08 20:49:26,414 basehttp 124 "GET /media/banner/03_sycdZDA.png HTTP/1.1" 404 1868
WARNING 2020-07-08 20:53:16,177 base 93 Not Found: /
WARNING 2020-07-08 20:53:16,180 basehttp 124 "GET / HTTP/1.1" 404 2259
INFO 2020-07-08 20:53:48,361 basehttp 124 "GET /x-admin/ HTTP/1.1" 200 13299
INFO 2020-07-08 20:53:48,393 basehttp 124 "GET /static/xadmin/vendor/bootstrap/css/bootstrap.css HTTP/1.1" 304 0
INFO 2020-07-08 20:53:48,398 basehttp 124 "GET /static/xadmin/css/themes/bootstrap-xadmin.css HTTP/1.1" 304 0
INFO 2020-07-08 20:53:48,402 basehttp 124 "GET /static/xadmin/css/xadmin.main.css HTTP/1.1" 304 0
INFO 2020-07-08 20:53:48,402 basehttp 124 "GET /static/xadmin/vendor/font-awesome/css/font-awesome.css HTTP/1.1" 304 0
INFO 2020-07-08 20:53:48,409 basehttp 124 "GET /static/xadmin/css/xadmin.plugins.css HTTP/1.1" 304 0
INFO 2020-07-08 20:53:48,414 basehttp 124 "GET /static/xadmin/css/xadmin.page.dashboard.css HTTP/1.1" 304 0
INFO 2020-07-08 20:53:48,418 basehttp 124 "GET /static/xadmin/css/xadmin.responsive.css HTTP/1.1" 304 0
INFO 2020-07-08 20:53:48,419 basehttp 124 "GET /static/xadmin/vendor/jquery/jquery.js HTTP/1.1" 304 0
INFO 2020-07-08 20:53:48,432 basehttp 124 "GET /static/xadmin/vendor/jquery-ui/jquery.ui.mouse.js HTTP/1.1" 304 0
INFO 2020-07-08 20:53:48,432 basehttp 124 "GET /static/xadmin/vendor/bootstrap/js/bootstrap.js HTTP/1.1" 304 0
INFO 2020-07-08 20:53:48,433 basehttp 124 "GET /static/xadmin/vendor/jquery-ui/jquery.ui.core.js HTTP/1.1" 304 0
INFO 2020-07-08 20:53:48,446 basehttp 124 "GET /static/xadmin/js/xadmin.main.js HTTP/1.1" 304 0
INFO 2020-07-08 20:53:48,450 basehttp 124 "GET /static/xadmin/js/xadmin.responsive.js HTTP/1.1" 304 0
INFO 2020-07-08 20:53:48,454 basehttp 124 "GET /static/xadmin/vendor/jquery-ui/jquery.ui.effect.js HTTP/1.1" 304 0
INFO 2020-07-08 20:53:48,460 basehttp 124 "GET /static/xadmin/js/xadmin.plugin.themes.js HTTP/1.1" 304 0
INFO 2020-07-08 20:53:48,468 basehttp 124 "GET /static/xadmin/vendor/jquery-ui/jquery.ui.widget.js HTTP/1.1" 304 0
INFO 2020-07-08 20:53:48,468 basehttp 124 "GET /static/xadmin/js/xadmin.page.dashboard.js HTTP/1.1" 304 0
INFO 2020-07-08 20:53:48,475 basehttp 124 "GET /static/xadmin/js/xadmin.plugin.portal.js HTTP/1.1" 304 0
INFO 2020-07-08 20:53:48,476 basehttp 124 "GET /static/xadmin/vendor/jquery-ui/jquery.ui.sortable.js HTTP/1.1" 304 0
INFO 2020-07-08 20:53:52,434 basehttp 124 "GET /x-admin/jsi18n/ HTTP/1.1" 200 7684
INFO 2020-07-08 20:53:52,568 basehttp 124 "GET /static/xadmin/vendor/font-awesome/fonts/fontawesome-webfont.woff?v=4.0.3 HTTP/1.1" 304 0
INFO 2020-07-08 20:53:58,426 basehttp 124 "GET /x-admin/home/banner/ HTTP/1.1" 200 28034
INFO 2020-07-08 20:53:58,467 basehttp 124 "GET /static/xadmin/css/xadmin.form.css HTTP/1.1" 304 0
INFO 2020-07-08 20:53:58,489 basehttp 124 "GET /static/xadmin/js/xadmin.plugin.details.js HTTP/1.1" 304 0
INFO 2020-07-08 20:53:58,490 basehttp 124 "GET /static/xadmin/js/xadmin.plugin.bookmark.js HTTP/1.1" 304 0
INFO 2020-07-08 20:53:58,498 basehttp 124 "GET /static/xadmin/js/xadmin.plugin.actions.js HTTP/1.1" 304 0
INFO 2020-07-08 20:53:58,501 basehttp 124 "GET /static/xadmin/js/xadmin.plugin.filters.js HTTP/1.1" 304 0
INFO 2020-07-08 20:53:58,507 basehttp 124 "GET /static/xadmin/js/xadmin.page.list.js HTTP/1.1" 304 0
INFO 2020-07-08 20:53:58,511 basehttp 124 "GET /static/xadmin/js/xadmin.page.form.js HTTP/1.1" 304 0
INFO 2020-07-08 20:54:02,599 basehttp 124 "GET /x-admin/jsi18n/ HTTP/1.1" 200 7684
INFO 2020-07-08 20:54:09,519 basehttp 124 "GET /x-admin/home/banner/1/update/ HTTP/1.1" 200 18885
INFO 2020-07-08 20:54:09,549 basehttp 124 "GET /static/xadmin/vendor/bootstrap-image-gallery/css/bootstrap-image-gallery.css HTTP/1.1" 304 0
INFO 2020-07-08 20:54:09,564 basehttp 124 "GET /static/xadmin/vendor/load-image/load-image.js HTTP/1.1" 304 0
INFO 2020-07-08 20:54:09,571 basehttp 124 "GET /static/xadmin/vendor/bootstrap-image-gallery/js/bootstrap-image-gallery.js HTTP/1.1" 304 0
WARNING 2020-07-08 20:54:09,583 base 93 Not Found: /media/banner/01_Gohx9HV.png
WARNING 2020-07-08 20:54:09,583 basehttp 124 "GET /media/banner/01_Gohx9HV.png HTTP/1.1" 404 1859
INFO 2020-07-08 20:54:13,569 basehttp 124 "GET /x-admin/jsi18n/ HTTP/1.1" 200 7684
INFO 2020-07-08 20:54:24,746 basehttp 124 "POST /x-admin/home/banner/1/update/ HTTP/1.1" 302 0
INFO 2020-07-08 20:54:28,841 basehttp 124 "GET /x-admin/home/banner/ HTTP/1.1" 200 28269
INFO 2020-07-08 20:54:32,902 basehttp 124 "GET /x-admin/jsi18n/ HTTP/1.1" 200 7684
INFO 2020-07-08 20:55:11,096 basehttp 124 "GET /x-admin/home/banner/1/update/ HTTP/1.1" 200 18869
INFO 2020-07-08 20:55:11,171 basehttp 124 "GET /media/banner/01.png HTTP/1.1" 200 737783
INFO 2020-07-08 20:55:15,151 basehttp 124 "GET /x-admin/jsi18n/ HTTP/1.1" 200 7684
INFO 2020-07-08 20:57:43,984 basehttp 124 "GET /x-admin/home/banner/ HTTP/1.1" 200 28034
INFO 2020-07-08 20:57:48,035 basehttp 124 "GET /x-admin/jsi18n/ HTTP/1.1" 200 7684
INFO 2020-07-08 20:57:55,340 basehttp 124 "GET /x-admin/home/banner/2/update/ HTTP/1.1" 200 18869
WARNING 2020-07-08 20:57:55,392 base 93 Not Found: /media/banner/02.png
WARNING 2020-07-08 20:57:55,393 basehttp 124 "GET /media/banner/02.png HTTP/1.1" 404 1835
INFO 2020-07-08 20:57:59,391 basehttp 124 "GET /x-admin/jsi18n/ HTTP/1.1" 200 7684
INFO 2020-07-08 20:58:23,416 basehttp 124 "POST /x-admin/home/banner/2/update/ HTTP/1.1" 302 0
INFO 2020-07-08 20:58:27,522 basehttp 124 "GET /x-admin/home/banner/add/ HTTP/1.1" 200 18658
INFO 2020-07-08 20:58:31,569 basehttp 124 "GET /x-admin/jsi18n/ HTTP/1.1" 200 7684
INFO 2020-07-08 20:59:20,101 basehttp 124 "GET /x-admin/home/banner/ HTTP/1.1" 200 28034
INFO 2020-07-08 20:59:24,147 basehttp 124 "GET /x-admin/jsi18n/ HTTP/1.1" 200 7684
INFO 2020-07-08 20:59:30,843 basehttp 124 "GET /x-admin/home/banner/2/update/ HTTP/1.1" 200 18869
INFO 2020-07-08 20:59:30,888 basehttp 124 "GET /media/banner/02.png HTTP/1.1" 200 364808
INFO 2020-07-08 20:59:34,890 basehttp 124 "GET /x-admin/jsi18n/ HTTP/1.1" 200 7684
INFO 2020-07-08 20:59:54,170 basehttp 124 "GET /x-admin/home/banner/ HTTP/1.1" 200 28034
INFO 2020-07-08 20:59:58,218 basehttp 124 "GET /x-admin/jsi18n/ HTTP/1.1" 200 7684
INFO 2020-07-08 21:00:03,265 basehttp 124 "GET /x-admin/home/banner/3/update/ HTTP/1.1" 200 18885
WARNING 2020-07-08 21:00:03,320 base 93 Not Found: /media/banner/03_sycdZDA.png
WARNING 2020-07-08 21:00:03,321 basehttp 124 "GET /media/banner/03_sycdZDA.png HTTP/1.1" 404 1859
INFO 2020-07-08 21:00:07,317 basehttp 124 "GET /x-admin/jsi18n/ HTTP/1.1" 200 7684
INFO 2020-07-08 21:00:16,460 basehttp 124 "POST /x-admin/home/banner/3/update/ HTTP/1.1" 302 0
INFO 2020-07-08 21:00:20,566 basehttp 124 "GET /x-admin/home/banner/ HTTP/1.1" 200 28269
INFO 2020-07-08 21:00:24,610 basehttp 124 "GET /x-admin/jsi18n/ HTTP/1.1" 200 7684
INFO 2020-07-08 21:00:27,217 basehttp 124 "GET /home/nav/ HTTP/1.1" 200 969
INFO 2020-07-08 21:00:27,220 basehttp 124 "GET /home/banner/ HTTP/1.1" 200 349
INFO 2020-07-08 21:00:27,273 basehttp 124 "GET /media/banner/02.png HTTP/1.1" 200 364808
INFO 2020-07-08 21:00:27,282 basehttp 124 "GET /media/banner/03.png HTTP/1.1" 200 745382
INFO 2020-07-08 21:00:27,284 basehttp 124 "GET /media/banner/01.png HTTP/1.1" 200 737783
WARNING 2020-07-09 10:56:34,074 base 93 Not Found: /
WARNING 2020-07-09 10:56:34,076 basehttp 124 "GET / HTTP/1.1" 404 2268
WARNING 2020-07-09 10:56:34,171 base 93 Not Found: /favicon.ico
WARNING 2020-07-09 10:56:34,172 basehttp 124 "GET /favicon.ico HTTP/1.1" 404 2319
INFO 2020-07-09 10:57:38,907 basehttp 124 "GET /home/nav HTTP/1.1" 301 0
INFO 2020-07-09 10:57:42,965 basehttp 124 "GET /home/nav/ HTTP/1.1" 200 7933
INFO 2020-07-09 10:57:43,002 basehttp 124 "GET /static/rest_framework/css/bootstrap-tweaks.css HTTP/1.1" 200 3385
INFO 2020-07-09 10:57:43,005 basehttp 124 "GET /static/rest_framework/css/default.css HTTP/1.1" 200 1131
INFO 2020-07-09 10:57:43,008 basehttp 124 "GET /static/rest_framework/css/bootstrap.min.css HTTP/1.1" 200 121457
INFO 2020-07-09 10:57:43,009 basehttp 124 "GET /static/rest_framework/css/prettify.css HTTP/1.1" 200 817
INFO 2020-07-09 10:57:43,011 basehttp 124 "GET /static/rest_framework/js/jquery-3.4.1.min.js HTTP/1.1" 200 88145
INFO 2020-07-09 10:57:43,017 basehttp 124 "GET /static/rest_framework/js/ajax-form.js HTTP/1.1" 200 3597
INFO 2020-07-09 10:57:43,018 basehttp 124 "GET /static/rest_framework/js/csrf.js HTTP/1.1" 200 1719
INFO 2020-07-09 10:57:43,022 basehttp 124 "GET /static/rest_framework/js/prettify-min.js HTTP/1.1" 200 13632
INFO 2020-07-09 10:57:43,024 basehttp 124 "GET /static/rest_framework/js/bootstrap.min.js HTTP/1.1" 200 37608
INFO 2020-07-09 10:57:43,027 basehttp 124 "GET /static/rest_framework/js/default.js HTTP/1.1" 200 1268
INFO 2020-07-09 10:57:43,034 basehttp 124 "GET /static/rest_framework/img/grid.png HTTP/1.1" 200 1458
INFO 2020-07-09 11:06:21,994 basehttp 124 "GET /home/nav/ HTTP/1.1" 200 969
INFO 2020-07-09 11:06:21,998 basehttp 124 "GET /home/banner/ HTTP/1.1" 200 349
INFO 2020-07-09 11:06:22,037 basehttp 124 "GET /media/banner/02.png HTTP/1.1" 200 364808
INFO 2020-07-09 11:06:22,038 basehttp 124 "GET /media/banner/01.png HTTP/1.1" 200 737783
INFO 2020-07-09 11:06:22,041 basehttp 124 "GET /media/banner/03.png HTTP/1.1" 200 745382
WARNING 2020-07-09 11:56:18,186 basehttp 124 "POST /user/login/ HTTP/1.1" 400 67
WARNING 2020-07-09 12:01:03,996 basehttp 124 "POST /user/login/ HTTP/1.1" 400 67
WARNING 2020-07-09 12:01:32,604 base 93 Not Found: /
WARNING 2020-07-09 12:01:32,604 basehttp 124 "GET / HTTP/1.1" 404 2364
WARNING 2020-07-09 12:01:32,720 base 93 Not Found: /favicon.ico
WARNING 2020-07-09 12:01:32,720 basehttp 124 "GET /favicon.ico HTTP/1.1" 404 2415
INFO 2020-07-09 12:01:41,552 basehttp 124 "GET /x-admin/ HTTP/1.1" 200 4375
ERROR 2020-07-09 12:01:41,553 basehttp 124 "GET /x-admin/ HTTP/1.1" 500 59
INFO 2020-07-09 12:01:45,505 basehttp 124 "GET /x-admin/ HTTP/1.1" 200 4375
INFO 2020-07-09 12:01:45,548 basehttp 124 "GET /static/xadmin/vendor/bootstrap/css/bootstrap.css HTTP/1.1" 304 0
INFO 2020-07-09 12:01:45,550 basehttp 124 "GET /static/xadmin/css/themes/bootstrap-xadmin.css HTTP/1.1" 304 0
INFO 2020-07-09 12:01:45,553 basehttp 124 "GET /static/xadmin/css/xadmin.main.css HTTP/1.1" 304 0
INFO 2020-07-09 12:01:45,554 basehttp 124 "GET /static/xadmin/css/xadmin.responsive.css HTTP/1.1" 304 0
INFO 2020-07-09 12:01:45,554 basehttp 124 "GET /static/xadmin/vendor/font-awesome/css/font-awesome.css HTTP/1.1" 304 0
INFO 2020-07-09 12:01:45,562 basehttp 124 "GET /static/xadmin/vendor/jquery/jquery.js HTTP/1.1" 304 0
INFO 2020-07-09 12:01:45,563 basehttp 124 "GET /static/xadmin/css/xadmin.plugins.css HTTP/1.1" 304 0
INFO 2020-07-09 12:01:45,564 basehttp 124 "GET /static/xadmin/vendor/jquery-ui/jquery.ui.mouse.js HTTP/1.1" 304 0
INFO 2020-07-09 12:01:45,574 basehttp 124 "GET /static/xadmin/vendor/jquery-ui/jquery.ui.sortable.js HTTP/1.1" 304 0
INFO 2020-07-09 12:01:45,574 basehttp 124 "GET /static/xadmin/js/xadmin.responsive.js HTTP/1.1" 304 0
INFO 2020-07-09 12:01:45,583 basehttp 124 "GET /static/xadmin/vendor/jquery-ui/jquery.ui.core.js HTTP/1.1" 304 0
INFO 2020-07-09 12:01:45,585 basehttp 124 "GET /static/xadmin/vendor/jquery-ui/jquery.ui.widget.js HTTP/1.1" 304 0
INFO 2020-07-09 12:01:45,588 basehttp 124 "GET /static/xadmin/vendor/bootstrap/js/bootstrap.js HTTP/1.1" 304 0
INFO 2020-07-09 12:01:45,588 basehttp 124 "GET /static/xadmin/js/xadmin.plugin.themes.js HTTP/1.1" 304 0
INFO 2020-07-09 12:01:45,591 basehttp 124 "GET /static/xadmin/js/xadmin.main.js HTTP/1.1" 304 0
INFO 2020-07-09 12:01:45,592 basehttp 124 "GET /static/xadmin/vendor/jquery-ui/jquery.ui.effect.js HTTP/1.1" 304 0
INFO 2020-07-09 12:01:49,604 basehttp 124 "GET /x-admin/jsi18n/ HTTP/1.1" 200 4382
INFO 2020-07-09 12:01:49,668 basehttp 124 "GET /static/xadmin/vendor/font-awesome/fonts/fontawesome-webfont.woff?v=4.0.3 HTTP/1.1" 304 0
INFO 2020-07-09 12:01:55,849 basehttp 124 "POST /x-admin/ HTTP/1.1" 200 4612
INFO 2020-07-09 12:01:59,892 basehttp 124 "GET /x-admin/jsi18n/ HTTP/1.1" 200 4382
INFO 2020-07-09 12:02:10,644 basehttp 124 "POST /x-admin/ HTTP/1.1" 200 4612
INFO 2020-07-09 12:02:14,686 basehttp 124 "GET /x-admin/jsi18n/ HTTP/1.1" 200 4382
INFO 2020-07-09 12:05:18,059 basehttp 124 "POST /x-admin/ HTTP/1.1" 200 4612
INFO 2020-07-09 12:05:22,112 basehttp 124 "GET /x-admin/jsi18n/ HTTP/1.1" 200 4382
INFO 2020-07-09 12:06:41,097 basehttp 124 "POST /user/login/ HTTP/1.1" 200 222
INFO 2020-07-09 12:37:02,517 basehttp 124 "GET /home/banner/ HTTP/1.1" 200 349
INFO 2020-07-09 12:37:02,519 basehttp 124 "GET /home/nav/ HTTP/1.1" 200 969
INFO 2020-07-09 12:37:02,548 basehttp 124 "GET /media/banner/02.png HTTP/1.1" 200 364808
INFO 2020-07-09 12:37:02,550 basehttp 124 "GET /media/banner/01.png HTTP/1.1" 200 737783
INFO 2020-07-09 12:37:02,563 basehttp 124 "GET /media/banner/03.png HTTP/1.1" 200 745382
INFO 2020-07-09 17:10:16,688 basehttp 124 "POST /user/login/ HTTP/1.1" 200 226
INFO 2020-07-09 17:10:30,727 basehttp 124 "POST /user/login/ HTTP/1.1" 200 226
INFO 2020-07-09 17:34:31,624 basehttp 124 "GET /home/banner/ HTTP/1.1" 200 349
INFO 2020-07-09 17:34:31,624 basehttp 124 "GET /home/nav/ HTTP/1.1" 200 969
INFO 2020-07-09 17:34:31,652 basehttp 124 "GET /media/banner/02.png HTTP/1.1" 200 364808
INFO 2020-07-09 17:34:31,655 basehttp 124 "GET /media/banner/01.png HTTP/1.1" 200 737783
INFO 2020-07-09 17:34:31,665 basehttp 124 "GET /media/banner/03.png HTTP/1.1" 200 745382
INFO 2020-07-09 17:50:11,802 basehttp 124 "GET /home/nav/ HTTP/1.1" 200 969
INFO 2020-07-09 17:50:11,802 basehttp 124 "GET /home/banner/ HTTP/1.1" 200 349
INFO 2020-07-09 17:50:11,828 basehttp 124 "GET /media/banner/02.png HTTP/1.1" 200 364808
INFO 2020-07-09 17:50:11,831 basehttp 124 "GET /media/banner/03.png HTTP/1.1" 200 745382
INFO 2020-07-09 17:50:11,832 basehttp 124 "GET /media/banner/01.png HTTP/1.1" 200 737783
WARNING 2020-07-09 17:51:11,743 basehttp 124 "GET /user/captcha/ HTTP/1.1" 400 29
WARNING 2020-07-09 17:51:26,591 basehttp 124 "GET /user/captcha/ HTTP/1.1" 400 29
WARNING 2020-07-09 17:52:07,638 basehttp 124 "GET /user/captcha/ HTTP/1.1" 400 29
WARNING 2020-07-09 17:52:21,721 basehttp 124 "GET /user/captcha/ HTTP/1.1" 400 29
INFO 2020-07-09 17:52:52,231 basehttp 124 "GET /user/captcha/?username=admin HTTP/1.1" 200 140
WARNING 2020-07-09 17:54:02,213 basehttp 124 "GET /user/captcha/ HTTP/1.1" 400 29
INFO 2020-07-09 17:54:11,381 basehttp 124 "GET /user/captcha/?username=admin HTTP/1.1" 200 140
INFO 2020-07-09 17:54:30,640 basehttp 124 "GET /user/captcha/?username=admin HTTP/1.1" 200 140
INFO 2020-07-09 17:57:00,453 basehttp 124 "GET /user/captcha/?username=admin HTTP/1.1" 200 140
INFO 2020-07-09 17:57:17,627 basehttp 124 "OPTIONS /user/captcha/ HTTP/1.1" 200 0
INFO 2020-07-09 17:57:17,632 basehttp 124 "POST /user/captcha/ HTTP/1.1" 200 17
INFO 2020-07-09 17:57:17,641 basehttp 124 "OPTIONS /user/login/ HTTP/1.1" 200 0
WARNING 2020-07-09 17:57:17,649 basehttp 124 "POST /user/login/ HTTP/1.1" 400 41
INFO 2020-07-09 17:57:34,215 basehttp 124 "GET /user/captcha/?username=admin HTTP/1.1" 200 140
INFO 2020-07-09 17:57:42,747 basehttp 124 "POST /user/captcha/ HTTP/1.1" 200 17
INFO 2020-07-09 17:57:46,870 basehttp 124 "POST /user/login/ HTTP/1.1" 200 226
INFO 2020-07-09 17:57:50,974 basehttp 124 "GET /home/banner/ HTTP/1.1" 200 349
INFO 2020-07-09 17:57:50,985 basehttp 124 "GET /home/nav/ HTTP/1.1" 200 969
INFO 2020-07-09 18:01:16,875 basehttp 124 "GET /user/captcha/?username=admin HTTP/1.1" 200 140
INFO 2020-07-09 18:01:24,999 basehttp 124 "POST /user/captcha/ HTTP/1.1" 200 25
INFO 2020-07-09 18:01:29,116 basehttp 124 "POST /user/login/ HTTP/1.1" 200 226
INFO 2020-07-09 18:01:33,209 basehttp 124 "GET /home/nav/ HTTP/1.1" 200 969
INFO 2020-07-09 18:01:33,215 basehttp 124 "GET /home/banner/ HTTP/1.1" 200 349
INFO 2020-07-09 18:05:02,515 basehttp 124 "GET /user/captcha/?username=admin HTTP/1.1" 200 140
INFO 2020-07-09 18:05:07,848 basehttp 124 "POST /user/captcha/ HTTP/1.1" 200 25
INFO 2020-07-09 18:05:11,968 basehttp 124 "POST /user/login/ HTTP/1.1" 200 226
INFO 2020-07-09 18:05:16,064 basehttp 124 "GET /home/nav/ HTTP/1.1" 200 969
INFO 2020-07-09 18:05:16,069 basehttp 124 "GET /home/banner/ HTTP/1.1" 200 349
INFO 2020-07-09 18:08:31,819 basehttp 124 "GET /user/captcha/?username=admin HTTP/1.1" 200 140
INFO 2020-07-09 18:25:07,479 basehttp 124 "GET /user/captcha/?username=admin HTTP/1.1" 200 140
INFO 2020-07-09 18:25:26,366 basehttp 124 "OPTIONS /user/captcha/ HTTP/1.1" 200 0
ERROR 2020-07-09 18:25:26,375 exceptions 18 <user.views.CaptchaAPIView object at 0x0000011410C2A1D0> POST 'gt_server_status'
ERROR 2020-07-09 18:25:26,376 basehttp 124 "POST /user/captcha/ HTTP/1.1" 500 56
INFO 2020-07-09 18:29:06,624 basehttp 124 "GET /user/captcha/?username=admin HTTP/1.1" 200 140
ERROR 2020-07-09 18:29:11,624 exceptions 18 <user.views.CaptchaAPIView object at 0x000001F34462AE80> POST 'gt_server_status'
ERROR 2020-07-09 18:29:11,625 basehttp 124 "POST /user/captcha/ HTTP/1.1" 500 56
INFO 2020-07-09 18:31:46,231 basehttp 124 "GET /user/captcha/?username=admin HTTP/1.1" 200 140
INFO 2020-07-09 18:31:51,477 basehttp 124 "POST /user/captcha/ HTTP/1.1" 200 17
INFO 2020-07-09 18:31:51,487 basehttp 124 "OPTIONS /user/login/ HTTP/1.1" 200 0
INFO 2020-07-09 18:31:55,602 basehttp 124 "POST /user/login/ HTTP/1.1" 200 226
INFO 2020-07-09 18:31:59,693 basehttp 124 "GET /home/nav/ HTTP/1.1" 200 969
INFO 2020-07-09 18:31:59,735 basehttp 124 "GET /home/banner/ HTTP/1.1" 200 349
INFO 2020-07-09 18:42:14,884 basehttp 124 "GET /home/nav/ HTTP/1.1" 200 969
INFO 2020-07-09 18:42:14,885 basehttp 124 "GET /home/banner/ HTTP/1.1" 200 349
INFO 2020-07-09 18:45:53,482 basehttp 124 "GET /user/captcha/?username=admin HTTP/1.1" 200 140
INFO 2020-07-09 18:45:58,794 basehttp 124 "POST /user/captcha/ HTTP/1.1" 200 17
INFO 2020-07-09 18:46:02,914 basehttp 124 "POST /user/login/ HTTP/1.1" 200 226
INFO 2020-07-09 18:46:06,989 basehttp 124 "GET /home/nav/ HTTP/1.1" 200 969
INFO 2020-07-09 18:46:06,999 basehttp 124 "GET /home/banner/ HTTP/1.1" 200 349
INFO 2020-07-09 18:46:51,704 basehttp 124 "GET /user/captcha/?username=18700001111 HTTP/1.1" 200 140
INFO 2020-07-09 18:46:56,507 basehttp 124 "POST /user/captcha/ HTTP/1.1" 200 17
INFO 2020-07-09 18:47:00,634 basehttp 124 "POST /user/login/ HTTP/1.1" 200 226
INFO 2020-07-09 18:47:04,715 basehttp 124 "GET /home/nav/ HTTP/1.1" 200 969
INFO 2020-07-09 18:47:04,737 basehttp 124 "GET /home/banner/ HTTP/1.1" 200 349
INFO 2020-07-10 12:36:32,960 basehttp 124 "GET /user/phone/18700001111 HTTP/1.1" 301 0
INFO 2020-07-10 12:36:38,659 basehttp 124 "GET /user/phone/18700001111 HTTP/1.1" 301 0
WARNING 2020-07-10 12:36:49,442 basehttp 124 "GET /user/phone/18700001111/ HTTP/1.1" 400 35
WARNING 2020-07-10 12:37:04,863 basehttp 124 "GET /user/phone/18700/ HTTP/1.1" 400 35
WARNING 2020-07-10 12:37:10,263 basehttp 124 "GET /user/phone/18700/ HTTP/1.1" 400 35
INFO 2020-07-10 12:37:21,214 basehttp 124 "GET /user/phone/18700004444/ HTTP/1.1" 200 16
INFO 2020-07-10 18:20:58,119 basehttp 124 "GET /home/banner/ HTTP/1.1" 200 349
INFO 2020-07-10 18:20:58,120 basehttp 124 "GET /home/nav/ HTTP/1.1" 200 969
INFO 2020-07-10 18:20:58,152 basehttp 124 "GET /media/banner/02.png HTTP/1.1" 200 364808
INFO 2020-07-10 18:20:58,154 basehttp 124 "GET /media/banner/03.png HTTP/1.1" 200 745382
INFO 2020-07-10 18:20:58,155 basehttp 124 "GET /media/banner/01.png HTTP/1.1" 200 737783
INFO 2020-07-10 18:21:51,554 basehttp 124 "GET /user/check_phone/18722482381/ HTTP/1.1" 200 16
WARNING 2020-07-10 18:21:55,311 basehttp 124 "GET /user/check_phone/187224823811/ HTTP/1.1" 400 35
WARNING 2020-07-10 18:22:23,690 basehttp 124 "GET /user/check_phone/187224823811/ HTTP/1.1" 400 35
WARNING 2020-07-10 18:22:36,578 basehttp 124 "GET /user/check_phone/187/ HTTP/1.1" 400 35
INFO 2020-07-10 18:22:45,665 basehttp 124 "GET /user/check_phone/18722482381/ HTTP/1.1" 200 16
INFO 2020-07-10 18:22:52,630 basehttp 124 "GET /user/check_phone/18722482381/ HTTP/1.1" 200 16
WARNING 2020-07-10 18:24:57,664 basehttp 124 "GET /user/check_phone/18700001111/ HTTP/1.1" 400 35
WARNING 2020-07-10 18:25:16,764 basehttp 124 "GET /user/check_phone/18700001111/ HTTP/1.1" 400 35
WARNING 2020-07-10 18:25:36,724 basehttp 124 "GET /user/check_phone/18700001111/ HTTP/1.1" 400 35
INFO 2020-07-10 18:25:55,179 basehttp 124 "OPTIONS /user/register/ HTTP/1.1" 200 0
WARNING 2020-07-10 18:25:58,454 basehttp 124 "GET /user/check_phone/18700001111/ HTTP/1.1" 400 35
WARNING 2020-07-10 18:25:59,196 basehttp 124 "POST /user/register/ HTTP/1.1" 400 133
WARNING 2020-07-10 18:26:11,543 basehttp 124 "POST /user/register/ HTTP/1.1" 400 133
ERROR 2020-07-10 18:27:24,387 exceptions 18 <user.views.SendMessageAPIView object at 0x00000181CC4FE9E8> GET get() got an unexpected keyword argument 'number'
ERROR 2020-07-10 18:27:24,389 basehttp 124 "GET /user/sms/18700001111/ HTTP/1.1" 500 56
WARNING 2020-07-10 18:27:26,940 basehttp 124 "GET /user/check_phone/18700001111/ HTTP/1.1" 400 35
WARNING 2020-07-10 18:32:21,736 basehttp 124 "GET /user/check_phone/18700001111/ HTTP/1.1" 400 35
ERROR 2020-07-10 18:32:48,031 exceptions 18 <user.views.SendMessageAPIView object at 0x000001EEC13270F0> GET Error 10060 connecting to 192.168.134.124:8000. .
ERROR 2020-07-10 18:32:48,034 basehttp 124 "GET /user/sms/18700001111/ HTTP/1.1" 500 56
ERROR 2020-07-10 18:33:28,370 exceptions 18 <user.views.SendMessageAPIView object at 0x000001EEC13F1EF0> GET Error 10060 connecting to 192.168.134.124:8000. .
ERROR 2020-07-10 18:33:28,371 basehttp 124 "GET /user/sms/18700001111/ HTTP/1.1" 500 56
ERROR 2020-07-10 18:33:30,042 exceptions 18 <user.views.SendMessageAPIView object at 0x000001EEC13F11D0> GET Error 10060 connecting to 192.168.134.124:8000. .
ERROR 2020-07-10 18:33:30,042 basehttp 124 "GET /user/sms/18700001111/ HTTP/1.1" 500 56
ERROR 2020-07-10 18:34:12,056 exceptions 18 <user.views.SendMessageAPIView object at 0x000001EEC1413208> GET Error 10060 connecting to 192.168.134.124:8000. .
ERROR 2020-07-10 18:34:12,057 basehttp 124 "GET /user/sms/18700001111/ HTTP/1.1" 500 56
ERROR 2020-07-10 18:34:23,977 exceptions 18 <user.views.SendMessageAPIView object at 0x000001EEC1413C88> GET Error 10060 connecting to 192.168.134.124:8000. .
ERROR 2020-07-10 18:34:23,977 basehttp 124 "GET /user/sms/18700001111/ HTTP/1.1" 500 56
ERROR 2020-07-10 18:34:24,227 exceptions 18 <user.views.SendMessageAPIView object at 0x000001EEC14217F0> GET Error 10060 connecting to 192.168.134.124:8000. .
ERROR 2020-07-10 18:34:24,228 basehttp 124 "GET /user/sms/18700001111/ HTTP/1.1" 500 56
ERROR 2020-07-10 18:34:24,852 exceptions 18 <user.views.SendMessageAPIView object at 0x000001EEC13E4CF8> GET Error 10060 connecting to 192.168.134.124:8000. .
ERROR 2020-07-10 18:34:24,853 basehttp 124 "GET /user/sms/18700001111/ HTTP/1.1" 500 56
ERROR 2020-07-10 18:34:25,328 exceptions 18 <user.views.SendMessageAPIView object at 0x000001EEC142AD68> GET Error 10060 connecting to 192.168.134.124:8000. .
ERROR 2020-07-10 18:34:25,329 basehttp 124 "GET /user/sms/18700001111/ HTTP/1.1" 500 56
ERROR 2020-07-10 18:34:25,545 exceptions 18 <user.views.SendMessageAPIView object at 0x000001EEC1430B00> GET Error 10060 connecting to 192.168.134.124:8000. .
ERROR 2020-07-10 18:34:25,546 basehttp 124 "GET /user/sms/18700001111/ HTTP/1.1" 500 56
ERROR 2020-07-10 18:34:54,073 exceptions 18 <user.views.SendMessageAPIView object at 0x000001EEC14378D0> GET Error 10060 connecting to 192.168.134.124:8000. .
ERROR 2020-07-10 18:34:54,074 basehttp 124 "GET /user/sms/18700001111/ HTTP/1.1" 500 56
WARNING 2020-07-10 18:35:55,114 basehttp 124 "GET /user/check_phone/18700001111/ HTTP/1.1" 400 35
ERROR 2020-07-10 18:37:00,210 exceptions 18 <user.views.SendMessageAPIView object at 0x000001EEC1445DD8> GET Error 10060 connecting to 192.168.134.124:8000. .
ERROR 2020-07-10 18:37:00,211 basehttp 124 "GET /user/sms/18700001111/ HTTP/1.1" 500 56
ERROR 2020-07-10 18:38:31,554 exceptions 18 <user.views.SendMessageAPIView object at 0x000001EEC1451C50> GET Error 10060 connecting to 192.168.134.124:8000. .
ERROR 2020-07-10 18:38:31,554 basehttp 124 "GET /user/sms/18700001111/ HTTP/1.1" 500 56
WARNING 2020-07-10 18:38:42,974 basehttp 124 "GET /user/check_phone/18700001111/ HTTP/1.1" 400 35
ERROR 2020-07-10 18:38:53,665 exceptions 18 <user.views.SendMessageAPIView object at 0x000001EEC14511D0> GET Error 10060 connecting to 192.168.134.124:8000. .
ERROR 2020-07-10 18:38:53,666 basehttp 124 "GET /user/sms/18700001111/ HTTP/1.1" 500 56
ERROR 2020-07-10 18:38:53,944 exceptions 18 <user.views.SendMessageAPIView object at 0x000001EEC1445710> GET Error 10060 connecting to 192.168.134.124:8000. .
ERROR 2020-07-10 18:38:53,945 basehttp 124 "GET /user/sms/18700001111/ HTTP/1.1" 500 56
INFO 2020-07-10 18:39:27,477 basehttp 124 "GET /home/banner/ HTTP/1.1" 200 349
INFO 2020-07-10 18:39:27,481 basehttp 124 "GET /home/nav/ HTTP/1.1" 200 969
INFO 2020-07-10 18:39:39,475 basehttp 124 "GET /user/check_phone/18722482381/ HTTP/1.1" 200 16
ERROR 2020-07-10 18:40:23,145 exceptions 18 <user.views.SendMessageAPIView object at 0x0000027CF2189C50> GET Error 10060 connecting to 192.168.134.124:8000. .
ERROR 2020-07-10 18:40:23,146 basehttp 124 "GET /user/sms/18722482381/ HTTP/1.1" 500 56
ERROR 2020-07-10 18:42:08,992 exceptions 18 <user.views.SendMessageAPIView object at 0x0000027CF2220A58> GET Error 10060 connecting to 192.168.134.124:8000. .
ERROR 2020-07-10 18:42:08,996 basehttp 124 "GET /user/sms/18700001111/ HTTP/1.1" 500 56
WARNING 2020-07-10 18:44:23,404 basehttp 124 "GET /user/check_phone/18700001111/ HTTP/1.1" 400 35
ERROR 2020-07-10 18:45:30,564 exceptions 18 <user.views.SendMessageAPIView object at 0x000001BB5EFFB080> GET Error 10061 connecting to 192.168.115.128:8000. .
ERROR 2020-07-10 18:45:30,565 basehttp 124 "GET /user/sms/18700001111/ HTTP/1.1" 500 56
ERROR 2020-07-10 19:02:26,765 exceptions 18 <user.views.SendMessageAPIView object at 0x000001BB6009F2B0> GET Error 10061 connecting to 192.168.115.128:8000. .
ERROR 2020-07-10 19:02:26,766 basehttp 124 "GET /user/sms/18700001111/ HTTP/1.1" 500 56
INFO 2020-07-10 19:05:56,225 basehttp 124 "GET /user/sms/18700001111/ HTTP/1.1" 200 32
WARNING 2020-07-10 19:06:16,817 basehttp 124 "POST /user/register/ HTTP/1.1" 400 43
WARNING 2020-07-10 19:08:43,608 basehttp 124 "POST /user/register/ HTTP/1.1" 400 43
WARNING 2020-07-10 19:09:08,318 basehttp 124 "GET /user/check_phone/18700001111/ HTTP/1.1" 400 35
WARNING 2020-07-10 19:09:12,515 basehttp 124 "POST /user/register/ HTTP/1.1" 400 57
WARNING 2020-07-10 19:09:38,897 basehttp 124 "POST /user/register/ HTTP/1.1" 400 57
INFO 2020-07-10 19:10:02,016 basehttp 124 "GET /user/sms/18722482381/ HTTP/1.1" 200 32
INFO 2020-07-10 19:10:04,648 basehttp 124 "GET /user/check_phone/18722482381/ HTTP/1.1" 200 16
WARNING 2020-07-10 19:10:11,623 basehttp 124 "GET /user/sms/18722482381/ HTTP/1.1" 400 51
WARNING 2020-07-10 19:10:13,917 basehttp 124 "GET /user/sms/18722482381/ HTTP/1.1" 400 51
WARNING 2020-07-10 19:10:39,293 basehttp 124 "GET /user/sms/18722482381/ HTTP/1.1" 400 51
INFO 2020-07-10 19:12:16,838 basehttp 124 "GET /user/sms/18722482381/ HTTP/1.1" 200 32
WARNING 2020-07-10 19:12:17,671 basehttp 124 "GET /user/sms/18722482381/ HTTP/1.1" 400 51
WARNING 2020-07-10 19:12:18,676 basehttp 124 "GET /user/sms/18722482381/ HTTP/1.1" 400 51
WARNING 2020-07-10 19:12:19,265 basehttp 124 "GET /user/sms/18722482381/ HTTP/1.1" 400 51
WARNING 2020-07-10 19:12:20,736 basehttp 124 "GET /user/sms/18722482381/ HTTP/1.1" 400 51
WARNING 2020-07-10 19:12:56,766 basehttp 124 "GET /user/sms/18722482381/ HTTP/1.1" 400 51
WARNING 2020-07-10 19:12:58,362 basehttp 124 "GET /user/sms/18722482381/ HTTP/1.1" 400 51
INFO 2020-07-10 19:13:00,694 basehttp 124 "GET /user/check_phone/18722482381/ HTTP/1.1" 200 16
WARNING 2020-07-10 19:13:13,397 basehttp 124 "GET /user/sms/18722482381/ HTTP/1.1" 400 51
INFO 2020-07-10 19:13:23,206 basehttp 124 "GET /user/sms/18722482381/ HTTP/1.1" 200 32
WARNING 2020-07-10 19:13:24,938 basehttp 124 "POST /user/register/ HTTP/1.1" 400 77
WARNING 2020-07-10 19:13:25,184 basehttp 124 "GET /user/sms/18722482381/ HTTP/1.1" 400 51
WARNING 2020-07-10 19:13:25,490 basehttp 124 "POST /user/register/ HTTP/1.1" 400 77
WARNING 2020-07-10 19:13:26,843 basehttp 124 "GET /user/sms/18722482381/ HTTP/1.1" 400 51
WARNING 2020-07-10 19:13:28,637 basehttp 124 "GET /user/sms/18722482381/ HTTP/1.1" 400 51
WARNING 2020-07-10 19:13:30,541 basehttp 124 "GET /user/sms/18722482381/ HTTP/1.1" 400 51
INFO 2020-07-10 19:17:45,757 basehttp 124 "GET /user/sms/18722482381/ HTTP/1.1" 200 32
INFO 2020-07-10 19:17:49,704 basehttp 124 "GET /user/check_phone/18722482381/ HTTP/1.1" 200 16
WARNING 2020-07-10 19:17:49,764 basehttp 124 "GET /user/sms/18722482381/ HTTP/1.1" 400 51
WARNING 2020-07-10 19:17:50,255 basehttp 124 "GET /user/sms/18722482381/ HTTP/1.1" 400 51
WARNING 2020-07-10 19:17:52,119 basehttp 124 "GET /user/sms/18722482381/ HTTP/1.1" 400 51
WARNING 2020-07-10 19:17:53,995 basehttp 124 "GET /user/sms/18722482381/ HTTP/1.1" 400 51
WARNING 2020-07-10 19:17:54,773 basehttp 124 "GET /user/sms/18722482381/ HTTP/1.1" 400 51
WARNING 2020-07-10 19:17:56,858 basehttp 124 "GET /user/sms/18722482381/ HTTP/1.1" 400 51
INFO 2020-07-10 19:18:55,851 basehttp 124 "GET /user/sms/18722482381/ HTTP/1.1" 200 32
INFO 2020-07-10 19:18:58,268 basehttp 124 "GET /user/check_phone/18722482381/ HTTP/1.1" 200 16
WARNING 2020-07-10 19:18:58,445 basehttp 124 "GET /user/sms/18722482381/ HTTP/1.1" 400 51
INFO 2020-07-10 19:19:57,744 basehttp 124 "GET /user/sms/18722482381/ HTTP/1.1" 200 32
WARNING 2020-07-10 19:20:33,334 basehttp 124 "GET /user/check_phone/187224823811/ HTTP/1.1" 400 35
INFO 2020-07-10 19:20:43,693 basehttp 124 "GET /user/check_phone/18722482381/ HTTP/1.1" 200 16
INFO 2020-07-10 19:21:28,698 basehttp 124 "GET /user/sms/18722482381/ HTTP/1.1" 200 32
INFO 2020-07-10 19:21:47,720 basehttp 124 "POST /user/register/ HTTP/1.1" 201 213
WARNING 2020-07-10 19:22:43,530 basehttp 124 "POST /user/register/ HTTP/1.1" 400 57
WARNING 2020-07-10 19:22:44,360 basehttp 124 "POST /user/register/ HTTP/1.1" 400 57
WARNING 2020-07-10 19:22:59,958 basehttp 124 "GET /user/check_phone/18722482381/ HTTP/1.1" 400 35
INFO 2020-07-10 19:23:31,569 basehttp 124 "GET /user/sms/18712341234/ HTTP/1.1" 200 32
INFO 2020-07-10 19:23:35,493 basehttp 124 "GET /user/check_phone/18712341234/ HTTP/1.1" 200 16
WARNING 2020-07-10 19:23:45,077 basehttp 124 "POST /user/register/ HTTP/1.1" 400 43
INFO 2020-07-10 19:27:37,731 basehttp 124 "GET /user/sms/18700000000/ HTTP/1.1" 200 32
INFO 2020-07-10 19:27:38,876 basehttp 124 "GET /user/check_phone/18700000000/ HTTP/1.1" 200 16
WARNING 2020-07-10 19:28:28,141 basehttp 124 "GET /user/sms/18700000000/ HTTP/1.1" 400 51
WARNING 2020-07-10 19:28:34,517 base 93 Not Found: /user/check_phone//
WARNING 2020-07-10 19:28:34,517 basehttp 124 "GET /user/check_phone// HTTP/1.1" 404 3169
WARNING 2020-07-10 19:29:10,273 base 93 Not Found: /user/check_phone//
WARNING 2020-07-10 19:29:10,273 basehttp 124 "GET /user/check_phone// HTTP/1.1" 404 3169
INFO 2020-07-10 19:30:34,239 basehttp 124 "GET /user/sms/18700000000/ HTTP/1.1" 200 32
INFO 2020-07-10 19:30:36,119 basehttp 124 "GET /user/check_phone/18700000000/ HTTP/1.1" 200 16
WARNING 2020-07-10 19:30:41,945 basehttp 124 "POST /user/register/ HTTP/1.1" 400 41
WARNING 2020-07-10 19:31:01,907 basehttp 124 "POST /user/register/ HTTP/1.1" 400 43
INFO 2020-07-10 19:32:04,071 basehttp 124 "GET /user/sms/18700000000/ HTTP/1.1" 200 32
INFO 2020-07-10 19:32:05,928 basehttp 124 "GET /user/check_phone/18700000000/ HTTP/1.1" 200 16
WARNING 2020-07-10 19:32:11,183 basehttp 124 "POST /user/register/ HTTP/1.1" 400 43
WARNING 2020-07-10 19:32:51,015 basehttp 124 "GET /user/sms/18700000000/ HTTP/1.1" 400 51
INFO 2020-07-10 19:32:53,043 basehttp 124 "GET /user/check_phone/18700000000/ HTTP/1.1" 200 16
WARNING 2020-07-10 19:32:57,760 basehttp 124 "POST /user/register/ HTTP/1.1" 400 43
INFO 2020-07-10 19:33:11,319 basehttp 124 "POST /user/register/ HTTP/1.1" 201 213
INFO 2020-07-10 19:34:10,379 basehttp 124 "GET /user/sms/18700000001/ HTTP/1.1" 200 32
INFO 2020-07-10 19:34:12,250 basehttp 124 "GET /user/check_phone/18700000001/ HTTP/1.1" 200 16
INFO 2020-07-10 19:34:19,399 basehttp 124 "POST /user/register/ HTTP/1.1" 201 213
WARNING 2020-07-10 19:34:55,839 basehttp 124 "GET /user/check_phone/123/ HTTP/1.1" 400 35
WARNING 2020-07-10 19:35:07,856 basehttp 124 "GET /user/check_phone/18700001111/ HTTP/1.1" 400 35
INFO 2020-07-10 19:35:21,407 basehttp 124 "GET /user/sms/18700001234/ HTTP/1.1" 200 32
INFO 2020-07-10 19:35:22,363 basehttp 124 "GET /user/check_phone/18700001234/ HTTP/1.1" 200 16
WARNING 2020-07-10 19:35:24,844 basehttp 124 "GET /user/sms/18700001234/ HTTP/1.1" 400 51
WARNING 2020-07-10 19:36:29,273 basehttp 124 "POST /user/register/ HTTP/1.1" 400 43
INFO 2020-07-10 19:36:40,622 basehttp 124 "POST /user/register/ HTTP/1.1" 201 213
INFO 2020-07-10 19:36:44,737 basehttp 124 "GET /home/nav/ HTTP/1.1" 200 969
INFO 2020-07-10 19:36:44,753 basehttp 124 "GET /home/banner/ HTTP/1.1" 200 349
INFO 2020-07-10 19:36:44,784 basehttp 124 "GET /media/banner/02.png HTTP/1.1" 200 364808
INFO 2020-07-10 19:36:44,788 basehttp 124 "GET /media/banner/01.png HTTP/1.1" 200 737783
INFO 2020-07-10 19:36:44,791 basehttp 124 "GET /media/banner/03.png HTTP/1.1" 200 745382
INFO 2020-07-10 19:37:56,667 basehttp 124 "GET /home/nav/ HTTP/1.1" 200 969
INFO 2020-07-10 19:37:56,670 basehttp 124 "GET /home/banner/ HTTP/1.1" 200 349
INFO 2020-07-11 12:25:19,863 basehttp 124 "GET /home/nav/ HTTP/1.1" 200 969
INFO 2020-07-11 12:25:19,864 basehttp 124 "GET /home/banner/ HTTP/1.1" 200 349
INFO 2020-07-11 12:25:19,904 basehttp 124 "GET /media/banner/02.png HTTP/1.1" 200 364808
INFO 2020-07-11 12:25:19,909 basehttp 124 "GET /media/banner/01.png HTTP/1.1" 200 737783
INFO 2020-07-11 12:25:19,915 basehttp 124 "GET /media/banner/03.png HTTP/1.1" 200 745382
WARNING 2020-07-11 12:25:31,435 basehttp 124 "GET /user/check_phone/18700001111/ HTTP/1.1" 400 35
INFO 2020-07-11 12:25:36,494 basehttp 124 "GET /user/sms/18700001113/ HTTP/1.1" 200 32
INFO 2020-07-11 12:25:38,123 basehttp 124 "GET /user/check_phone/18700001113/ HTTP/1.1" 200 16
INFO 2020-07-11 12:26:29,590 basehttp 124 "OPTIONS /user/register/ HTTP/1.1" 200 0
INFO 2020-07-11 12:26:32,010 basehttp 124 "GET /user/check_phone/18700001113/ HTTP/1.1" 200 16
WARNING 2020-07-11 12:26:33,609 basehttp 124 "POST /user/register/ HTTP/1.1" 400 37
INFO 2020-07-11 12:28:56,116 basehttp 124 "GET /user/check_phone/18700001113/ HTTP/1.1" 200 16
INFO 2020-07-11 12:29:04,284 basehttp 124 "GET /user/check_phone/18700001113/ HTTP/1.1" 200 16
INFO 2020-07-11 12:29:05,736 basehttp 124 "POST /user/register/ HTTP/1.1" 201 213
INFO 2020-07-11 12:29:09,825 basehttp 124 "GET /home/nav/ HTTP/1.1" 200 969
INFO 2020-07-11 12:29:09,828 basehttp 124 "GET /home/banner/ HTTP/1.1" 200 349
WARNING 2020-07-11 12:45:33,781 basehttp 124 "GET /user/check_phone/18700001113/ HTTP/1.1" 400 35
WARNING 2020-07-11 12:45:52,339 basehttp 124 "GET /user/check_phone/18700001113/ HTTP/1.1" 400 35
WARNING 2020-07-11 12:46:05,194 basehttp 124 "GET /user/check_phone/18722482381/ HTTP/1.1" 400 35
INFO 2020-07-11 12:46:39,744 basehttp 124 "GET /user/check_phone/18722482381/ HTTP/1.1" 200 16
INFO 2020-07-11 12:46:54,780 basehttp 124 "GET /user/check_phone/18722482381/ HTTP/1.1" 200 16
WARNING 2020-07-11 12:48:22,910 basehttp 124 "GET /user/check_phone/123/ HTTP/1.1" 400 35
INFO 2020-07-11 12:48:37,840 basehttp 124 "GET /user/check_phone/18722482381/ HTTP/1.1" 200 16
INFO 2020-07-11 12:49:28,131 basehttp 124 "GET /user/sms/18722482381/ HTTP/1.1" 200 32
WARNING 2020-07-11 12:49:37,195 basehttp 124 "POST /user/register/ HTTP/1.1" 400 43
INFO 2020-07-11 12:57:57,186 basehttp 124 "GET /user/sms/18722482384/ HTTP/1.1" 200 32
INFO 2020-07-11 12:57:57,344 basehttp 124 "GET /user/check_phone/18722482384/ HTTP/1.1" 200 16
INFO 2020-07-11 13:03:13,781 basehttp 124 "GET /user/check_phone/18722482381/ HTTP/1.1" 200 16
INFO 2020-07-11 13:03:30,823 basehttp 124 "GET /user/sms/18722482381/ HTTP/1.1" 200 32
INFO 2020-07-11 13:03:56,620 basehttp 124 "POST /user/register/ HTTP/1.1" 201 213
INFO 2020-07-11 13:04:00,701 basehttp 124 "GET /home/nav/ HTTP/1.1" 200 969
INFO 2020-07-11 13:04:00,705 basehttp 124 "GET /home/banner/ HTTP/1.1" 200 349
INFO 2020-07-11 13:07:33,710 basehttp 124 "GET /home/nav/ HTTP/1.1" 200 969
INFO 2020-07-11 13:07:33,732 basehttp 124 "GET /home/banner/ HTTP/1.1" 200 349
INFO 2020-07-11 13:11:02,079 basehttp 124 "GET /home/nav/ HTTP/1.1" 200 969
INFO 2020-07-11 13:11:02,084 basehttp 124 "GET /home/banner/ HTTP/1.1" 200 349
INFO 2020-07-11 13:11:19,814 basehttp 124 "GET /user/captcha/?username=18722482381 HTTP/1.1" 200 140
INFO 2020-07-11 13:11:25,392 basehttp 124 "OPTIONS /user/captcha/ HTTP/1.1" 200 0
INFO 2020-07-11 13:11:25,396 basehttp 124 "POST /user/captcha/ HTTP/1.1" 200 17
INFO 2020-07-11 13:11:25,402 basehttp 124 "OPTIONS /user/login/ HTTP/1.1" 200 0
INFO 2020-07-11 13:11:29,527 basehttp 124 "POST /user/login/ HTTP/1.1" 200 218
INFO 2020-07-11 13:11:33,610 basehttp 124 "GET /home/nav/ HTTP/1.1" 200 969
INFO 2020-07-11 13:11:33,622 basehttp 124 "GET /home/banner/ HTTP/1.1" 200 349
INFO 2020-07-11 13:12:16,921 basehttp 124 "GET /user/captcha/?username=18700001111 HTTP/1.1" 200 140
INFO 2020-07-11 13:12:21,709 basehttp 124 "POST /user/captcha/ HTTP/1.1" 200 17
WARNING 2020-07-11 13:12:25,833 basehttp 124 "POST /user/login/ HTTP/1.1" 400 67
INFO 2020-07-11 13:12:40,356 basehttp 124 "GET /user/captcha/?username=18700001111 HTTP/1.1" 200 140
INFO 2020-07-11 13:12:44,662 basehttp 124 "POST /user/captcha/ HTTP/1.1" 200 17
INFO 2020-07-11 13:12:48,782 basehttp 124 "POST /user/login/ HTTP/1.1" 200 226
INFO 2020-07-11 13:12:52,852 basehttp 124 "GET /home/nav/ HTTP/1.1" 200 969
INFO 2020-07-11 13:12:52,864 basehttp 124 "GET /home/banner/ HTTP/1.1" 200 349
INFO 2020-07-11 13:40:10,770 basehttp 124 "GET /user/sms/18722482381/ HTTP/1.1" 200 32
WARNING 2020-07-11 13:40:26,552 basehttp 124 "GET /user/sms/18722482381/ HTTP/1.1" 400 51
WARNING 2020-07-11 13:40:37,854 basehttp 124 "GET /user/sms/18722482381/ HTTP/1.1" 400 51
INFO 2020-07-11 13:45:30,838 basehttp 124 "GET /user/sms/18722482381/ HTTP/1.1" 200 32
WARNING 2020-07-11 13:45:40,667 basehttp 124 "GET /user/sms/18722482381/ HTTP/1.1" 400 51
INFO 2020-07-11 13:47:22,742 basehttp 124 "GET /user/sms/18722482381/ HTTP/1.1" 200 32
WARNING 2020-07-11 13:47:32,092 basehttp 124 "GET /user/sms/18722482381/ HTTP/1.1" 400 51
WARNING 2020-07-11 13:47:33,703 basehttp 124 "GET /user/sms/18722482381/ HTTP/1.1" 400 51
INFO 2020-07-11 14:24:55,205 basehttp 124 "GET /user/check_phone/18712344321/ HTTP/1.1" 200 16
INFO 2020-07-11 14:25:09,843 basehttp 124 "GET /user/sms/18712344321/ HTTP/1.1" 200 32
INFO 2020-07-11 14:25:22,783 basehttp 124 "POST /user/register/ HTTP/1.1" 201 213
INFO 2020-07-11 14:25:26,902 basehttp 124 "GET /home/nav/ HTTP/1.1" 200 969
INFO 2020-07-11 14:25:26,902 basehttp 124 "GET /home/banner/ HTTP/1.1" 200 349
INFO 2020-07-11 14:25:26,941 basehttp 124 "GET /media/banner/02.png HTTP/1.1" 200 364808
INFO 2020-07-11 14:25:26,946 basehttp 124 "GET /media/banner/03.png HTTP/1.1" 200 745382
INFO 2020-07-11 14:25:26,946 basehttp 124 "GET /media/banner/01.png HTTP/1.1" 200 737783
INFO 2020-07-11 14:29:56,889 basehttp 124 "GET /user/sms/18722482381/ HTTP/1.1" 200 32
INFO 2020-07-11 14:30:04,543 basehttp 124 "OPTIONS /login_by_phone/ HTTP/1.1" 200 0
WARNING 2020-07-11 14:30:04,551 base 93 Not Found: /login_by_phone/
WARNING 2020-07-11 14:30:04,552 basehttp 124 "POST /login_by_phone/ HTTP/1.1" 404 2437
INFO 2020-07-11 14:30:40,768 basehttp 124 "OPTIONS /user/login_by_phone/ HTTP/1.1" 200 0
ERROR 2020-07-11 14:30:40,773 exceptions 18 <user.views.PhoneLoginViewSet object at 0x0000013ACD310358> POST Expected view PhoneLoginViewSet to be called with a URL keyword argument named "number". Fix your URL conf, or set the `.lookup_field` attribute on the view correctly.
ERROR 2020-07-11 14:30:40,774 basehttp 124 "POST /user/login_by_phone/ HTTP/1.1" 500 56
ERROR 2020-07-11 14:31:04,611 exceptions 18 <user.views.PhoneLoginViewSet object at 0x0000013ACD3281D0> POST Expected view PhoneLoginViewSet to be called with a URL keyword argument named "number". Fix your URL conf, or set the `.lookup_field` attribute on the view correctly.
ERROR 2020-07-11 14:31:04,612 basehttp 124 "POST /user/login_by_phone/ HTTP/1.1" 500 56
INFO 2020-07-11 14:36:17,614 basehttp 124 "POST /user/login_by_phone/ HTTP/1.1" 200 16
INFO 2020-07-11 14:37:01,879 basehttp 124 "POST /user/login_by_phone/ HTTP/1.1" 200 16
INFO 2020-07-11 14:46:30,926 basehttp 124 "GET /user/sms/18700001111/ HTTP/1.1" 200 32
WARNING 2020-07-11 14:47:16,527 basehttp 124 "POST /user/sms/login/ HTTP/1.1" 405 46
INFO 2020-07-11 14:47:44,934 basehttp 124 "POST /user/login/ HTTP/1.1" 200 226
INFO 2020-07-11 14:55:44,008 basehttp 124 "GET /user/sms/18722482381/ HTTP/1.1" 200 32
ERROR 2020-07-11 14:55:50,814 exceptions 18 <user.views.PhoneLoginViewSet object at 0x000001CD38570908> POST The field 'login' was declared on serializer UserModelSerializer, but has not been included in the 'fields' option.
ERROR 2020-07-11 14:55:50,815 basehttp 124 "POST /user/login_by_phone/ HTTP/1.1" 500 56
WARNING 2020-07-11 14:56:22,524 basehttp 124 "POST /user/login_by_phone/ HTTP/1.1" 400 97
INFO 2020-07-11 14:57:14,645 basehttp 124 "GET /user/sms/18722482381/ HTTP/1.1" 200 32
WARNING 2020-07-11 14:57:24,166 basehttp 124 "POST /user/login_by_phone/ HTTP/1.1" 400 97
WARNING 2020-07-11 15:01:12,779 basehttp 124 "POST /user/login_by_phone/ HTTP/1.1" 400 31
INFO 2020-07-11 15:04:17,739 basehttp 124 "GET /user/sms/18722482381/ HTTP/1.1" 200 32
WARNING 2020-07-11 15:04:18,974 basehttp 124 "GET /user/check_phone/18722482381/ HTTP/1.1" 400 35
WARNING 2020-07-11 15:05:26,780 basehttp 124 "GET /user/check_phone/18722482381/ HTTP/1.1" 400 35
INFO 2020-07-11 15:06:14,113 basehttp 124 "OPTIONS /user/register/ HTTP/1.1" 200 0
WARNING 2020-07-11 15:06:18,131 basehttp 124 "POST /user/register/ HTTP/1.1" 400 57
WARNING 2020-07-11 15:07:22,414 basehttp 124 "POST /user/register/ HTTP/1.1" 400 57
INFO 2020-07-11 15:07:29,654 basehttp 124 "GET /user/sms/18722482381/ HTTP/1.1" 200 32
WARNING 2020-07-11 15:07:33,571 basehttp 124 "GET /user/check_phone/18722482381/ HTTP/1.1" 400 35
WARNING 2020-07-11 15:07:38,861 basehttp 124 "POST /user/register/ HTTP/1.1" 400 57
WARNING 2020-07-11 15:08:07,580 basehttp 124 "GET /user/check_phone/18700001234/ HTTP/1.1" 400 35
INFO 2020-07-11 15:08:16,512 basehttp 124 "GET /user/check_phone/18700001231/ HTTP/1.1" 200 16
INFO 2020-07-11 15:08:31,360 basehttp 124 "GET /user/sms/18700001231/ HTTP/1.1" 200 32
INFO 2020-07-11 15:08:48,474 basehttp 124 "POST /user/register/ HTTP/1.1" 201 213
INFO 2020-07-11 15:08:52,574 basehttp 124 "GET /home/nav/ HTTP/1.1" 200 969
INFO 2020-07-11 15:08:52,578 basehttp 124 "GET /home/banner/ HTTP/1.1" 200 349
INFO 2020-07-11 15:09:52,402 basehttp 124 "GET /user/sms/18722482381/ HTTP/1.1" 200 32
INFO 2020-07-11 15:10:05,392 basehttp 124 "POST /user/login_by_phone/ HTTP/1.1" 200 33
WARNING 2020-07-11 15:11:12,892 basehttp 124 "POST /user/login_by_phone/ HTTP/1.1" 400 22
INFO 2020-07-11 15:11:54,830 basehttp 124 "GET /user/sms/18722482381/ HTTP/1.1" 200 32
INFO 2020-07-11 15:12:02,963 basehttp 124 "POST /user/login_by_phone/ HTTP/1.1" 200 213
INFO 2020-07-11 15:12:07,033 basehttp 124 "GET /home/nav/ HTTP/1.1" 200 969
INFO 2020-07-11 15:12:07,037 basehttp 124 "GET /home/banner/ HTTP/1.1" 200 349
WARNING 2020-07-11 15:12:19,469 basehttp 124 "GET /user/sms/18722482381/ HTTP/1.1" 400 51
WARNING 2020-07-11 15:12:23,145 basehttp 124 "POST /user/login_by_phone/ HTTP/1.1" 400 22
WARNING 2020-07-11 15:12:30,437 basehttp 124 "POST /user/login_by_phone/ HTTP/1.1" 400 22
WARNING 2020-07-11 15:12:50,661 basehttp 124 "GET /user/sms/18722482381/ HTTP/1.1" 400 51
WARNING 2020-07-11 15:12:52,589 basehttp 124 "POST /user/login_by_phone/ HTTP/1.1" 400 22
WARNING 2020-07-11 15:14:26,501 basehttp 124 "POST /user/login_by_phone/ HTTP/1.1" 400 22
INFO 2020-07-11 15:15:16,157 basehttp 124 "GET /user/sms/18722482381/ HTTP/1.1" 200 32
WARNING 2020-07-11 15:15:18,925 basehttp 124 "POST /user/login_by_phone/ HTTP/1.1" 400 22
INFO 2020-07-11 15:15:35,525 basehttp 124 "POST /user/login_by_phone/ HTTP/1.1" 200 213
INFO 2020-07-11 15:15:39,600 basehttp 124 "GET /home/nav/ HTTP/1.1" 200 969
INFO 2020-07-11 15:15:39,604 basehttp 124 "GET /home/banner/ HTTP/1.1" 200 349
ERROR 2020-07-11 15:15:39,606 basehttp 124 "GET /home/nav/ HTTP/1.1" 500 59
ERROR 2020-07-11 15:15:39,606 basehttp 124 "GET /home/banner/ HTTP/1.1" 500 59
INFO 2020-07-11 15:18:25,686 basehttp 124 "GET /home/banner/ HTTP/1.1" 200 349
INFO 2020-07-11 15:18:25,687 basehttp 124 "GET /home/nav/ HTTP/1.1" 200 969
INFO 2020-07-11 15:23:07,749 basehttp 124 "GET /user/sms/18722482381/ HTTP/1.1" 200 32
WARNING 2020-07-11 15:23:17,828 basehttp 124 "POST /user/login_by_phone/ HTTP/1.1" 400 22
INFO 2020-07-11 15:23:23,911 basehttp 124 "POST /user/login_by_phone/ HTTP/1.1" 200 213
INFO 2020-07-11 15:23:27,985 basehttp 124 "GET /home/nav/ HTTP/1.1" 200 969
INFO 2020-07-11 15:23:28,000 basehttp 124 "GET /home/banner/ HTTP/1.1" 200 349
INFO 2020-07-11 15:27:59,715 basehttp 124 "GET /user/sms/18722482381/ HTTP/1.1" 200 32
INFO 2020-07-11 15:28:24,443 basehttp 124 "POST /user/login_by_phone/ HTTP/1.1" 200 213
INFO 2020-07-11 15:28:28,518 basehttp 124 "GET /home/nav/ HTTP/1.1" 200 969
INFO 2020-07-11 15:28:28,521 basehttp 124 "GET /home/banner/ HTTP/1.1" 200 349
INFO 2020-07-12 18:14:36,447 basehttp 124 "GET /home/nav/ HTTP/1.1" 200 969
INFO 2020-07-12 18:14:36,450 basehttp 124 "GET /home/banner/ HTTP/1.1" 200 349
INFO 2020-07-12 18:14:36,492 basehttp 124 "GET /media/banner/02.png HTTP/1.1" 200 364808
INFO 2020-07-12 18:14:36,497 basehttp 124 "GET /media/banner/01.png HTTP/1.1" 200 737783
INFO 2020-07-12 18:14:36,500 basehttp 124 "GET /media/banner/03.png HTTP/1.1" 200 745382
INFO 2020-07-12 18:14:55,589 basehttp 124 "GET /home/nav/ HTTP/1.1" 200 969
INFO 2020-07-12 18:14:55,594 basehttp 124 "GET /home/banner/ HTTP/1.1" 200 349
INFO 2020-07-12 18:17:55,619 basehttp 124 "GET /user/captcha/?username=admin HTTP/1.1" 200 140
INFO 2020-07-12 18:18:01,116 basehttp 124 "OPTIONS /user/captcha/ HTTP/1.1" 200 0
INFO 2020-07-12 18:18:01,120 basehttp 124 "POST /user/captcha/ HTTP/1.1" 200 17
INFO 2020-07-12 18:18:01,128 basehttp 124 "OPTIONS /user/login/ HTTP/1.1" 200 0
INFO 2020-07-12 18:18:05,243 basehttp 124 "POST /user/login/ HTTP/1.1" 200 226
INFO 2020-07-12 18:18:09,317 basehttp 124 "GET /home/nav/ HTTP/1.1" 200 969
INFO 2020-07-12 18:18:09,331 basehttp 124 "GET /home/banner/ HTTP/1.1" 200 349
INFO 2020-07-12 18:18:27,848 basehttp 124 "GET /home/banner/ HTTP/1.1" 200 349
INFO 2020-07-12 18:18:27,849 basehttp 124 "GET /home/nav/ HTTP/1.1" 200 969
INFO 2020-07-12 18:18:31,867 basehttp 124 "GET /home/banner/ HTTP/1.1" 200 349
INFO 2020-07-12 18:18:31,872 basehttp 124 "GET /home/nav/ HTTP/1.1" 200 969
INFO 2020-07-12 18:18:41,343 basehttp 124 "GET /user/captcha/?username=admin HTTP/1.1" 200 140
INFO 2020-07-12 18:18:46,749 basehttp 124 "OPTIONS /user/captcha/ HTTP/1.1" 200 0
INFO 2020-07-12 18:18:46,752 basehttp 124 "POST /user/captcha/ HTTP/1.1" 200 17
INFO 2020-07-12 18:18:46,758 basehttp 124 "OPTIONS /user/login/ HTTP/1.1" 200 0
INFO 2020-07-12 18:18:50,872 basehttp 124 "POST /user/login/ HTTP/1.1" 200 226
INFO 2020-07-12 18:18:54,944 basehttp 124 "GET /home/nav/ HTTP/1.1" 200 969
INFO 2020-07-12 18:18:54,948 basehttp 124 "GET /home/banner/ HTTP/1.1" 200 349
INFO 2020-07-12 18:19:03,453 basehttp 124 "GET /home/banner/ HTTP/1.1" 200 349
INFO 2020-07-12 18:19:03,456 basehttp 124 "GET /home/nav/ HTTP/1.1" 200 969
INFO 2020-07-12 18:20:38,853 basehttp 124 "GET /user/captcha/?username=18700001111 HTTP/1.1" 200 140
INFO 2020-07-12 18:20:46,879 basehttp 124 "OPTIONS /user/captcha/ HTTP/1.1" 200 0
INFO 2020-07-12 18:20:46,883 basehttp 124 "POST /user/captcha/ HTTP/1.1" 200 17
INFO 2020-07-12 18:20:46,888 basehttp 124 "OPTIONS /user/login/ HTTP/1.1" 200 0
INFO 2020-07-12 18:20:51,003 basehttp 124 "POST /user/login/ HTTP/1.1" 200 226
INFO 2020-07-12 18:20:55,075 basehttp 124 "GET /home/nav/ HTTP/1.1" 200 969
INFO 2020-07-12 18:20:55,083 basehttp 124 "GET /home/banner/ HTTP/1.1" 200 349
INFO 2020-07-12 18:21:05,191 basehttp 124 "GET /user/sms/18722482381/ HTTP/1.1" 200 32
INFO 2020-07-12 18:21:17,065 basehttp 124 "OPTIONS /user/login_by_phone/ HTTP/1.1" 200 0
WARNING 2020-07-12 18:21:17,075 basehttp 124 "POST /user/login_by_phone/ HTTP/1.1" 400 22
INFO 2020-07-12 18:21:30,273 basehttp 124 "POST /user/login_by_phone/ HTTP/1.1" 200 213
INFO 2020-07-12 18:21:34,311 basehttp 124 "GET /home/nav/ HTTP/1.1" 200 969
INFO 2020-07-12 18:21:34,324 basehttp 124 "GET /home/banner/ HTTP/1.1" 200 349
INFO 2020-07-12 18:22:03,605 basehttp 124 "GET /home/banner/ HTTP/1.1" 200 349
INFO 2020-07-12 18:22:03,609 basehttp 124 "GET /home/nav/ HTTP/1.1" 200 969
WARNING 2020-07-12 18:22:14,854 basehttp 124 "GET /user/check_phone/123456/ HTTP/1.1" 400 35
INFO 2020-07-12 18:22:17,364 basehttp 124 "OPTIONS /user/register/ HTTP/1.1" 200 0
WARNING 2020-07-12 18:22:21,382 basehttp 124 "POST /user/register/ HTTP/1.1" 400 77
INFO 2020-07-12 18:22:32,218 basehttp 124 "GET /user/sms/18722482381/ HTTP/1.1" 200 32
WARNING 2020-07-12 18:22:35,177 basehttp 124 "GET /user/check_phone/18722482381/ HTTP/1.1" 400 35
INFO 2020-07-12 18:23:43,742 basehttp 124 "GET /home/banner/ HTTP/1.1" 200 349
INFO 2020-07-12 18:23:43,742 basehttp 124 "GET /home/nav/ HTTP/1.1" 200 969
INFO 2020-07-12 18:23:59,984 basehttp 124 "GET /home/nav/ HTTP/1.1" 200 969
INFO 2020-07-12 18:23:59,995 basehttp 124 "GET /home/banner/ HTTP/1.1" 200 349
WARNING 2020-07-12 18:24:12,517 basehttp 124 "GET /user/check_phone/18700001111/ HTTP/1.1" 400 35
INFO 2020-07-12 18:24:20,161 basehttp 124 "GET /user/sms/18722482381/ HTTP/1.1" 200 32
INFO 2020-07-12 18:24:23,899 basehttp 124 "GET /user/check_phone/18722482381/ HTTP/1.1" 200 16
WARNING 2020-07-12 18:24:33,334 basehttp 124 "POST /user/register/ HTTP/1.1" 400 43
INFO 2020-07-12 18:24:46,132 basehttp 124 "POST /user/register/ HTTP/1.1" 201 216
INFO 2020-07-12 18:24:50,210 basehttp 124 "GET /home/nav/ HTTP/1.1" 200 969
INFO 2020-07-12 18:24:50,217 basehttp 124 "GET /home/banner/ HTTP/1.1" 200 349
INFO 2020-07-12 18:25:14,435 basehttp 124 "GET /user/captcha/?username=18722482381 HTTP/1.1" 200 140
INFO 2020-07-12 18:25:19,315 basehttp 124 "POST /user/captcha/ HTTP/1.1" 200 17
WARNING 2020-07-12 18:25:23,434 basehttp 124 "POST /user/login/ HTTP/1.1" 400 67
INFO 2020-07-12 18:25:32,831 basehttp 124 "GET /user/captcha/?username=18722482381 HTTP/1.1" 200 140
INFO 2020-07-12 18:25:37,636 basehttp 124 "POST /user/captcha/ HTTP/1.1" 200 17
INFO 2020-07-12 18:25:41,757 basehttp 124 "POST /user/login/ HTTP/1.1" 200 221
INFO 2020-07-12 18:25:45,809 basehttp 124 "GET /home/nav/ HTTP/1.1" 200 969
INFO 2020-07-12 18:25:45,813 basehttp 124 "GET /home/banner/ HTTP/1.1" 200 349
INFO 2020-07-12 18:25:54,606 basehttp 124 "GET /home/nav/ HTTP/1.1" 200 969
INFO 2020-07-12 18:25:54,609 basehttp 124 "GET /home/banner/ HTTP/1.1" 200 349
INFO 2020-07-12 18:26:13,449 basehttp 124 "GET /user/captcha/?username=18700001111 HTTP/1.1" 200 140
INFO 2020-07-12 18:26:18,739 basehttp 124 "OPTIONS /user/captcha/ HTTP/1.1" 200 0
INFO 2020-07-12 18:26:18,744 basehttp 124 "POST /user/captcha/ HTTP/1.1" 200 17
INFO 2020-07-12 18:26:18,752 basehttp 124 "OPTIONS /user/login/ HTTP/1.1" 200 0
INFO 2020-07-12 18:26:22,867 basehttp 124 "POST /user/login/ HTTP/1.1" 200 226
INFO 2020-07-12 18:26:26,937 basehttp 124 "GET /home/nav/ HTTP/1.1" 200 969
INFO 2020-07-12 18:26:26,941 basehttp 124 "GET /home/banner/ HTTP/1.1" 200 349
INFO 2020-07-12 18:26:37,883 basehttp 124 "GET /home/banner/ HTTP/1.1" 200 349
INFO 2020-07-12 18:26:37,883 basehttp 124 "GET /home/nav/ HTTP/1.1" 200 969
INFO 2020-07-12 18:26:51,269 basehttp 124 "GET /user/captcha/?username=admin HTTP/1.1" 200 140
INFO 2020-07-12 18:26:57,047 basehttp 124 "OPTIONS /user/captcha/ HTTP/1.1" 200 0
INFO 2020-07-12 18:26:57,052 basehttp 124 "POST /user/captcha/ HTTP/1.1" 200 17
INFO 2020-07-12 18:26:57,057 basehttp 124 "OPTIONS /user/login/ HTTP/1.1" 200 0
INFO 2020-07-12 18:27:01,173 basehttp 124 "POST /user/login/ HTTP/1.1" 200 226
INFO 2020-07-12 18:27:05,246 basehttp 124 "GET /home/nav/ HTTP/1.1" 200 969
INFO 2020-07-12 18:27:05,251 basehttp 124 "GET /home/banner/ HTTP/1.1" 200 349
INFO 2020-07-12 18:27:15,657 basehttp 124 "GET /user/sms/187224823811/ HTTP/1.1" 200 32
INFO 2020-07-12 18:27:24,850 basehttp 124 "OPTIONS /user/login_by_phone/ HTTP/1.1" 200 0
WARNING 2020-07-12 18:27:24,856 basehttp 124 "POST /user/login_by_phone/ HTTP/1.1" 400 25
WARNING 2020-07-12 18:27:31,136 basehttp 124 "POST /user/login_by_phone/ HTTP/1.1" 400 25
INFO 2020-07-12 18:28:25,256 basehttp 124 "GET /user/sms/18722482381289/ HTTP/1.1" 200 32
INFO 2020-07-12 18:29:08,836 basehttp 124 "GET /home/nav/ HTTP/1.1" 200 969
INFO 2020-07-12 18:29:08,840 basehttp 124 "GET /home/banner/ HTTP/1.1" 200 349
INFO 2020-07-12 18:29:22,104 basehttp 124 "GET /home/nav/ HTTP/1.1" 200 969
INFO 2020-07-12 18:29:22,106 basehttp 124 "GET /home/banner/ HTTP/1.1" 200 349
WARNING 2020-07-12 18:29:32,507 basehttp 124 "GET /user/check_phone/123/ HTTP/1.1" 400 35
WARNING 2020-07-12 18:29:41,700 basehttp 124 "GET /user/check_phone/123/ HTTP/1.1" 400 35
WARNING 2020-07-12 18:29:45,256 basehttp 124 "GET /user/check_phone/123/ HTTP/1.1" 400 35
WARNING 2020-07-12 18:29:52,494 basehttp 124 "GET /user/check_phone/123/ HTTP/1.1" 400 35
WARNING 2020-07-12 18:30:01,859 basehttp 124 "GET /user/check_phone/123/ HTTP/1.1" 400 35
INFO 2020-07-12 18:30:07,544 basehttp 124 "GET /home/nav/ HTTP/1.1" 200 969
INFO 2020-07-12 18:30:07,548 basehttp 124 "GET /home/banner/ HTTP/1.1" 200 349
INFO 2020-07-12 18:30:22,108 basehttp 124 "GET /home/nav/ HTTP/1.1" 200 969
INFO 2020-07-12 18:30:22,113 basehttp 124 "GET /home/banner/ HTTP/1.1" 200 349
WARNING 2020-07-12 18:30:29,597 basehttp 124 "GET /user/check_phone/123/ HTTP/1.1" 400 35
WARNING 2020-07-12 18:30:41,409 basehttp 124 "GET /user/check_phone/18700001111/ HTTP/1.1" 400 35
INFO 2020-07-12 18:30:48,374 basehttp 124 "GET /user/sms/18722482381/ HTTP/1.1" 200 32
INFO 2020-07-12 18:30:52,137 basehttp 124 "GET /user/check_phone/18722482381/ HTTP/1.1" 200 16
INFO 2020-07-12 18:30:54,377 basehttp 124 "OPTIONS /user/register/ HTTP/1.1" 200 0
WARNING 2020-07-12 18:30:58,398 basehttp 124 "POST /user/register/ HTTP/1.1" 400 43
INFO 2020-07-12 18:31:49,249 basehttp 124 "GET /home/nav/ HTTP/1.1" 200 969
INFO 2020-07-12 18:31:49,250 basehttp 124 "GET /home/banner/ HTTP/1.1" 200 349
INFO 2020-07-12 18:36:11,035 basehttp 124 "GET /home/banner/ HTTP/1.1" 200 349
INFO 2020-07-12 18:36:11,035 basehttp 124 "GET /home/nav/ HTTP/1.1" 200 969
WARNING 2020-07-12 18:36:24,967 basehttp 124 "GET /user/check_phone/18700001111/ HTTP/1.1" 400 35
WARNING 2020-07-12 18:36:28,727 basehttp 124 "GET /user/check_phone/18700123/ HTTP/1.1" 400 35
INFO 2020-07-12 18:36:38,983 basehttp 124 "GET /user/sms/18722482381/ HTTP/1.1" 200 32
INFO 2020-07-12 18:36:40,151 basehttp 124 "GET /user/check_phone/18722482381/ HTTP/1.1" 200 16
WARNING 2020-07-12 18:36:51,162 basehttp 124 "POST /user/register/ HTTP/1.1" 400 43
INFO 2020-07-12 18:41:41,168 basehttp 124 "GET /user/check_phone/18722482381/ HTTP/1.1" 200 16
INFO 2020-07-12 18:43:14,483 basehttp 124 "GET /home/banner/ HTTP/1.1" 200 349
INFO 2020-07-12 18:43:14,483 basehttp 124 "GET /home/nav/ HTTP/1.1" 200 969
INFO 2020-07-12 18:43:26,307 basehttp 124 "GET /home/nav/ HTTP/1.1" 200 969
INFO 2020-07-12 18:43:26,318 basehttp 124 "GET /home/banner/ HTTP/1.1" 200 349
INFO 2020-07-12 18:43:40,680 basehttp 124 "GET /user/check_phone/18802261521/ HTTP/1.1" 200 16
WARNING 2020-07-12 18:43:46,587 basehttp 124 "GET /user/check_phone/18700001111/ HTTP/1.1" 400 35
WARNING 2020-07-12 18:43:51,072 basehttp 124 "GET /user/check_phone/1870/ HTTP/1.1" 400 35
WARNING 2020-07-12 18:43:54,104 basehttp 124 "GET /user/check_phone/1870/ HTTP/1.1" 400 35
WARNING 2020-07-12 18:43:55,794 basehttp 124 "GET /user/check_phone/1870/ HTTP/1.1" 400 35
INFO 2020-07-12 18:44:02,870 basehttp 124 "GET /user/check_phone/18802261521/ HTTP/1.1" 200 16
INFO 2020-07-12 18:44:03,184 basehttp 124 "GET /user/sms/18802261521/ HTTP/1.1" 200 32
WARNING 2020-07-12 18:44:29,443 basehttp 124 "POST /user/register/ HTTP/1.1" 400 43
INFO 2020-07-12 18:44:40,870 basehttp 124 "POST /user/register/ HTTP/1.1" 201 216
INFO 2020-07-12 18:44:44,967 basehttp 124 "GET /home/nav/ HTTP/1.1" 200 969
INFO 2020-07-12 18:44:44,968 basehttp 124 "GET /home/banner/ HTTP/1.1" 200 349
INFO 2020-07-12 18:45:09,397 basehttp 124 "GET /user/captcha/?username=18802261521 HTTP/1.1" 200 140
INFO 2020-07-12 18:45:13,780 basehttp 124 "POST /user/captcha/ HTTP/1.1" 200 17
INFO 2020-07-12 18:45:17,898 basehttp 124 "POST /user/login/ HTTP/1.1" 200 221
INFO 2020-07-12 18:45:21,946 basehttp 124 "GET /home/nav/ HTTP/1.1" 200 969
INFO 2020-07-12 18:45:21,952 basehttp 124 "GET /home/banner/ HTTP/1.1" 200 349
INFO 2020-07-12 18:45:40,161 basehttp 124 "GET /user/captcha/?username=18700001111 HTTP/1.1" 200 140
INFO 2020-07-12 18:45:44,563 basehttp 124 "POST /user/captcha/ HTTP/1.1" 200 17
INFO 2020-07-12 18:45:48,687 basehttp 124 "POST /user/login/ HTTP/1.1" 200 226
INFO 2020-07-12 18:45:52,733 basehttp 124 "GET /home/nav/ HTTP/1.1" 200 969
INFO 2020-07-12 18:45:52,736 basehttp 124 "GET /home/banner/ HTTP/1.1" 200 349
INFO 2020-07-12 18:46:02,783 basehttp 124 "GET /home/nav/ HTTP/1.1" 200 969
INFO 2020-07-12 18:46:02,798 basehttp 124 "GET /home/banner/ HTTP/1.1" 200 349
INFO 2020-07-12 18:46:17,064 basehttp 124 "GET /user/captcha/?username=admin HTTP/1.1" 200 140
INFO 2020-07-12 18:46:23,177 basehttp 124 "OPTIONS /user/captcha/ HTTP/1.1" 200 0
INFO 2020-07-12 18:46:23,183 basehttp 124 "POST /user/captcha/ HTTP/1.1" 200 17
INFO 2020-07-12 18:46:23,190 basehttp 124 "OPTIONS /user/login/ HTTP/1.1" 200 0
INFO 2020-07-12 18:46:27,307 basehttp 124 "POST /user/login/ HTTP/1.1" 200 226
INFO 2020-07-12 18:46:31,383 basehttp 124 "GET /home/nav/ HTTP/1.1" 200 969
INFO 2020-07-12 18:46:31,387 basehttp 124 "GET /home/banner/ HTTP/1.1" 200 349
INFO 2020-07-12 18:46:38,886 basehttp 124 "GET /user/captcha/?username=admin HTTP/1.1" 200 140
INFO 2020-07-12 18:46:43,972 basehttp 124 "POST /user/captcha/ HTTP/1.1" 200 17
WARNING 2020-07-12 18:46:48,094 basehttp 124 "POST /user/login/ HTTP/1.1" 400 67
INFO 2020-07-12 18:47:07,760 basehttp 124 "GET /user/sms/18802261521/ HTTP/1.1" 200 32
INFO 2020-07-12 18:47:15,387 basehttp 124 "OPTIONS /user/login_by_phone/ HTTP/1.1" 200 0
WARNING 2020-07-12 18:47:15,392 basehttp 124 "POST /user/login_by_phone/ HTTP/1.1" 400 22
INFO 2020-07-12 18:47:32,189 basehttp 124 "POST /user/login_by_phone/ HTTP/1.1" 200 216
INFO 2020-07-12 18:47:36,248 basehttp 124 "GET /home/nav/ HTTP/1.1" 200 969
INFO 2020-07-12 18:47:36,252 basehttp 124 "GET /home/banner/ HTTP/1.1" 200 349
